十二月 27, 2016 3:36:47 下午 org.apache.catalina.startup.VersionLoggerListener log
信息: Server version:        Apache Tomcat/7.0.57
十二月 27, 2016 3:36:47 下午 org.apache.catalina.startup.VersionLoggerListener log
信息: Server built:          Nov 3 2014 08:39:16 UTC
十二月 27, 2016 3:36:47 下午 org.apache.catalina.startup.VersionLoggerListener log
信息: Server number:         7.0.57.0
十二月 27, 2016 3:36:47 下午 org.apache.catalina.startup.VersionLoggerListener log
信息: OS Name:               Windows 10
十二月 27, 2016 3:36:47 下午 org.apache.catalina.startup.VersionLoggerListener log
信息: OS Version:            10.0
十二月 27, 2016 3:36:47 下午 org.apache.catalina.startup.VersionLoggerListener log
信息: Architecture:          amd64
十二月 27, 2016 3:36:47 下午 org.apache.catalina.startup.VersionLoggerListener log
信息: JAVA_HOME:             D:\code\mycode\project-weixin\infrastructure\jdk\default\jre
十二月 27, 2016 3:36:47 下午 org.apache.catalina.startup.VersionLoggerListener log
信息: JVM Version:           1.8.0_102-b14
十二月 27, 2016 3:36:47 下午 org.apache.catalina.startup.VersionLoggerListener log
信息: JVM Vendor:            Oracle Corporation
十二月 27, 2016 3:36:47 下午 org.apache.catalina.startup.VersionLoggerListener log
信息: CATALINA_BASE:         D:\code\mycode\project-weixin\infrastructure\tomcat\default
十二月 27, 2016 3:36:47 下午 org.apache.catalina.startup.VersionLoggerListener log
信息: CATALINA_HOME:         D:\code\mycode\project-weixin\infrastructure\tomcat\default
十二月 27, 2016 3:36:47 下午 org.apache.catalina.startup.VersionLoggerListener log
信息: Command line argument: -Xmx1024m
十二月 27, 2016 3:36:47 下午 org.apache.catalina.startup.VersionLoggerListener log
信息: Command line argument: -XX:MaxNewSize=256m
十二月 27, 2016 3:36:47 下午 org.apache.catalina.startup.VersionLoggerListener log
信息: Command line argument: -XX:MaxPermSize=256m
十二月 27, 2016 3:36:47 下午 org.apache.catalina.startup.VersionLoggerListener log
信息: Command line argument: -Djava.awt.headless=true
十二月 27, 2016 3:36:47 下午 org.apache.catalina.startup.VersionLoggerListener log
信息: Command line argument: -Xdebug
十二月 27, 2016 3:36:47 下午 org.apache.catalina.startup.VersionLoggerListener log
信息: Command line argument: -Xnoagent
十二月 27, 2016 3:36:47 下午 org.apache.catalina.startup.VersionLoggerListener log
信息: Command line argument: -Xrunjdwp:transport=dt_socket,address=7777,server=y,suspend=n
十二月 27, 2016 3:36:47 下午 org.apache.catalina.startup.VersionLoggerListener log
信息: Command line argument: -DTOMCAT_PORT_HTTP=80
十二月 27, 2016 3:36:47 下午 org.apache.catalina.startup.VersionLoggerListener log
信息: Command line argument: -DTOMCAT_PORT_HTTPS=8443
十二月 27, 2016 3:36:47 下午 org.apache.catalina.startup.VersionLoggerListener log
信息: Command line argument: -DPROFILE_STAMP=a8ee23155196791ddf5e4d0bd86bd8db
十二月 27, 2016 3:36:47 下午 org.apache.catalina.startup.VersionLoggerListener log
信息: Command line argument: -DINSTANCE_STAMP=a8ee23155196791ddf5e4d0bd86bd8db.1482824200794
十二月 27, 2016 3:36:47 下午 org.apache.catalina.startup.VersionLoggerListener log
信息: Command line argument: -Djava.util.logging.config.file=D:\code\mycode\project-weixin\infrastructure\tomcat\default\conf\logging.properties
十二月 27, 2016 3:36:47 下午 org.apache.catalina.startup.VersionLoggerListener log
信息: Command line argument: -Djava.util.logging.manager=org.apache.juli.ClassLoaderLogManager
十二月 27, 2016 3:36:47 下午 org.apache.catalina.startup.VersionLoggerListener log
信息: Command line argument: -Djava.endorsed.dirs=D:\code\mycode\project-weixin\infrastructure\tomcat\default\endorsed
十二月 27, 2016 3:36:47 下午 org.apache.catalina.startup.VersionLoggerListener log
信息: Command line argument: -Dcatalina.base=D:\code\mycode\project-weixin\infrastructure\tomcat\default
十二月 27, 2016 3:36:47 下午 org.apache.catalina.startup.VersionLoggerListener log
信息: Command line argument: -Dcatalina.home=D:\code\mycode\project-weixin\infrastructure\tomcat\default
十二月 27, 2016 3:36:47 下午 org.apache.catalina.startup.VersionLoggerListener log
信息: Command line argument: -Djava.io.tmpdir=D:\code\mycode\project-weixin\infrastructure\tomcat\default\temp
十二月 27, 2016 3:36:47 下午 org.apache.catalina.core.AprLifecycleListener lifecycleEvent
信息: The APR based Apache Tomcat Native library which allows optimal performance in production environments was not found on the java.library.path: D:\code\mycode\project-weixin\infrastructure\jdk\default\bin;C:\WINDOWS\Sun\Java\bin;C:\WINDOWS\system32;C:\WINDOWS;C:\ProgramData\Oracle\Java\javapath;C:\WINDOWS\system32;C:\WINDOWS;C:\WINDOWS\System32\Wbem;C:\WINDOWS\System32\WindowsPowerShell\v1.0\;C:\Program Files (x86)\Intel\OpenCL SDK\2.0\bin\x86;C:\Program Files (x86)\Intel\OpenCL SDK\2.0\bin\x64;D:\Program Files\Java\jdk1.8.0_102\bin;D:\Program Files\TortoiseSVN\bin;D:\env\gradle-3.0\bin;D:\Program Files\nodejs\;C:\Users\wangxh\AppData\Roaming\npm;%USERPROFILE%\AppData\Local\Microsoft\WindowsApps;.
十二月 27, 2016 3:36:49 下午 org.apache.coyote.AbstractProtocol init
信息: Initializing ProtocolHandler ["http-bio-80"]
十二月 27, 2016 3:36:50 下午 org.apache.coyote.AbstractProtocol init
信息: Initializing ProtocolHandler ["http-bio-8443"]
十二月 27, 2016 3:36:52 下午 org.apache.catalina.startup.Catalina load
信息: Initialization processed in 9111 ms
十二月 27, 2016 3:36:52 下午 org.apache.catalina.core.StandardService startInternal
信息: Starting service Catalina
十二月 27, 2016 3:36:52 下午 org.apache.catalina.core.StandardEngine startInternal
信息: Starting Servlet Engine: Apache Tomcat/7.0.57
十二月 27, 2016 3:36:53 下午 org.apache.catalina.startup.HostConfig deployDescriptor
信息: Deploying configuration descriptor D:\code\mycode\project-weixin\infrastructure\tomcat\default\conf\Catalina\localhost\Weixin.xml
十二月 27, 2016 3:37:07 下午 org.apache.catalina.startup.HostConfig deployDescriptor
信息: Deployment of configuration descriptor D:\code\mycode\project-weixin\infrastructure\tomcat\default\conf\Catalina\localhost\Weixin.xml has finished in 14,376 ms
十二月 27, 2016 3:37:07 下午 org.apache.catalina.startup.HostConfig deployDirectory
信息: Deploying web application directory D:\code\mycode\project-weixin\infrastructure\tomcat\default\webapps\docs
十二月 27, 2016 3:37:07 下午 org.apache.catalina.startup.HostConfig deployDirectory
信息: Deployment of web application directory D:\code\mycode\project-weixin\infrastructure\tomcat\default\webapps\docs has finished in 175 ms
十二月 27, 2016 3:37:07 下午 org.apache.catalina.startup.HostConfig deployDirectory
信息: Deploying web application directory D:\code\mycode\project-weixin\infrastructure\tomcat\default\webapps\examples
十二月 27, 2016 3:37:10 下午 org.apache.catalina.startup.HostConfig deployDirectory
信息: Deployment of web application directory D:\code\mycode\project-weixin\infrastructure\tomcat\default\webapps\examples has finished in 2,792 ms
十二月 27, 2016 3:37:10 下午 org.apache.catalina.startup.HostConfig deployDirectory
信息: Deploying web application directory D:\code\mycode\project-weixin\infrastructure\tomcat\default\webapps\host-manager
十二月 27, 2016 3:37:10 下午 org.apache.catalina.startup.HostConfig deployDirectory
信息: Deployment of web application directory D:\code\mycode\project-weixin\infrastructure\tomcat\default\webapps\host-manager has finished in 206 ms
十二月 27, 2016 3:37:10 下午 org.apache.catalina.startup.HostConfig deployDirectory
信息: Deploying web application directory D:\code\mycode\project-weixin\infrastructure\tomcat\default\webapps\manager
十二月 27, 2016 3:37:10 下午 org.apache.catalina.startup.HostConfig deployDirectory
信息: Deployment of web application directory D:\code\mycode\project-weixin\infrastructure\tomcat\default\webapps\manager has finished in 151 ms
十二月 27, 2016 3:37:10 下午 org.apache.catalina.startup.HostConfig deployDirectory
信息: Deploying web application directory D:\code\mycode\project-weixin\infrastructure\tomcat\default\webapps\ROOT
十二月 27, 2016 3:37:10 下午 org.apache.catalina.startup.HostConfig deployDirectory
信息: Deployment of web application directory D:\code\mycode\project-weixin\infrastructure\tomcat\default\webapps\ROOT has finished in 99 ms
十二月 27, 2016 3:37:10 下午 org.apache.coyote.AbstractProtocol start
信息: Starting ProtocolHandler ["http-bio-80"]
十二月 27, 2016 3:37:10 下午 org.apache.coyote.AbstractProtocol start
信息: Starting ProtocolHandler ["http-bio-8443"]
十二月 27, 2016 3:37:10 下午 org.apache.catalina.startup.Catalina start
信息: Server startup in 17999 ms
十二月 27, 2016 7:30:05 下午 org.apache.catalina.core.StandardContext reload
信息: Reloading Context with name [/Weixin] has started
十二月 27, 2016 7:30:05 下午 org.apache.catalina.loader.WebappClassLoader clearReferencesJdbc
严重: The web application [/Weixin] registered the JDBC driver [com.mysql.jdbc.Driver] but failed to unregister it when the web application was stopped. To prevent a memory leak, the JDBC Driver has been forcibly unregistered.
十二月 27, 2016 7:30:05 下午 org.apache.catalina.loader.WebappClassLoader clearReferencesThreads
严重: The web application [/Weixin] appears to have started a thread named [Abandoned connection cleanup thread] but has failed to stop it. This is very likely to create a memory leak.
十二月 27, 2016 7:30:05 下午 org.apache.catalina.loader.WebappClassLoader clearReferencesThreads
严重: The web application [/Weixin] appears to have started a thread named [Timer-0] but has failed to stop it. This is very likely to create a memory leak.
十二月 27, 2016 7:30:15 下午 org.apache.catalina.core.StandardContext reload
信息: Reloading Context with name [/Weixin] is completed
十二月 27, 2016 7:31:05 下午 org.apache.catalina.core.StandardContext reload
信息: Reloading Context with name [/Weixin] has started
十二月 27, 2016 7:31:05 下午 org.apache.catalina.loader.WebappClassLoader clearReferencesJdbc
严重: The web application [/Weixin] registered the JDBC driver [com.mysql.jdbc.Driver] but failed to unregister it when the web application was stopped. To prevent a memory leak, the JDBC Driver has been forcibly unregistered.
十二月 27, 2016 7:31:05 下午 org.apache.catalina.loader.WebappClassLoader clearReferencesThreads
严重: The web application [/Weixin] appears to have started a thread named [Abandoned connection cleanup thread] but has failed to stop it. This is very likely to create a memory leak.
十二月 27, 2016 7:31:05 下午 org.apache.catalina.loader.WebappClassLoader clearReferencesThreads
严重: The web application [/Weixin] appears to have started a thread named [Timer-1] but has failed to stop it. This is very likely to create a memory leak.
十二月 27, 2016 7:31:11 下午 org.apache.catalina.core.StandardContext reload
信息: Reloading Context with name [/Weixin] is completed
十二月 27, 2016 7:31:51 下午 org.apache.catalina.core.StandardContext reload
信息: Reloading Context with name [/Weixin] has started
十二月 27, 2016 7:31:51 下午 org.apache.catalina.loader.WebappClassLoader clearReferencesJdbc
严重: The web application [/Weixin] registered the JDBC driver [com.mysql.jdbc.Driver] but failed to unregister it when the web application was stopped. To prevent a memory leak, the JDBC Driver has been forcibly unregistered.
十二月 27, 2016 7:31:51 下午 org.apache.catalina.loader.WebappClassLoader clearReferencesThreads
严重: The web application [/Weixin] appears to have started a thread named [Abandoned connection cleanup thread] but has failed to stop it. This is very likely to create a memory leak.
十二月 27, 2016 7:31:51 下午 org.apache.catalina.loader.WebappClassLoader clearReferencesThreads
严重: The web application [/Weixin] appears to have started a thread named [Timer-2] but has failed to stop it. This is very likely to create a memory leak.
十二月 27, 2016 7:31:58 下午 org.apache.catalina.core.StandardContext reload
信息: Reloading Context with name [/Weixin] is completed
十二月 27, 2016 7:32:08 下午 org.apache.catalina.core.StandardContext reload
信息: Reloading Context with name [/Weixin] has started
十二月 27, 2016 7:32:08 下午 org.apache.catalina.loader.WebappClassLoader clearReferencesJdbc
严重: The web application [/Weixin] registered the JDBC driver [com.mysql.jdbc.Driver] but failed to unregister it when the web application was stopped. To prevent a memory leak, the JDBC Driver has been forcibly unregistered.
十二月 27, 2016 7:32:08 下午 org.apache.catalina.loader.WebappClassLoader clearReferencesThreads
严重: The web application [/Weixin] appears to have started a thread named [Abandoned connection cleanup thread] but has failed to stop it. This is very likely to create a memory leak.
十二月 27, 2016 7:32:08 下午 org.apache.catalina.loader.WebappClassLoader clearReferencesThreads
严重: The web application [/Weixin] appears to have started a thread named [Timer-3] but has failed to stop it. This is very likely to create a memory leak.
十二月 27, 2016 7:32:14 下午 org.apache.catalina.core.StandardContext reload
信息: Reloading Context with name [/Weixin] is completed
十二月 27, 2016 7:32:34 下午 org.apache.catalina.core.StandardContext reload
信息: Reloading Context with name [/Weixin] has started
十二月 27, 2016 7:32:34 下午 org.apache.catalina.loader.WebappClassLoader clearReferencesJdbc
严重: The web application [/Weixin] registered the JDBC driver [com.mysql.jdbc.Driver] but failed to unregister it when the web application was stopped. To prevent a memory leak, the JDBC Driver has been forcibly unregistered.
十二月 27, 2016 7:32:34 下午 org.apache.catalina.loader.WebappClassLoader clearReferencesThreads
严重: The web application [/Weixin] appears to have started a thread named [Abandoned connection cleanup thread] but has failed to stop it. This is very likely to create a memory leak.
十二月 27, 2016 7:32:34 下午 org.apache.catalina.loader.WebappClassLoader clearReferencesThreads
严重: The web application [/Weixin] appears to have started a thread named [Timer-4] but has failed to stop it. This is very likely to create a memory leak.
十二月 27, 2016 7:32:39 下午 org.apache.catalina.core.StandardContext reload
信息: Reloading Context with name [/Weixin] is completed
十二月 27, 2016 7:32:49 下午 org.apache.catalina.core.StandardContext reload
信息: Reloading Context with name [/Weixin] has started
十二月 27, 2016 7:32:49 下午 org.apache.catalina.loader.WebappClassLoader clearReferencesJdbc
严重: The web application [/Weixin] registered the JDBC driver [com.mysql.jdbc.Driver] but failed to unregister it when the web application was stopped. To prevent a memory leak, the JDBC Driver has been forcibly unregistered.
十二月 27, 2016 7:32:49 下午 org.apache.catalina.loader.WebappClassLoader clearReferencesThreads
严重: The web application [/Weixin] appears to have started a thread named [Abandoned connection cleanup thread] but has failed to stop it. This is very likely to create a memory leak.
十二月 27, 2016 7:32:49 下午 org.apache.catalina.loader.WebappClassLoader clearReferencesThreads
严重: The web application [/Weixin] appears to have started a thread named [Timer-5] but has failed to stop it. This is very likely to create a memory leak.
十二月 27, 2016 7:32:56 下午 org.apache.catalina.core.StandardContext reload
信息: Reloading Context with name [/Weixin] is completed
十二月 27, 2016 7:33:06 下午 org.apache.catalina.core.StandardContext reload
信息: Reloading Context with name [/Weixin] has started
十二月 27, 2016 7:33:06 下午 org.apache.catalina.loader.WebappClassLoader clearReferencesJdbc
严重: The web application [/Weixin] registered the JDBC driver [com.mysql.jdbc.Driver] but failed to unregister it when the web application was stopped. To prevent a memory leak, the JDBC Driver has been forcibly unregistered.
十二月 27, 2016 7:33:06 下午 org.apache.catalina.loader.WebappClassLoader clearReferencesThreads
严重: The web application [/Weixin] appears to have started a thread named [Abandoned connection cleanup thread] but has failed to stop it. This is very likely to create a memory leak.
十二月 27, 2016 7:33:06 下午 org.apache.catalina.loader.WebappClassLoader clearReferencesThreads
严重: The web application [/Weixin] appears to have started a thread named [Timer-6] but has failed to stop it. This is very likely to create a memory leak.
十二月 27, 2016 7:33:11 下午 org.apache.catalina.core.StandardContext reload
信息: Reloading Context with name [/Weixin] is completed
十二月 27, 2016 7:33:58 下午 org.apache.catalina.startup.VersionLoggerListener log
信息: Server version:        Apache Tomcat/7.0.57
十二月 27, 2016 7:33:58 下午 org.apache.catalina.startup.VersionLoggerListener log
信息: Server built:          Nov 3 2014 08:39:16 UTC
十二月 27, 2016 7:33:58 下午 org.apache.catalina.startup.VersionLoggerListener log
信息: Server number:         7.0.57.0
十二月 27, 2016 7:33:58 下午 org.apache.catalina.startup.VersionLoggerListener log
信息: OS Name:               Windows 10
十二月 27, 2016 7:33:58 下午 org.apache.catalina.startup.VersionLoggerListener log
信息: OS Version:            10.0
十二月 27, 2016 7:33:58 下午 org.apache.catalina.startup.VersionLoggerListener log
信息: Architecture:          amd64
十二月 27, 2016 7:33:58 下午 org.apache.catalina.startup.VersionLoggerListener log
信息: JAVA_HOME:             D:\code\mycode\project-weixin\infrastructure\jdk\default\jre
十二月 27, 2016 7:33:58 下午 org.apache.catalina.startup.VersionLoggerListener log
信息: JVM Version:           1.8.0_102-b14
十二月 27, 2016 7:33:58 下午 org.apache.catalina.startup.VersionLoggerListener log
信息: JVM Vendor:            Oracle Corporation
十二月 27, 2016 7:33:58 下午 org.apache.catalina.startup.VersionLoggerListener log
信息: CATALINA_BASE:         D:\code\mycode\project-weixin\infrastructure\tomcat\default
十二月 27, 2016 7:33:58 下午 org.apache.catalina.startup.VersionLoggerListener log
信息: CATALINA_HOME:         D:\code\mycode\project-weixin\infrastructure\tomcat\default
十二月 27, 2016 7:33:58 下午 org.apache.catalina.startup.VersionLoggerListener log
信息: Command line argument: -Xmx1024m
十二月 27, 2016 7:33:58 下午 org.apache.catalina.startup.VersionLoggerListener log
信息: Command line argument: -XX:MaxNewSize=256m
十二月 27, 2016 7:33:58 下午 org.apache.catalina.startup.VersionLoggerListener log
信息: Command line argument: -XX:MaxPermSize=256m
十二月 27, 2016 7:33:58 下午 org.apache.catalina.startup.VersionLoggerListener log
信息: Command line argument: -Djava.awt.headless=true
十二月 27, 2016 7:33:58 下午 org.apache.catalina.startup.VersionLoggerListener log
信息: Command line argument: -Xdebug
十二月 27, 2016 7:33:58 下午 org.apache.catalina.startup.VersionLoggerListener log
信息: Command line argument: -Xnoagent
十二月 27, 2016 7:33:58 下午 org.apache.catalina.startup.VersionLoggerListener log
信息: Command line argument: -Xrunjdwp:transport=dt_socket,address=7777,server=y,suspend=n
十二月 27, 2016 7:33:58 下午 org.apache.catalina.startup.VersionLoggerListener log
信息: Command line argument: -DTOMCAT_PORT_HTTP=80
十二月 27, 2016 7:33:58 下午 org.apache.catalina.startup.VersionLoggerListener log
信息: Command line argument: -DTOMCAT_PORT_HTTPS=8443
十二月 27, 2016 7:33:58 下午 org.apache.catalina.startup.VersionLoggerListener log
信息: Command line argument: -DPROFILE_STAMP=a8ee23155196791ddf5e4d0bd86bd8db
十二月 27, 2016 7:33:58 下午 org.apache.catalina.startup.VersionLoggerListener log
信息: Command line argument: -DINSTANCE_STAMP=a8ee23155196791ddf5e4d0bd86bd8db.1482838434122
十二月 27, 2016 7:33:58 下午 org.apache.catalina.startup.VersionLoggerListener log
信息: Command line argument: -Djava.util.logging.config.file=D:\code\mycode\project-weixin\infrastructure\tomcat\default\conf\logging.properties
十二月 27, 2016 7:33:58 下午 org.apache.catalina.startup.VersionLoggerListener log
信息: Command line argument: -Djava.util.logging.manager=org.apache.juli.ClassLoaderLogManager
十二月 27, 2016 7:33:58 下午 org.apache.catalina.startup.VersionLoggerListener log
信息: Command line argument: -Djava.endorsed.dirs=D:\code\mycode\project-weixin\infrastructure\tomcat\default\endorsed
十二月 27, 2016 7:33:58 下午 org.apache.catalina.startup.VersionLoggerListener log
信息: Command line argument: -Dcatalina.base=D:\code\mycode\project-weixin\infrastructure\tomcat\default
十二月 27, 2016 7:33:58 下午 org.apache.catalina.startup.VersionLoggerListener log
信息: Command line argument: -Dcatalina.home=D:\code\mycode\project-weixin\infrastructure\tomcat\default
十二月 27, 2016 7:33:58 下午 org.apache.catalina.startup.VersionLoggerListener log
信息: Command line argument: -Djava.io.tmpdir=D:\code\mycode\project-weixin\infrastructure\tomcat\default\temp
十二月 27, 2016 7:33:58 下午 org.apache.catalina.core.AprLifecycleListener lifecycleEvent
信息: The APR based Apache Tomcat Native library which allows optimal performance in production environments was not found on the java.library.path: D:\code\mycode\project-weixin\infrastructure\jdk\default\bin;C:\WINDOWS\Sun\Java\bin;C:\WINDOWS\system32;C:\WINDOWS;C:\ProgramData\Oracle\Java\javapath;C:\WINDOWS\system32;C:\WINDOWS;C:\WINDOWS\System32\Wbem;C:\WINDOWS\System32\WindowsPowerShell\v1.0\;C:\Program Files (x86)\Intel\OpenCL SDK\2.0\bin\x86;C:\Program Files (x86)\Intel\OpenCL SDK\2.0\bin\x64;D:\Program Files\Java\jdk1.8.0_102\bin;D:\Program Files\TortoiseSVN\bin;D:\env\gradle-3.0\bin;D:\Program Files\nodejs\;C:\Users\wangxh\AppData\Roaming\npm;%USERPROFILE%\AppData\Local\Microsoft\WindowsApps;.
十二月 27, 2016 7:33:59 下午 org.apache.coyote.AbstractProtocol init
信息: Initializing ProtocolHandler ["http-bio-80"]
十二月 27, 2016 7:33:59 下午 org.apache.coyote.AbstractProtocol init
信息: Initializing ProtocolHandler ["http-bio-8443"]
十二月 27, 2016 7:34:00 下午 org.apache.catalina.startup.Catalina load
信息: Initialization processed in 3851 ms
十二月 27, 2016 7:34:01 下午 org.apache.catalina.core.StandardService startInternal
信息: Starting service Catalina
十二月 27, 2016 7:34:01 下午 org.apache.catalina.core.StandardEngine startInternal
信息: Starting Servlet Engine: Apache Tomcat/7.0.57
十二月 27, 2016 7:34:01 下午 org.apache.catalina.startup.HostConfig deployDescriptor
信息: Deploying configuration descriptor D:\code\mycode\project-weixin\infrastructure\tomcat\default\conf\Catalina\localhost\Weixin.xml
十二月 27, 2016 7:34:21 下午 org.apache.catalina.startup.HostConfig deployDescriptor
信息: Deployment of configuration descriptor D:\code\mycode\project-weixin\infrastructure\tomcat\default\conf\Catalina\localhost\Weixin.xml has finished in 20,679 ms
十二月 27, 2016 7:34:21 下午 org.apache.catalina.startup.HostConfig deployDirectory
信息: Deploying web application directory D:\code\mycode\project-weixin\infrastructure\tomcat\default\webapps\docs
十二月 27, 2016 7:34:22 下午 org.apache.catalina.startup.HostConfig deployDirectory
信息: Deployment of web application directory D:\code\mycode\project-weixin\infrastructure\tomcat\default\webapps\docs has finished in 331 ms
十二月 27, 2016 7:34:22 下午 org.apache.catalina.startup.HostConfig deployDirectory
信息: Deploying web application directory D:\code\mycode\project-weixin\infrastructure\tomcat\default\webapps\examples
十二月 27, 2016 7:34:31 下午 org.apache.catalina.startup.HostConfig deployDirectory
信息: Deployment of web application directory D:\code\mycode\project-weixin\infrastructure\tomcat\default\webapps\examples has finished in 9,655 ms
十二月 27, 2016 7:34:31 下午 org.apache.catalina.startup.HostConfig deployDirectory
信息: Deploying web application directory D:\code\mycode\project-weixin\infrastructure\tomcat\default\webapps\host-manager
十二月 27, 2016 7:34:31 下午 org.apache.catalina.startup.HostConfig deployDirectory
信息: Deployment of web application directory D:\code\mycode\project-weixin\infrastructure\tomcat\default\webapps\host-manager has finished in 230 ms
十二月 27, 2016 7:34:31 下午 org.apache.catalina.startup.HostConfig deployDirectory
信息: Deploying web application directory D:\code\mycode\project-weixin\infrastructure\tomcat\default\webapps\manager
十二月 27, 2016 7:34:32 下午 org.apache.catalina.startup.HostConfig deployDirectory
信息: Deployment of web application directory D:\code\mycode\project-weixin\infrastructure\tomcat\default\webapps\manager has finished in 307 ms
十二月 27, 2016 7:34:32 下午 org.apache.catalina.startup.HostConfig deployDirectory
信息: Deploying web application directory D:\code\mycode\project-weixin\infrastructure\tomcat\default\webapps\ROOT
十二月 27, 2016 7:34:32 下午 org.apache.catalina.startup.HostConfig deployDirectory
信息: Deployment of web application directory D:\code\mycode\project-weixin\infrastructure\tomcat\default\webapps\ROOT has finished in 121 ms
十二月 27, 2016 7:34:32 下午 org.apache.coyote.AbstractProtocol start
信息: Starting ProtocolHandler ["http-bio-80"]
十二月 27, 2016 7:34:32 下午 org.apache.coyote.AbstractProtocol start
信息: Starting ProtocolHandler ["http-bio-8443"]
十二月 27, 2016 7:34:32 下午 org.apache.catalina.startup.Catalina start
信息: Server startup in 31548 ms
十二月 27, 2016 7:47:14 下午 org.apache.catalina.core.StandardContext reload
信息: Reloading Context with name [/Weixin] has started
十二月 27, 2016 7:47:14 下午 org.apache.catalina.loader.WebappClassLoader clearReferencesJdbc
严重: The web application [/Weixin] registered the JDBC driver [com.mysql.jdbc.Driver] but failed to unregister it when the web application was stopped. To prevent a memory leak, the JDBC Driver has been forcibly unregistered.
十二月 27, 2016 7:47:14 下午 org.apache.catalina.loader.WebappClassLoader clearReferencesThreads
严重: The web application [/Weixin] appears to have started a thread named [Abandoned connection cleanup thread] but has failed to stop it. This is very likely to create a memory leak.
十二月 27, 2016 7:47:14 下午 org.apache.catalina.loader.WebappClassLoader clearReferencesThreads
严重: The web application [/Weixin] appears to have started a thread named [Timer-0] but has failed to stop it. This is very likely to create a memory leak.
十二月 27, 2016 7:47:20 下午 org.apache.catalina.core.StandardContext reload
信息: Reloading Context with name [/Weixin] is completed
十二月 27, 2016 7:47:31 下午 org.apache.catalina.core.StandardContext reload
信息: Reloading Context with name [/Weixin] has started
十二月 27, 2016 7:47:31 下午 org.apache.catalina.loader.WebappClassLoader clearReferencesJdbc
严重: The web application [/Weixin] registered the JDBC driver [com.mysql.jdbc.Driver] but failed to unregister it when the web application was stopped. To prevent a memory leak, the JDBC Driver has been forcibly unregistered.
十二月 27, 2016 7:47:31 下午 org.apache.catalina.loader.WebappClassLoader clearReferencesThreads
严重: The web application [/Weixin] appears to have started a thread named [Abandoned connection cleanup thread] but has failed to stop it. This is very likely to create a memory leak.
十二月 27, 2016 7:47:31 下午 org.apache.catalina.loader.WebappClassLoader clearReferencesThreads
严重: The web application [/Weixin] appears to have started a thread named [Timer-1] but has failed to stop it. This is very likely to create a memory leak.
十二月 27, 2016 7:47:37 下午 org.apache.catalina.core.StandardContext reload
信息: Reloading Context with name [/Weixin] is completed
十二月 27, 2016 7:47:47 下午 org.apache.catalina.core.StandardContext reload
信息: Reloading Context with name [/Weixin] has started
十二月 27, 2016 7:47:47 下午 org.apache.catalina.loader.WebappClassLoader clearReferencesJdbc
严重: The web application [/Weixin] registered the JDBC driver [com.mysql.jdbc.Driver] but failed to unregister it when the web application was stopped. To prevent a memory leak, the JDBC Driver has been forcibly unregistered.
十二月 27, 2016 7:47:47 下午 org.apache.catalina.loader.WebappClassLoader clearReferencesThreads
严重: The web application [/Weixin] appears to have started a thread named [Abandoned connection cleanup thread] but has failed to stop it. This is very likely to create a memory leak.
十二月 27, 2016 7:47:47 下午 org.apache.catalina.loader.WebappClassLoader clearReferencesThreads
严重: The web application [/Weixin] appears to have started a thread named [Timer-2] but has failed to stop it. This is very likely to create a memory leak.
十二月 27, 2016 7:47:53 下午 org.apache.catalina.core.StandardContext reload
信息: Reloading Context with name [/Weixin] is completed
十二月 27, 2016 7:48:03 下午 org.apache.catalina.core.StandardContext reload
信息: Reloading Context with name [/Weixin] has started
十二月 27, 2016 7:48:03 下午 org.apache.catalina.loader.WebappClassLoader clearReferencesJdbc
严重: The web application [/Weixin] registered the JDBC driver [com.mysql.jdbc.Driver] but failed to unregister it when the web application was stopped. To prevent a memory leak, the JDBC Driver has been forcibly unregistered.
十二月 27, 2016 7:48:03 下午 org.apache.catalina.loader.WebappClassLoader clearReferencesThreads
严重: The web application [/Weixin] appears to have started a thread named [Abandoned connection cleanup thread] but has failed to stop it. This is very likely to create a memory leak.
十二月 27, 2016 7:48:03 下午 org.apache.catalina.loader.WebappClassLoader clearReferencesThreads
严重: The web application [/Weixin] appears to have started a thread named [Timer-3] but has failed to stop it. This is very likely to create a memory leak.
十二月 27, 2016 7:48:07 下午 org.apache.catalina.core.StandardContext reload
信息: Reloading Context with name [/Weixin] is completed
十二月 27, 2016 7:48:27 下午 org.apache.catalina.core.StandardContext reload
信息: Reloading Context with name [/Weixin] has started
十二月 27, 2016 7:48:27 下午 org.apache.catalina.loader.WebappClassLoader clearReferencesJdbc
严重: The web application [/Weixin] registered the JDBC driver [com.mysql.jdbc.Driver] but failed to unregister it when the web application was stopped. To prevent a memory leak, the JDBC Driver has been forcibly unregistered.
十二月 27, 2016 7:48:27 下午 org.apache.catalina.loader.WebappClassLoader clearReferencesThreads
严重: The web application [/Weixin] appears to have started a thread named [Abandoned connection cleanup thread] but has failed to stop it. This is very likely to create a memory leak.
十二月 27, 2016 7:48:27 下午 org.apache.catalina.loader.WebappClassLoader clearReferencesThreads
严重: The web application [/Weixin] appears to have started a thread named [Timer-4] but has failed to stop it. This is very likely to create a memory leak.
十二月 27, 2016 7:48:32 下午 org.apache.catalina.core.StandardContext reload
信息: Reloading Context with name [/Weixin] is completed
十二月 27, 2016 7:50:10 下午 org.apache.catalina.startup.VersionLoggerListener log
信息: Server version:        Apache Tomcat/7.0.57
十二月 27, 2016 7:50:10 下午 org.apache.catalina.startup.VersionLoggerListener log
信息: Server built:          Nov 3 2014 08:39:16 UTC
十二月 27, 2016 7:50:10 下午 org.apache.catalina.startup.VersionLoggerListener log
信息: Server number:         7.0.57.0
十二月 27, 2016 7:50:10 下午 org.apache.catalina.startup.VersionLoggerListener log
信息: OS Name:               Windows 10
十二月 27, 2016 7:50:10 下午 org.apache.catalina.startup.VersionLoggerListener log
信息: OS Version:            10.0
十二月 27, 2016 7:50:10 下午 org.apache.catalina.startup.VersionLoggerListener log
信息: Architecture:          amd64
十二月 27, 2016 7:50:10 下午 org.apache.catalina.startup.VersionLoggerListener log
信息: JAVA_HOME:             D:\code\mycode\project-weixin\infrastructure\jdk\default\jre
十二月 27, 2016 7:50:10 下午 org.apache.catalina.startup.VersionLoggerListener log
信息: JVM Version:           1.8.0_102-b14
十二月 27, 2016 7:50:10 下午 org.apache.catalina.startup.VersionLoggerListener log
信息: JVM Vendor:            Oracle Corporation
十二月 27, 2016 7:50:10 下午 org.apache.catalina.startup.VersionLoggerListener log
信息: CATALINA_BASE:         D:\code\mycode\project-weixin\infrastructure\tomcat\default
十二月 27, 2016 7:50:10 下午 org.apache.catalina.startup.VersionLoggerListener log
信息: CATALINA_HOME:         D:\code\mycode\project-weixin\infrastructure\tomcat\default
十二月 27, 2016 7:50:10 下午 org.apache.catalina.startup.VersionLoggerListener log
信息: Command line argument: -Xmx1024m
十二月 27, 2016 7:50:10 下午 org.apache.catalina.startup.VersionLoggerListener log
信息: Command line argument: -XX:MaxNewSize=256m
十二月 27, 2016 7:50:10 下午 org.apache.catalina.startup.VersionLoggerListener log
信息: Command line argument: -XX:MaxPermSize=256m
十二月 27, 2016 7:50:10 下午 org.apache.catalina.startup.VersionLoggerListener log
信息: Command line argument: -Djava.awt.headless=true
十二月 27, 2016 7:50:10 下午 org.apache.catalina.startup.VersionLoggerListener log
信息: Command line argument: -Xdebug
十二月 27, 2016 7:50:10 下午 org.apache.catalina.startup.VersionLoggerListener log
信息: Command line argument: -Xnoagent
十二月 27, 2016 7:50:10 下午 org.apache.catalina.startup.VersionLoggerListener log
信息: Command line argument: -Xrunjdwp:transport=dt_socket,address=7777,server=y,suspend=n
十二月 27, 2016 7:50:10 下午 org.apache.catalina.startup.VersionLoggerListener log
信息: Command line argument: -DTOMCAT_PORT_HTTP=80
十二月 27, 2016 7:50:10 下午 org.apache.catalina.startup.VersionLoggerListener log
信息: Command line argument: -DTOMCAT_PORT_HTTPS=8443
十二月 27, 2016 7:50:10 下午 org.apache.catalina.startup.VersionLoggerListener log
信息: Command line argument: -DPROFILE_STAMP=a8ee23155196791ddf5e4d0bd86bd8db
十二月 27, 2016 7:50:10 下午 org.apache.catalina.startup.VersionLoggerListener log
信息: Command line argument: -DINSTANCE_STAMP=a8ee23155196791ddf5e4d0bd86bd8db.1482839408098
十二月 27, 2016 7:50:10 下午 org.apache.catalina.startup.VersionLoggerListener log
信息: Command line argument: -Djava.util.logging.config.file=D:\code\mycode\project-weixin\infrastructure\tomcat\default\conf\logging.properties
十二月 27, 2016 7:50:10 下午 org.apache.catalina.startup.VersionLoggerListener log
信息: Command line argument: -Djava.util.logging.manager=org.apache.juli.ClassLoaderLogManager
十二月 27, 2016 7:50:10 下午 org.apache.catalina.startup.VersionLoggerListener log
信息: Command line argument: -Djava.endorsed.dirs=D:\code\mycode\project-weixin\infrastructure\tomcat\default\endorsed
十二月 27, 2016 7:50:10 下午 org.apache.catalina.startup.VersionLoggerListener log
信息: Command line argument: -Dcatalina.base=D:\code\mycode\project-weixin\infrastructure\tomcat\default
十二月 27, 2016 7:50:10 下午 org.apache.catalina.startup.VersionLoggerListener log
信息: Command line argument: -Dcatalina.home=D:\code\mycode\project-weixin\infrastructure\tomcat\default
十二月 27, 2016 7:50:10 下午 org.apache.catalina.startup.VersionLoggerListener log
信息: Command line argument: -Djava.io.tmpdir=D:\code\mycode\project-weixin\infrastructure\tomcat\default\temp
十二月 27, 2016 7:50:10 下午 org.apache.catalina.core.AprLifecycleListener lifecycleEvent
信息: The APR based Apache Tomcat Native library which allows optimal performance in production environments was not found on the java.library.path: D:\code\mycode\project-weixin\infrastructure\jdk\default\bin;C:\WINDOWS\Sun\Java\bin;C:\WINDOWS\system32;C:\WINDOWS;C:\ProgramData\Oracle\Java\javapath;C:\WINDOWS\system32;C:\WINDOWS;C:\WINDOWS\System32\Wbem;C:\WINDOWS\System32\WindowsPowerShell\v1.0\;C:\Program Files (x86)\Intel\OpenCL SDK\2.0\bin\x86;C:\Program Files (x86)\Intel\OpenCL SDK\2.0\bin\x64;D:\Program Files\Java\jdk1.8.0_102\bin;D:\Program Files\TortoiseSVN\bin;D:\env\gradle-3.0\bin;D:\Program Files\nodejs\;C:\Users\wangxh\AppData\Roaming\npm;%USERPROFILE%\AppData\Local\Microsoft\WindowsApps;.
十二月 27, 2016 7:50:11 下午 org.apache.coyote.AbstractProtocol init
信息: Initializing ProtocolHandler ["http-bio-80"]
十二月 27, 2016 7:50:11 下午 org.apache.coyote.AbstractProtocol init
信息: Initializing ProtocolHandler ["http-bio-8443"]
十二月 27, 2016 7:50:12 下午 org.apache.catalina.startup.Catalina load
信息: Initialization processed in 2758 ms
十二月 27, 2016 7:50:12 下午 org.apache.catalina.core.StandardService startInternal
信息: Starting service Catalina
十二月 27, 2016 7:50:12 下午 org.apache.catalina.core.StandardEngine startInternal
信息: Starting Servlet Engine: Apache Tomcat/7.0.57
十二月 27, 2016 7:50:12 下午 org.apache.catalina.startup.HostConfig deployDescriptor
信息: Deploying configuration descriptor D:\code\mycode\project-weixin\infrastructure\tomcat\default\conf\Catalina\localhost\Weixin.xml
十二月 27, 2016 7:50:23 下午 org.apache.catalina.startup.HostConfig deployDescriptor
信息: Deployment of configuration descriptor D:\code\mycode\project-weixin\infrastructure\tomcat\default\conf\Catalina\localhost\Weixin.xml has finished in 10,887 ms
十二月 27, 2016 7:50:23 下午 org.apache.catalina.startup.HostConfig deployDirectory
信息: Deploying web application directory D:\code\mycode\project-weixin\infrastructure\tomcat\default\webapps\docs
十二月 27, 2016 7:50:23 下午 org.apache.catalina.startup.HostConfig deployDirectory
信息: Deployment of web application directory D:\code\mycode\project-weixin\infrastructure\tomcat\default\webapps\docs has finished in 117 ms
十二月 27, 2016 7:50:23 下午 org.apache.catalina.startup.HostConfig deployDirectory
信息: Deploying web application directory D:\code\mycode\project-weixin\infrastructure\tomcat\default\webapps\examples
十二月 27, 2016 7:50:24 下午 org.apache.catalina.startup.HostConfig deployDirectory
信息: Deployment of web application directory D:\code\mycode\project-weixin\infrastructure\tomcat\default\webapps\examples has finished in 837 ms
十二月 27, 2016 7:50:24 下午 org.apache.catalina.startup.HostConfig deployDirectory
信息: Deploying web application directory D:\code\mycode\project-weixin\infrastructure\tomcat\default\webapps\host-manager
十二月 27, 2016 7:50:24 下午 org.apache.catalina.startup.HostConfig deployDirectory
信息: Deployment of web application directory D:\code\mycode\project-weixin\infrastructure\tomcat\default\webapps\host-manager has finished in 138 ms
十二月 27, 2016 7:50:24 下午 org.apache.catalina.startup.HostConfig deployDirectory
信息: Deploying web application directory D:\code\mycode\project-weixin\infrastructure\tomcat\default\webapps\manager
十二月 27, 2016 7:50:24 下午 org.apache.catalina.startup.HostConfig deployDirectory
信息: Deployment of web application directory D:\code\mycode\project-weixin\infrastructure\tomcat\default\webapps\manager has finished in 218 ms
十二月 27, 2016 7:50:24 下午 org.apache.catalina.startup.HostConfig deployDirectory
信息: Deploying web application directory D:\code\mycode\project-weixin\infrastructure\tomcat\default\webapps\ROOT
十二月 27, 2016 7:50:24 下午 org.apache.catalina.startup.HostConfig deployDirectory
信息: Deployment of web application directory D:\code\mycode\project-weixin\infrastructure\tomcat\default\webapps\ROOT has finished in 197 ms
十二月 27, 2016 7:50:24 下午 org.apache.coyote.AbstractProtocol start
信息: Starting ProtocolHandler ["http-bio-80"]
十二月 27, 2016 7:50:24 下午 org.apache.coyote.AbstractProtocol start
信息: Starting ProtocolHandler ["http-bio-8443"]
十二月 27, 2016 7:50:24 下午 org.apache.catalina.startup.Catalina start
信息: Server startup in 12581 ms
十二月 27, 2016 7:55:11 下午 org.apache.catalina.startup.VersionLoggerListener log
信息: Server version:        Apache Tomcat/7.0.57
十二月 27, 2016 7:55:11 下午 org.apache.catalina.startup.VersionLoggerListener log
信息: Server built:          Nov 3 2014 08:39:16 UTC
十二月 27, 2016 7:55:11 下午 org.apache.catalina.startup.VersionLoggerListener log
信息: Server number:         7.0.57.0
十二月 27, 2016 7:55:11 下午 org.apache.catalina.startup.VersionLoggerListener log
信息: OS Name:               Windows 10
十二月 27, 2016 7:55:11 下午 org.apache.catalina.startup.VersionLoggerListener log
信息: OS Version:            10.0
十二月 27, 2016 7:55:11 下午 org.apache.catalina.startup.VersionLoggerListener log
信息: Architecture:          amd64
十二月 27, 2016 7:55:11 下午 org.apache.catalina.startup.VersionLoggerListener log
信息: JAVA_HOME:             D:\code\mycode\project-weixin\infrastructure\jdk\default\jre
十二月 27, 2016 7:55:11 下午 org.apache.catalina.startup.VersionLoggerListener log
信息: JVM Version:           1.8.0_102-b14
十二月 27, 2016 7:55:11 下午 org.apache.catalina.startup.VersionLoggerListener log
信息: JVM Vendor:            Oracle Corporation
十二月 27, 2016 7:55:11 下午 org.apache.catalina.startup.VersionLoggerListener log
信息: CATALINA_BASE:         D:\code\mycode\project-weixin\infrastructure\tomcat\default
十二月 27, 2016 7:55:11 下午 org.apache.catalina.startup.VersionLoggerListener log
信息: CATALINA_HOME:         D:\code\mycode\project-weixin\infrastructure\tomcat\default
十二月 27, 2016 7:55:11 下午 org.apache.catalina.startup.VersionLoggerListener log
信息: Command line argument: -Xmx1024m
十二月 27, 2016 7:55:11 下午 org.apache.catalina.startup.VersionLoggerListener log
信息: Command line argument: -XX:MaxNewSize=256m
十二月 27, 2016 7:55:11 下午 org.apache.catalina.startup.VersionLoggerListener log
信息: Command line argument: -XX:MaxPermSize=256m
十二月 27, 2016 7:55:11 下午 org.apache.catalina.startup.VersionLoggerListener log
信息: Command line argument: -Djava.awt.headless=true
十二月 27, 2016 7:55:11 下午 org.apache.catalina.startup.VersionLoggerListener log
信息: Command line argument: -Xdebug
十二月 27, 2016 7:55:11 下午 org.apache.catalina.startup.VersionLoggerListener log
信息: Command line argument: -Xnoagent
十二月 27, 2016 7:55:11 下午 org.apache.catalina.startup.VersionLoggerListener log
信息: Command line argument: -Xrunjdwp:transport=dt_socket,address=7777,server=y,suspend=n
十二月 27, 2016 7:55:11 下午 org.apache.catalina.startup.VersionLoggerListener log
信息: Command line argument: -DTOMCAT_PORT_HTTP=80
十二月 27, 2016 7:55:11 下午 org.apache.catalina.startup.VersionLoggerListener log
信息: Command line argument: -DTOMCAT_PORT_HTTPS=8443
十二月 27, 2016 7:55:11 下午 org.apache.catalina.startup.VersionLoggerListener log
信息: Command line argument: -DPROFILE_STAMP=a8ee23155196791ddf5e4d0bd86bd8db
十二月 27, 2016 7:55:11 下午 org.apache.catalina.startup.VersionLoggerListener log
信息: Command line argument: -DINSTANCE_STAMP=a8ee23155196791ddf5e4d0bd86bd8db.1482839708293
十二月 27, 2016 7:55:11 下午 org.apache.catalina.startup.VersionLoggerListener log
信息: Command line argument: -Djava.util.logging.config.file=D:\code\mycode\project-weixin\infrastructure\tomcat\default\conf\logging.properties
十二月 27, 2016 7:55:11 下午 org.apache.catalina.startup.VersionLoggerListener log
信息: Command line argument: -Djava.util.logging.manager=org.apache.juli.ClassLoaderLogManager
十二月 27, 2016 7:55:11 下午 org.apache.catalina.startup.VersionLoggerListener log
信息: Command line argument: -Djava.endorsed.dirs=D:\code\mycode\project-weixin\infrastructure\tomcat\default\endorsed
十二月 27, 2016 7:55:11 下午 org.apache.catalina.startup.VersionLoggerListener log
信息: Command line argument: -Dcatalina.base=D:\code\mycode\project-weixin\infrastructure\tomcat\default
十二月 27, 2016 7:55:11 下午 org.apache.catalina.startup.VersionLoggerListener log
信息: Command line argument: -Dcatalina.home=D:\code\mycode\project-weixin\infrastructure\tomcat\default
十二月 27, 2016 7:55:11 下午 org.apache.catalina.startup.VersionLoggerListener log
信息: Command line argument: -Djava.io.tmpdir=D:\code\mycode\project-weixin\infrastructure\tomcat\default\temp
十二月 27, 2016 7:55:11 下午 org.apache.catalina.core.AprLifecycleListener lifecycleEvent
信息: The APR based Apache Tomcat Native library which allows optimal performance in production environments was not found on the java.library.path: D:\code\mycode\project-weixin\infrastructure\jdk\default\bin;C:\WINDOWS\Sun\Java\bin;C:\WINDOWS\system32;C:\WINDOWS;C:\ProgramData\Oracle\Java\javapath;C:\WINDOWS\system32;C:\WINDOWS;C:\WINDOWS\System32\Wbem;C:\WINDOWS\System32\WindowsPowerShell\v1.0\;C:\Program Files (x86)\Intel\OpenCL SDK\2.0\bin\x86;C:\Program Files (x86)\Intel\OpenCL SDK\2.0\bin\x64;D:\Program Files\Java\jdk1.8.0_102\bin;D:\Program Files\TortoiseSVN\bin;D:\env\gradle-3.0\bin;D:\Program Files\nodejs\;C:\Users\wangxh\AppData\Roaming\npm;%USERPROFILE%\AppData\Local\Microsoft\WindowsApps;.
十二月 27, 2016 7:55:11 下午 org.apache.coyote.AbstractProtocol init
信息: Initializing ProtocolHandler ["http-bio-80"]
十二月 27, 2016 7:55:11 下午 org.apache.coyote.AbstractProtocol init
信息: Initializing ProtocolHandler ["http-bio-8443"]
十二月 27, 2016 7:55:13 下午 org.apache.catalina.startup.Catalina load
信息: Initialization processed in 3442 ms
十二月 27, 2016 7:55:13 下午 org.apache.catalina.core.StandardService startInternal
信息: Starting service Catalina
十二月 27, 2016 7:55:13 下午 org.apache.catalina.core.StandardEngine startInternal
信息: Starting Servlet Engine: Apache Tomcat/7.0.57
十二月 27, 2016 7:55:13 下午 org.apache.catalina.startup.HostConfig deployDescriptor
信息: Deploying configuration descriptor D:\code\mycode\project-weixin\infrastructure\tomcat\default\conf\Catalina\localhost\Weixin.xml
十二月 27, 2016 7:55:26 下午 org.apache.catalina.startup.HostConfig deployDescriptor
信息: Deployment of configuration descriptor D:\code\mycode\project-weixin\infrastructure\tomcat\default\conf\Catalina\localhost\Weixin.xml has finished in 13,527 ms
十二月 27, 2016 7:55:26 下午 org.apache.catalina.startup.HostConfig deployDirectory
信息: Deploying web application directory D:\code\mycode\project-weixin\infrastructure\tomcat\default\webapps\docs
十二月 27, 2016 7:55:27 下午 org.apache.catalina.startup.HostConfig deployDirectory
信息: Deployment of web application directory D:\code\mycode\project-weixin\infrastructure\tomcat\default\webapps\docs has finished in 195 ms
十二月 27, 2016 7:55:27 下午 org.apache.catalina.startup.HostConfig deployDirectory
信息: Deploying web application directory D:\code\mycode\project-weixin\infrastructure\tomcat\default\webapps\examples
十二月 27, 2016 7:55:28 下午 org.apache.catalina.startup.HostConfig deployDirectory
信息: Deployment of web application directory D:\code\mycode\project-weixin\infrastructure\tomcat\default\webapps\examples has finished in 1,269 ms
十二月 27, 2016 7:55:28 下午 org.apache.catalina.startup.HostConfig deployDirectory
信息: Deploying web application directory D:\code\mycode\project-weixin\infrastructure\tomcat\default\webapps\host-manager
十二月 27, 2016 7:55:28 下午 org.apache.catalina.startup.HostConfig deployDirectory
信息: Deployment of web application directory D:\code\mycode\project-weixin\infrastructure\tomcat\default\webapps\host-manager has finished in 241 ms
十二月 27, 2016 7:55:28 下午 org.apache.catalina.startup.HostConfig deployDirectory
信息: Deploying web application directory D:\code\mycode\project-weixin\infrastructure\tomcat\default\webapps\manager
十二月 27, 2016 7:55:28 下午 org.apache.catalina.startup.HostConfig deployDirectory
信息: Deployment of web application directory D:\code\mycode\project-weixin\infrastructure\tomcat\default\webapps\manager has finished in 244 ms
十二月 27, 2016 7:55:28 下午 org.apache.catalina.startup.HostConfig deployDirectory
信息: Deploying web application directory D:\code\mycode\project-weixin\infrastructure\tomcat\default\webapps\ROOT
十二月 27, 2016 7:55:29 下午 org.apache.catalina.startup.HostConfig deployDirectory
信息: Deployment of web application directory D:\code\mycode\project-weixin\infrastructure\tomcat\default\webapps\ROOT has finished in 174 ms
十二月 27, 2016 7:55:29 下午 org.apache.coyote.AbstractProtocol start
信息: Starting ProtocolHandler ["http-bio-80"]
十二月 27, 2016 7:55:29 下午 org.apache.coyote.AbstractProtocol start
信息: Starting ProtocolHandler ["http-bio-8443"]
十二月 27, 2016 7:55:29 下午 org.apache.catalina.startup.Catalina start
信息: Server startup in 15970 ms
十二月 27, 2016 8:21:27 下午 org.apache.catalina.startup.VersionLoggerListener log
信息: Server version:        Apache Tomcat/7.0.57
十二月 27, 2016 8:21:27 下午 org.apache.catalina.startup.VersionLoggerListener log
信息: Server built:          Nov 3 2014 08:39:16 UTC
十二月 27, 2016 8:21:27 下午 org.apache.catalina.startup.VersionLoggerListener log
信息: Server number:         7.0.57.0
十二月 27, 2016 8:21:27 下午 org.apache.catalina.startup.VersionLoggerListener log
信息: OS Name:               Windows 10
十二月 27, 2016 8:21:27 下午 org.apache.catalina.startup.VersionLoggerListener log
信息: OS Version:            10.0
十二月 27, 2016 8:21:27 下午 org.apache.catalina.startup.VersionLoggerListener log
信息: Architecture:          amd64
十二月 27, 2016 8:21:27 下午 org.apache.catalina.startup.VersionLoggerListener log
信息: JAVA_HOME:             D:\code\mycode\project-weixin\infrastructure\jdk\default\jre
十二月 27, 2016 8:21:27 下午 org.apache.catalina.startup.VersionLoggerListener log
信息: JVM Version:           1.8.0_102-b14
十二月 27, 2016 8:21:27 下午 org.apache.catalina.startup.VersionLoggerListener log
信息: JVM Vendor:            Oracle Corporation
十二月 27, 2016 8:21:27 下午 org.apache.catalina.startup.VersionLoggerListener log
信息: CATALINA_BASE:         D:\code\mycode\project-weixin\infrastructure\tomcat\default
十二月 27, 2016 8:21:27 下午 org.apache.catalina.startup.VersionLoggerListener log
信息: CATALINA_HOME:         D:\code\mycode\project-weixin\infrastructure\tomcat\default
十二月 27, 2016 8:21:27 下午 org.apache.catalina.startup.VersionLoggerListener log
信息: Command line argument: -Xmx1024m
十二月 27, 2016 8:21:27 下午 org.apache.catalina.startup.VersionLoggerListener log
信息: Command line argument: -XX:MaxNewSize=256m
十二月 27, 2016 8:21:27 下午 org.apache.catalina.startup.VersionLoggerListener log
信息: Command line argument: -XX:MaxPermSize=256m
十二月 27, 2016 8:21:27 下午 org.apache.catalina.startup.VersionLoggerListener log
信息: Command line argument: -Djava.awt.headless=true
十二月 27, 2016 8:21:27 下午 org.apache.catalina.startup.VersionLoggerListener log
信息: Command line argument: -Xdebug
十二月 27, 2016 8:21:27 下午 org.apache.catalina.startup.VersionLoggerListener log
信息: Command line argument: -Xnoagent
十二月 27, 2016 8:21:27 下午 org.apache.catalina.startup.VersionLoggerListener log
信息: Command line argument: -Xrunjdwp:transport=dt_socket,address=7777,server=y,suspend=n
十二月 27, 2016 8:21:27 下午 org.apache.catalina.startup.VersionLoggerListener log
信息: Command line argument: -DTOMCAT_PORT_HTTP=80
十二月 27, 2016 8:21:27 下午 org.apache.catalina.startup.VersionLoggerListener log
信息: Command line argument: -DTOMCAT_PORT_HTTPS=8443
十二月 27, 2016 8:21:27 下午 org.apache.catalina.startup.VersionLoggerListener log
信息: Command line argument: -DPROFILE_STAMP=a8ee23155196791ddf5e4d0bd86bd8db
十二月 27, 2016 8:21:27 下午 org.apache.catalina.startup.VersionLoggerListener log
信息: Command line argument: -DINSTANCE_STAMP=a8ee23155196791ddf5e4d0bd86bd8db.1482841284806
十二月 27, 2016 8:21:27 下午 org.apache.catalina.startup.VersionLoggerListener log
信息: Command line argument: -Djava.util.logging.config.file=D:\code\mycode\project-weixin\infrastructure\tomcat\default\conf\logging.properties
十二月 27, 2016 8:21:27 下午 org.apache.catalina.startup.VersionLoggerListener log
信息: Command line argument: -Djava.util.logging.manager=org.apache.juli.ClassLoaderLogManager
十二月 27, 2016 8:21:27 下午 org.apache.catalina.startup.VersionLoggerListener log
信息: Command line argument: -Djava.endorsed.dirs=D:\code\mycode\project-weixin\infrastructure\tomcat\default\endorsed
十二月 27, 2016 8:21:27 下午 org.apache.catalina.startup.VersionLoggerListener log
信息: Command line argument: -Dcatalina.base=D:\code\mycode\project-weixin\infrastructure\tomcat\default
十二月 27, 2016 8:21:27 下午 org.apache.catalina.startup.VersionLoggerListener log
信息: Command line argument: -Dcatalina.home=D:\code\mycode\project-weixin\infrastructure\tomcat\default
十二月 27, 2016 8:21:27 下午 org.apache.catalina.startup.VersionLoggerListener log
信息: Command line argument: -Djava.io.tmpdir=D:\code\mycode\project-weixin\infrastructure\tomcat\default\temp
十二月 27, 2016 8:21:27 下午 org.apache.catalina.core.AprLifecycleListener lifecycleEvent
信息: The APR based Apache Tomcat Native library which allows optimal performance in production environments was not found on the java.library.path: D:\code\mycode\project-weixin\infrastructure\jdk\default\bin;C:\WINDOWS\Sun\Java\bin;C:\WINDOWS\system32;C:\WINDOWS;C:\ProgramData\Oracle\Java\javapath;C:\WINDOWS\system32;C:\WINDOWS;C:\WINDOWS\System32\Wbem;C:\WINDOWS\System32\WindowsPowerShell\v1.0\;C:\Program Files (x86)\Intel\OpenCL SDK\2.0\bin\x86;C:\Program Files (x86)\Intel\OpenCL SDK\2.0\bin\x64;D:\Program Files\Java\jdk1.8.0_102\bin;D:\Program Files\TortoiseSVN\bin;D:\env\gradle-3.0\bin;D:\Program Files\nodejs\;C:\Users\wangxh\AppData\Roaming\npm;%USERPROFILE%\AppData\Local\Microsoft\WindowsApps;.
十二月 27, 2016 8:21:27 下午 org.apache.coyote.AbstractProtocol init
信息: Initializing ProtocolHandler ["http-bio-80"]
十二月 27, 2016 8:21:27 下午 org.apache.coyote.AbstractProtocol init
信息: Initializing ProtocolHandler ["http-bio-8443"]
十二月 27, 2016 8:21:28 下午 org.apache.catalina.startup.Catalina load
信息: Initialization processed in 2511 ms
十二月 27, 2016 8:21:28 下午 org.apache.catalina.core.StandardService startInternal
信息: Starting service Catalina
十二月 27, 2016 8:21:28 下午 org.apache.catalina.core.StandardEngine startInternal
信息: Starting Servlet Engine: Apache Tomcat/7.0.57
十二月 27, 2016 8:21:28 下午 org.apache.catalina.startup.HostConfig deployDescriptor
信息: Deploying configuration descriptor D:\code\mycode\project-weixin\infrastructure\tomcat\default\conf\Catalina\localhost\Weixin.xml
十二月 27, 2016 8:21:43 下午 org.apache.catalina.startup.HostConfig deployDescriptor
信息: Deployment of configuration descriptor D:\code\mycode\project-weixin\infrastructure\tomcat\default\conf\Catalina\localhost\Weixin.xml has finished in 14,455 ms
十二月 27, 2016 8:21:43 下午 org.apache.catalina.startup.HostConfig deployDirectory
信息: Deploying web application directory D:\code\mycode\project-weixin\infrastructure\tomcat\default\webapps\docs
十二月 27, 2016 8:21:43 下午 org.apache.catalina.startup.HostConfig deployDirectory
信息: Deployment of web application directory D:\code\mycode\project-weixin\infrastructure\tomcat\default\webapps\docs has finished in 356 ms
十二月 27, 2016 8:21:43 下午 org.apache.catalina.startup.HostConfig deployDirectory
信息: Deploying web application directory D:\code\mycode\project-weixin\infrastructure\tomcat\default\webapps\examples
十二月 27, 2016 8:21:45 下午 org.apache.catalina.startup.HostConfig deployDirectory
信息: Deployment of web application directory D:\code\mycode\project-weixin\infrastructure\tomcat\default\webapps\examples has finished in 2,016 ms
十二月 27, 2016 8:21:45 下午 org.apache.catalina.startup.HostConfig deployDirectory
信息: Deploying web application directory D:\code\mycode\project-weixin\infrastructure\tomcat\default\webapps\host-manager
十二月 27, 2016 8:21:46 下午 org.apache.catalina.startup.HostConfig deployDirectory
信息: Deployment of web application directory D:\code\mycode\project-weixin\infrastructure\tomcat\default\webapps\host-manager has finished in 342 ms
十二月 27, 2016 8:21:46 下午 org.apache.catalina.startup.HostConfig deployDirectory
信息: Deploying web application directory D:\code\mycode\project-weixin\infrastructure\tomcat\default\webapps\manager
十二月 27, 2016 8:21:46 下午 org.apache.catalina.startup.HostConfig deployDirectory
信息: Deployment of web application directory D:\code\mycode\project-weixin\infrastructure\tomcat\default\webapps\manager has finished in 303 ms
十二月 27, 2016 8:21:46 下午 org.apache.catalina.startup.HostConfig deployDirectory
信息: Deploying web application directory D:\code\mycode\project-weixin\infrastructure\tomcat\default\webapps\ROOT
十二月 27, 2016 8:21:46 下午 org.apache.catalina.startup.HostConfig deployDirectory
信息: Deployment of web application directory D:\code\mycode\project-weixin\infrastructure\tomcat\default\webapps\ROOT has finished in 140 ms
十二月 27, 2016 8:21:46 下午 org.apache.coyote.AbstractProtocol start
信息: Starting ProtocolHandler ["http-bio-80"]
十二月 27, 2016 8:21:46 下午 org.apache.coyote.AbstractProtocol start
信息: Starting ProtocolHandler ["http-bio-8443"]
十二月 27, 2016 8:21:46 下午 org.apache.catalina.startup.Catalina start
信息: Server startup in 17756 ms
十二月 27, 2016 8:39:00 下午 org.apache.catalina.startup.VersionLoggerListener log
信息: Server version:        Apache Tomcat/7.0.57
十二月 27, 2016 8:39:00 下午 org.apache.catalina.startup.VersionLoggerListener log
信息: Server built:          Nov 3 2014 08:39:16 UTC
十二月 27, 2016 8:39:00 下午 org.apache.catalina.startup.VersionLoggerListener log
信息: Server number:         7.0.57.0
十二月 27, 2016 8:39:00 下午 org.apache.catalina.startup.VersionLoggerListener log
信息: OS Name:               Windows 10
十二月 27, 2016 8:39:00 下午 org.apache.catalina.startup.VersionLoggerListener log
信息: OS Version:            10.0
十二月 27, 2016 8:39:00 下午 org.apache.catalina.startup.VersionLoggerListener log
信息: Architecture:          amd64
十二月 27, 2016 8:39:00 下午 org.apache.catalina.startup.VersionLoggerListener log
信息: JAVA_HOME:             D:\code\mycode\project-weixin\infrastructure\jdk\default\jre
十二月 27, 2016 8:39:01 下午 org.apache.catalina.startup.VersionLoggerListener log
信息: JVM Version:           1.8.0_102-b14
十二月 27, 2016 8:39:01 下午 org.apache.catalina.startup.VersionLoggerListener log
信息: JVM Vendor:            Oracle Corporation
十二月 27, 2016 8:39:01 下午 org.apache.catalina.startup.VersionLoggerListener log
信息: CATALINA_BASE:         D:\code\mycode\project-weixin\infrastructure\tomcat\default
十二月 27, 2016 8:39:01 下午 org.apache.catalina.startup.VersionLoggerListener log
信息: CATALINA_HOME:         D:\code\mycode\project-weixin\infrastructure\tomcat\default
十二月 27, 2016 8:39:01 下午 org.apache.catalina.startup.VersionLoggerListener log
信息: Command line argument: -Xmx1024m
十二月 27, 2016 8:39:01 下午 org.apache.catalina.startup.VersionLoggerListener log
信息: Command line argument: -XX:MaxNewSize=256m
十二月 27, 2016 8:39:01 下午 org.apache.catalina.startup.VersionLoggerListener log
信息: Command line argument: -XX:MaxPermSize=256m
十二月 27, 2016 8:39:01 下午 org.apache.catalina.startup.VersionLoggerListener log
信息: Command line argument: -Djava.awt.headless=true
十二月 27, 2016 8:39:01 下午 org.apache.catalina.startup.VersionLoggerListener log
信息: Command line argument: -Xdebug
十二月 27, 2016 8:39:01 下午 org.apache.catalina.startup.VersionLoggerListener log
信息: Command line argument: -Xnoagent
十二月 27, 2016 8:39:01 下午 org.apache.catalina.startup.VersionLoggerListener log
信息: Command line argument: -Xrunjdwp:transport=dt_socket,address=7777,server=y,suspend=n
十二月 27, 2016 8:39:01 下午 org.apache.catalina.startup.VersionLoggerListener log
信息: Command line argument: -DTOMCAT_PORT_HTTP=80
十二月 27, 2016 8:39:01 下午 org.apache.catalina.startup.VersionLoggerListener log
信息: Command line argument: -DTOMCAT_PORT_HTTPS=8443
十二月 27, 2016 8:39:01 下午 org.apache.catalina.startup.VersionLoggerListener log
信息: Command line argument: -DPROFILE_STAMP=a8ee23155196791ddf5e4d0bd86bd8db
十二月 27, 2016 8:39:01 下午 org.apache.catalina.startup.VersionLoggerListener log
信息: Command line argument: -DINSTANCE_STAMP=a8ee23155196791ddf5e4d0bd86bd8db.1482842334478
十二月 27, 2016 8:39:01 下午 org.apache.catalina.startup.VersionLoggerListener log
信息: Command line argument: -Djava.util.logging.config.file=D:\code\mycode\project-weixin\infrastructure\tomcat\default\conf\logging.properties
十二月 27, 2016 8:39:01 下午 org.apache.catalina.startup.VersionLoggerListener log
信息: Command line argument: -Djava.util.logging.manager=org.apache.juli.ClassLoaderLogManager
十二月 27, 2016 8:39:01 下午 org.apache.catalina.startup.VersionLoggerListener log
信息: Command line argument: -Djava.endorsed.dirs=D:\code\mycode\project-weixin\infrastructure\tomcat\default\endorsed
十二月 27, 2016 8:39:01 下午 org.apache.catalina.startup.VersionLoggerListener log
信息: Command line argument: -Dcatalina.base=D:\code\mycode\project-weixin\infrastructure\tomcat\default
十二月 27, 2016 8:39:01 下午 org.apache.catalina.startup.VersionLoggerListener log
信息: Command line argument: -Dcatalina.home=D:\code\mycode\project-weixin\infrastructure\tomcat\default
十二月 27, 2016 8:39:01 下午 org.apache.catalina.startup.VersionLoggerListener log
信息: Command line argument: -Djava.io.tmpdir=D:\code\mycode\project-weixin\infrastructure\tomcat\default\temp
十二月 27, 2016 8:39:01 下午 org.apache.catalina.core.AprLifecycleListener lifecycleEvent
信息: The APR based Apache Tomcat Native library which allows optimal performance in production environments was not found on the java.library.path: D:\code\mycode\project-weixin\infrastructure\jdk\default\bin;C:\WINDOWS\Sun\Java\bin;C:\WINDOWS\system32;C:\WINDOWS;C:\ProgramData\Oracle\Java\javapath;C:\WINDOWS\system32;C:\WINDOWS;C:\WINDOWS\System32\Wbem;C:\WINDOWS\System32\WindowsPowerShell\v1.0\;C:\Program Files (x86)\Intel\OpenCL SDK\2.0\bin\x86;C:\Program Files (x86)\Intel\OpenCL SDK\2.0\bin\x64;D:\Program Files\Java\jdk1.8.0_102\bin;D:\Program Files\TortoiseSVN\bin;D:\env\gradle-3.0\bin;D:\Program Files\nodejs\;C:\Users\wangxh\AppData\Roaming\npm;%USERPROFILE%\AppData\Local\Microsoft\WindowsApps;.
十二月 27, 2016 8:39:02 下午 org.apache.coyote.AbstractProtocol init
信息: Initializing ProtocolHandler ["http-bio-80"]
十二月 27, 2016 8:39:02 下午 org.apache.coyote.AbstractProtocol init
信息: Initializing ProtocolHandler ["http-bio-8443"]
十二月 27, 2016 8:39:04 下午 org.apache.catalina.startup.Catalina load
信息: Initialization processed in 5605 ms
十二月 27, 2016 8:39:04 下午 org.apache.catalina.core.StandardService startInternal
信息: Starting service Catalina
十二月 27, 2016 8:39:04 下午 org.apache.catalina.core.StandardEngine startInternal
信息: Starting Servlet Engine: Apache Tomcat/7.0.57
十二月 27, 2016 8:39:04 下午 org.apache.catalina.startup.HostConfig deployDescriptor
信息: Deploying configuration descriptor D:\code\mycode\project-weixin\infrastructure\tomcat\default\conf\Catalina\localhost\Weixin.xml
十二月 27, 2016 8:39:25 下午 org.apache.catalina.startup.HostConfig deployDescriptor
信息: Deployment of configuration descriptor D:\code\mycode\project-weixin\infrastructure\tomcat\default\conf\Catalina\localhost\Weixin.xml has finished in 20,925 ms
十二月 27, 2016 8:39:25 下午 org.apache.catalina.startup.HostConfig deployDirectory
信息: Deploying web application directory D:\code\mycode\project-weixin\infrastructure\tomcat\default\webapps\docs
十二月 27, 2016 8:39:26 下午 org.apache.catalina.startup.HostConfig deployDirectory
信息: Deployment of web application directory D:\code\mycode\project-weixin\infrastructure\tomcat\default\webapps\docs has finished in 256 ms
十二月 27, 2016 8:39:26 下午 org.apache.catalina.startup.HostConfig deployDirectory
信息: Deploying web application directory D:\code\mycode\project-weixin\infrastructure\tomcat\default\webapps\examples
十二月 27, 2016 8:39:27 下午 org.apache.catalina.startup.HostConfig deployDirectory
信息: Deployment of web application directory D:\code\mycode\project-weixin\infrastructure\tomcat\default\webapps\examples has finished in 1,308 ms
十二月 27, 2016 8:39:27 下午 org.apache.catalina.startup.HostConfig deployDirectory
信息: Deploying web application directory D:\code\mycode\project-weixin\infrastructure\tomcat\default\webapps\host-manager
十二月 27, 2016 8:39:27 下午 org.apache.catalina.startup.HostConfig deployDirectory
信息: Deployment of web application directory D:\code\mycode\project-weixin\infrastructure\tomcat\default\webapps\host-manager has finished in 174 ms
十二月 27, 2016 8:39:27 下午 org.apache.catalina.startup.HostConfig deployDirectory
信息: Deploying web application directory D:\code\mycode\project-weixin\infrastructure\tomcat\default\webapps\manager
十二月 27, 2016 8:39:27 下午 org.apache.catalina.startup.HostConfig deployDirectory
信息: Deployment of web application directory D:\code\mycode\project-weixin\infrastructure\tomcat\default\webapps\manager has finished in 152 ms
十二月 27, 2016 8:39:27 下午 org.apache.catalina.startup.HostConfig deployDirectory
信息: Deploying web application directory D:\code\mycode\project-weixin\infrastructure\tomcat\default\webapps\ROOT
十二月 27, 2016 8:39:27 下午 org.apache.catalina.startup.HostConfig deployDirectory
信息: Deployment of web application directory D:\code\mycode\project-weixin\infrastructure\tomcat\default\webapps\ROOT has finished in 101 ms
十二月 27, 2016 8:39:27 下午 org.apache.coyote.AbstractProtocol start
信息: Starting ProtocolHandler ["http-bio-80"]
十二月 27, 2016 8:39:27 下午 org.apache.coyote.AbstractProtocol start
信息: Starting ProtocolHandler ["http-bio-8443"]
十二月 27, 2016 8:39:27 下午 org.apache.catalina.startup.Catalina start
信息: Server startup in 23169 ms
十二月 27, 2016 8:55:09 下午 org.apache.catalina.core.StandardContext reload
信息: Reloading Context with name [/Weixin] has started
十二月 27, 2016 8:55:10 下午 org.apache.catalina.loader.WebappClassLoader clearReferencesJdbc
严重: The web application [/Weixin] registered the JDBC driver [com.mysql.jdbc.Driver] but failed to unregister it when the web application was stopped. To prevent a memory leak, the JDBC Driver has been forcibly unregistered.
十二月 27, 2016 8:55:10 下午 org.apache.catalina.loader.WebappClassLoader clearReferencesThreads
严重: The web application [/Weixin] appears to have started a thread named [Abandoned connection cleanup thread] but has failed to stop it. This is very likely to create a memory leak.
十二月 27, 2016 8:55:10 下午 org.apache.catalina.loader.WebappClassLoader clearReferencesThreads
严重: The web application [/Weixin] appears to have started a thread named [Timer-0] but has failed to stop it. This is very likely to create a memory leak.
十二月 27, 2016 8:55:25 下午 org.apache.catalina.core.StandardContext reload
信息: Reloading Context with name [/Weixin] is completed
十二月 27, 2016 9:14:10 下午 org.apache.catalina.startup.VersionLoggerListener log
信息: Server version:        Apache Tomcat/7.0.57
十二月 27, 2016 9:14:11 下午 org.apache.catalina.startup.VersionLoggerListener log
信息: Server built:          Nov 3 2014 08:39:16 UTC
十二月 27, 2016 9:14:11 下午 org.apache.catalina.startup.VersionLoggerListener log
信息: Server number:         7.0.57.0
十二月 27, 2016 9:14:11 下午 org.apache.catalina.startup.VersionLoggerListener log
信息: OS Name:               Windows 10
十二月 27, 2016 9:14:11 下午 org.apache.catalina.startup.VersionLoggerListener log
信息: OS Version:            10.0
十二月 27, 2016 9:14:11 下午 org.apache.catalina.startup.VersionLoggerListener log
信息: Architecture:          amd64
十二月 27, 2016 9:14:11 下午 org.apache.catalina.startup.VersionLoggerListener log
信息: JAVA_HOME:             D:\code\mycode\project-weixin\infrastructure\jdk\default\jre
十二月 27, 2016 9:14:11 下午 org.apache.catalina.startup.VersionLoggerListener log
信息: JVM Version:           1.8.0_102-b14
十二月 27, 2016 9:14:11 下午 org.apache.catalina.startup.VersionLoggerListener log
信息: JVM Vendor:            Oracle Corporation
十二月 27, 2016 9:14:11 下午 org.apache.catalina.startup.VersionLoggerListener log
信息: CATALINA_BASE:         D:\code\mycode\project-weixin\infrastructure\tomcat\default
十二月 27, 2016 9:14:11 下午 org.apache.catalina.startup.VersionLoggerListener log
信息: CATALINA_HOME:         D:\code\mycode\project-weixin\infrastructure\tomcat\default
十二月 27, 2016 9:14:11 下午 org.apache.catalina.startup.VersionLoggerListener log
信息: Command line argument: -Xmx1024m
十二月 27, 2016 9:14:11 下午 org.apache.catalina.startup.VersionLoggerListener log
信息: Command line argument: -XX:MaxNewSize=256m
十二月 27, 2016 9:14:11 下午 org.apache.catalina.startup.VersionLoggerListener log
信息: Command line argument: -XX:MaxPermSize=256m
十二月 27, 2016 9:14:11 下午 org.apache.catalina.startup.VersionLoggerListener log
信息: Command line argument: -Djava.awt.headless=true
十二月 27, 2016 9:14:11 下午 org.apache.catalina.startup.VersionLoggerListener log
信息: Command line argument: -Xdebug
十二月 27, 2016 9:14:11 下午 org.apache.catalina.startup.VersionLoggerListener log
信息: Command line argument: -Xnoagent
十二月 27, 2016 9:14:11 下午 org.apache.catalina.startup.VersionLoggerListener log
信息: Command line argument: -Xrunjdwp:transport=dt_socket,address=7777,server=y,suspend=n
十二月 27, 2016 9:14:11 下午 org.apache.catalina.startup.VersionLoggerListener log
信息: Command line argument: -DTOMCAT_PORT_HTTP=80
十二月 27, 2016 9:14:11 下午 org.apache.catalina.startup.VersionLoggerListener log
信息: Command line argument: -DTOMCAT_PORT_HTTPS=8443
十二月 27, 2016 9:14:11 下午 org.apache.catalina.startup.VersionLoggerListener log
信息: Command line argument: -DPROFILE_STAMP=a8ee23155196791ddf5e4d0bd86bd8db
十二月 27, 2016 9:14:11 下午 org.apache.catalina.startup.VersionLoggerListener log
信息: Command line argument: -DINSTANCE_STAMP=a8ee23155196791ddf5e4d0bd86bd8db.1482844419024
十二月 27, 2016 9:14:11 下午 org.apache.catalina.startup.VersionLoggerListener log
信息: Command line argument: -Djava.util.logging.config.file=D:\code\mycode\project-weixin\infrastructure\tomcat\default\conf\logging.properties
十二月 27, 2016 9:14:11 下午 org.apache.catalina.startup.VersionLoggerListener log
信息: Command line argument: -Djava.util.logging.manager=org.apache.juli.ClassLoaderLogManager
十二月 27, 2016 9:14:11 下午 org.apache.catalina.startup.VersionLoggerListener log
信息: Command line argument: -Djava.endorsed.dirs=D:\code\mycode\project-weixin\infrastructure\tomcat\default\endorsed
十二月 27, 2016 9:14:11 下午 org.apache.catalina.startup.VersionLoggerListener log
信息: Command line argument: -Dcatalina.base=D:\code\mycode\project-weixin\infrastructure\tomcat\default
十二月 27, 2016 9:14:11 下午 org.apache.catalina.startup.VersionLoggerListener log
信息: Command line argument: -Dcatalina.home=D:\code\mycode\project-weixin\infrastructure\tomcat\default
十二月 27, 2016 9:14:11 下午 org.apache.catalina.startup.VersionLoggerListener log
信息: Command line argument: -Djava.io.tmpdir=D:\code\mycode\project-weixin\infrastructure\tomcat\default\temp
十二月 27, 2016 9:14:11 下午 org.apache.catalina.core.AprLifecycleListener lifecycleEvent
信息: The APR based Apache Tomcat Native library which allows optimal performance in production environments was not found on the java.library.path: D:\code\mycode\project-weixin\infrastructure\jdk\default\bin;C:\WINDOWS\Sun\Java\bin;C:\WINDOWS\system32;C:\WINDOWS;C:\ProgramData\Oracle\Java\javapath;C:\WINDOWS\system32;C:\WINDOWS;C:\WINDOWS\System32\Wbem;C:\WINDOWS\System32\WindowsPowerShell\v1.0\;C:\Program Files (x86)\Intel\OpenCL SDK\2.0\bin\x86;C:\Program Files (x86)\Intel\OpenCL SDK\2.0\bin\x64;D:\Program Files\Java\jdk1.8.0_102\bin;D:\Program Files\TortoiseSVN\bin;D:\env\gradle-3.0\bin;D:\Program Files\nodejs\;C:\Users\wangxh\AppData\Roaming\npm;%USERPROFILE%\AppData\Local\Microsoft\WindowsApps;.
十二月 27, 2016 9:14:21 下午 org.apache.coyote.AbstractProtocol init
信息: Initializing ProtocolHandler ["http-bio-80"]
十二月 27, 2016 9:14:22 下午 org.apache.coyote.AbstractProtocol init
信息: Initializing ProtocolHandler ["http-bio-8443"]
十二月 27, 2016 9:14:30 下午 org.apache.catalina.startup.Catalina load
信息: Initialization processed in 27999 ms
十二月 27, 2016 9:14:30 下午 org.apache.catalina.core.StandardService startInternal
信息: Starting service Catalina
十二月 27, 2016 9:14:30 下午 org.apache.catalina.core.StandardEngine startInternal
信息: Starting Servlet Engine: Apache Tomcat/7.0.57
十二月 27, 2016 9:14:30 下午 org.apache.catalina.startup.HostConfig deployDescriptor
信息: Deploying configuration descriptor D:\code\mycode\project-weixin\infrastructure\tomcat\default\conf\Catalina\localhost\Weixin.xml
十二月 27, 2016 9:15:03 下午 org.apache.catalina.startup.HostConfig deployDescriptor
信息: Deployment of configuration descriptor D:\code\mycode\project-weixin\infrastructure\tomcat\default\conf\Catalina\localhost\Weixin.xml has finished in 32,512 ms
十二月 27, 2016 9:15:03 下午 org.apache.catalina.startup.HostConfig deployDirectory
信息: Deploying web application directory D:\code\mycode\project-weixin\infrastructure\tomcat\default\webapps\docs
十二月 27, 2016 9:15:03 下午 org.apache.catalina.startup.HostConfig deployDirectory
信息: Deployment of web application directory D:\code\mycode\project-weixin\infrastructure\tomcat\default\webapps\docs has finished in 353 ms
十二月 27, 2016 9:15:03 下午 org.apache.catalina.startup.HostConfig deployDirectory
信息: Deploying web application directory D:\code\mycode\project-weixin\infrastructure\tomcat\default\webapps\examples
十二月 27, 2016 9:15:07 下午 org.apache.catalina.startup.HostConfig deployDirectory
信息: Deployment of web application directory D:\code\mycode\project-weixin\infrastructure\tomcat\default\webapps\examples has finished in 3,359 ms
十二月 27, 2016 9:15:07 下午 org.apache.catalina.startup.HostConfig deployDirectory
信息: Deploying web application directory D:\code\mycode\project-weixin\infrastructure\tomcat\default\webapps\host-manager
十二月 27, 2016 9:15:07 下午 org.apache.catalina.startup.HostConfig deployDirectory
信息: Deployment of web application directory D:\code\mycode\project-weixin\infrastructure\tomcat\default\webapps\host-manager has finished in 273 ms
十二月 27, 2016 9:15:07 下午 org.apache.catalina.startup.HostConfig deployDirectory
信息: Deploying web application directory D:\code\mycode\project-weixin\infrastructure\tomcat\default\webapps\manager
十二月 27, 2016 9:15:07 下午 org.apache.catalina.startup.HostConfig deployDirectory
信息: Deployment of web application directory D:\code\mycode\project-weixin\infrastructure\tomcat\default\webapps\manager has finished in 340 ms
十二月 27, 2016 9:15:07 下午 org.apache.catalina.startup.HostConfig deployDirectory
信息: Deploying web application directory D:\code\mycode\project-weixin\infrastructure\tomcat\default\webapps\ROOT
十二月 27, 2016 9:15:07 下午 org.apache.catalina.startup.HostConfig deployDirectory
信息: Deployment of web application directory D:\code\mycode\project-weixin\infrastructure\tomcat\default\webapps\ROOT has finished in 201 ms
十二月 27, 2016 9:15:07 下午 org.apache.coyote.AbstractProtocol start
信息: Starting ProtocolHandler ["http-bio-80"]
十二月 27, 2016 9:15:07 下午 org.apache.coyote.AbstractProtocol start
信息: Starting ProtocolHandler ["http-bio-8443"]
十二月 27, 2016 9:15:07 下午 org.apache.catalina.startup.Catalina start
信息: Server startup in 37478 ms
