一月 03, 2017 2:12:44 下午 org.apache.catalina.startup.VersionLoggerListener log
信息: Server version:        Apache Tomcat/7.0.57
一月 03, 2017 2:12:44 下午 org.apache.catalina.startup.VersionLoggerListener log
信息: Server built:          Nov 3 2014 08:39:16 UTC
一月 03, 2017 2:12:44 下午 org.apache.catalina.startup.VersionLoggerListener log
信息: Server number:         7.0.57.0
一月 03, 2017 2:12:44 下午 org.apache.catalina.startup.VersionLoggerListener log
信息: OS Name:               Windows 10
一月 03, 2017 2:12:44 下午 org.apache.catalina.startup.VersionLoggerListener log
信息: OS Version:            10.0
一月 03, 2017 2:12:44 下午 org.apache.catalina.startup.VersionLoggerListener log
信息: Architecture:          amd64
一月 03, 2017 2:12:44 下午 org.apache.catalina.startup.VersionLoggerListener log
信息: JAVA_HOME:             D:\code\mycode\project-weixin\infrastructure\jdk\default\jre
一月 03, 2017 2:12:44 下午 org.apache.catalina.startup.VersionLoggerListener log
信息: JVM Version:           1.8.0_102-b14
一月 03, 2017 2:12:44 下午 org.apache.catalina.startup.VersionLoggerListener log
信息: JVM Vendor:            Oracle Corporation
一月 03, 2017 2:12:44 下午 org.apache.catalina.startup.VersionLoggerListener log
信息: CATALINA_BASE:         D:\code\mycode\project-weixin\infrastructure\tomcat\default
一月 03, 2017 2:12:44 下午 org.apache.catalina.startup.VersionLoggerListener log
信息: CATALINA_HOME:         D:\code\mycode\project-weixin\infrastructure\tomcat\default
一月 03, 2017 2:12:44 下午 org.apache.catalina.startup.VersionLoggerListener log
信息: Command line argument: -Xmx1024m
一月 03, 2017 2:12:44 下午 org.apache.catalina.startup.VersionLoggerListener log
信息: Command line argument: -XX:MaxNewSize=256m
一月 03, 2017 2:12:44 下午 org.apache.catalina.startup.VersionLoggerListener log
信息: Command line argument: -XX:MaxPermSize=256m
一月 03, 2017 2:12:44 下午 org.apache.catalina.startup.VersionLoggerListener log
信息: Command line argument: -Djava.awt.headless=true
一月 03, 2017 2:12:44 下午 org.apache.catalina.startup.VersionLoggerListener log
信息: Command line argument: -Xdebug
一月 03, 2017 2:12:44 下午 org.apache.catalina.startup.VersionLoggerListener log
信息: Command line argument: -Xnoagent
一月 03, 2017 2:12:44 下午 org.apache.catalina.startup.VersionLoggerListener log
信息: Command line argument: -Xrunjdwp:transport=dt_socket,address=7777,server=y,suspend=n
一月 03, 2017 2:12:44 下午 org.apache.catalina.startup.VersionLoggerListener log
信息: Command line argument: -DTOMCAT_PORT_HTTP=80
一月 03, 2017 2:12:44 下午 org.apache.catalina.startup.VersionLoggerListener log
信息: Command line argument: -DTOMCAT_PORT_HTTPS=8443
一月 03, 2017 2:12:44 下午 org.apache.catalina.startup.VersionLoggerListener log
信息: Command line argument: -DPROFILE_STAMP=a8ee23155196791ddf5e4d0bd86bd8db
一月 03, 2017 2:12:44 下午 org.apache.catalina.startup.VersionLoggerListener log
信息: Command line argument: -DINSTANCE_STAMP=a8ee23155196791ddf5e4d0bd86bd8db.1483423959412
一月 03, 2017 2:12:44 下午 org.apache.catalina.startup.VersionLoggerListener log
信息: Command line argument: -Djava.util.logging.config.file=D:\code\mycode\project-weixin\infrastructure\tomcat\default\conf\logging.properties
一月 03, 2017 2:12:44 下午 org.apache.catalina.startup.VersionLoggerListener log
信息: Command line argument: -Djava.util.logging.manager=org.apache.juli.ClassLoaderLogManager
一月 03, 2017 2:12:44 下午 org.apache.catalina.startup.VersionLoggerListener log
信息: Command line argument: -Djava.endorsed.dirs=D:\code\mycode\project-weixin\infrastructure\tomcat\default\endorsed
一月 03, 2017 2:12:44 下午 org.apache.catalina.startup.VersionLoggerListener log
信息: Command line argument: -Dcatalina.base=D:\code\mycode\project-weixin\infrastructure\tomcat\default
一月 03, 2017 2:12:44 下午 org.apache.catalina.startup.VersionLoggerListener log
信息: Command line argument: -Dcatalina.home=D:\code\mycode\project-weixin\infrastructure\tomcat\default
一月 03, 2017 2:12:44 下午 org.apache.catalina.startup.VersionLoggerListener log
信息: Command line argument: -Djava.io.tmpdir=D:\code\mycode\project-weixin\infrastructure\tomcat\default\temp
一月 03, 2017 2:12:44 下午 org.apache.catalina.core.AprLifecycleListener lifecycleEvent
信息: The APR based Apache Tomcat Native library which allows optimal performance in production environments was not found on the java.library.path: D:\code\mycode\project-weixin\infrastructure\jdk\default\bin;C:\WINDOWS\Sun\Java\bin;C:\WINDOWS\system32;C:\WINDOWS;C:\ProgramData\Oracle\Java\javapath;C:\WINDOWS\system32;C:\WINDOWS;C:\WINDOWS\System32\Wbem;C:\WINDOWS\System32\WindowsPowerShell\v1.0\;C:\Program Files (x86)\Intel\OpenCL SDK\2.0\bin\x86;C:\Program Files (x86)\Intel\OpenCL SDK\2.0\bin\x64;D:\Program Files\Java\jdk1.8.0_102\bin;D:\Program Files\TortoiseSVN\bin;D:\env\gradle-3.0\bin;D:\Program Files\nodejs\;C:\Users\wangxh\AppData\Roaming\npm;%USERPROFILE%\AppData\Local\Microsoft\WindowsApps;.
一月 03, 2017 2:12:45 下午 org.apache.coyote.AbstractProtocol init
信息: Initializing ProtocolHandler ["http-bio-80"]
一月 03, 2017 2:12:45 下午 org.apache.coyote.AbstractProtocol init
信息: Initializing ProtocolHandler ["http-bio-8443"]
一月 03, 2017 2:12:47 下午 org.apache.catalina.startup.Catalina load
信息: Initialization processed in 3889 ms
一月 03, 2017 2:12:47 下午 org.apache.catalina.core.StandardService startInternal
信息: Starting service Catalina
一月 03, 2017 2:12:47 下午 org.apache.catalina.core.StandardEngine startInternal
信息: Starting Servlet Engine: Apache Tomcat/7.0.57
一月 03, 2017 2:12:47 下午 org.apache.catalina.startup.HostConfig deployDescriptor
信息: Deploying configuration descriptor D:\code\mycode\project-weixin\infrastructure\tomcat\default\conf\Catalina\localhost\Weixin.xml
一月 03, 2017 2:12:59 下午 org.apache.catalina.startup.HostConfig deployDescriptor
信息: Deployment of configuration descriptor D:\code\mycode\project-weixin\infrastructure\tomcat\default\conf\Catalina\localhost\Weixin.xml has finished in 12,264 ms
一月 03, 2017 2:12:59 下午 org.apache.catalina.startup.HostConfig deployDirectory
信息: Deploying web application directory D:\code\mycode\project-weixin\infrastructure\tomcat\default\webapps\docs
一月 03, 2017 2:12:59 下午 org.apache.catalina.startup.HostConfig deployDirectory
信息: Deployment of web application directory D:\code\mycode\project-weixin\infrastructure\tomcat\default\webapps\docs has finished in 137 ms
一月 03, 2017 2:12:59 下午 org.apache.catalina.startup.HostConfig deployDirectory
信息: Deploying web application directory D:\code\mycode\project-weixin\infrastructure\tomcat\default\webapps\examples
一月 03, 2017 2:13:02 下午 org.apache.catalina.startup.HostConfig deployDirectory
信息: Deployment of web application directory D:\code\mycode\project-weixin\infrastructure\tomcat\default\webapps\examples has finished in 2,746 ms
一月 03, 2017 2:13:02 下午 org.apache.catalina.startup.HostConfig deployDirectory
信息: Deploying web application directory D:\code\mycode\project-weixin\infrastructure\tomcat\default\webapps\host-manager
一月 03, 2017 2:13:02 下午 org.apache.catalina.startup.HostConfig deployDirectory
信息: Deployment of web application directory D:\code\mycode\project-weixin\infrastructure\tomcat\default\webapps\host-manager has finished in 158 ms
一月 03, 2017 2:13:02 下午 org.apache.catalina.startup.HostConfig deployDirectory
信息: Deploying web application directory D:\code\mycode\project-weixin\infrastructure\tomcat\default\webapps\manager
一月 03, 2017 2:13:02 下午 org.apache.catalina.startup.HostConfig deployDirectory
信息: Deployment of web application directory D:\code\mycode\project-weixin\infrastructure\tomcat\default\webapps\manager has finished in 140 ms
一月 03, 2017 2:13:02 下午 org.apache.catalina.startup.HostConfig deployDirectory
信息: Deploying web application directory D:\code\mycode\project-weixin\infrastructure\tomcat\default\webapps\ROOT
一月 03, 2017 2:13:02 下午 org.apache.catalina.startup.HostConfig deployDirectory
信息: Deployment of web application directory D:\code\mycode\project-weixin\infrastructure\tomcat\default\webapps\ROOT has finished in 124 ms
一月 03, 2017 2:13:02 下午 org.apache.coyote.AbstractProtocol start
信息: Starting ProtocolHandler ["http-bio-80"]
一月 03, 2017 2:13:02 下午 org.apache.coyote.AbstractProtocol start
信息: Starting ProtocolHandler ["http-bio-8443"]
一月 03, 2017 2:13:02 下午 org.apache.catalina.startup.Catalina start
信息: Server startup in 15764 ms
一月 03, 2017 5:05:36 下午 org.apache.catalina.core.StandardContext reload
信息: Reloading Context with name [/Weixin] has started
一月 03, 2017 5:05:36 下午 org.apache.catalina.loader.WebappClassLoader clearReferencesJdbc
严重: The web application [/Weixin] registered the JDBC driver [com.mysql.jdbc.Driver] but failed to unregister it when the web application was stopped. To prevent a memory leak, the JDBC Driver has been forcibly unregistered.
一月 03, 2017 5:05:36 下午 org.apache.catalina.loader.WebappClassLoader clearReferencesThreads
严重: The web application [/Weixin] appears to have started a thread named [Abandoned connection cleanup thread] but has failed to stop it. This is very likely to create a memory leak.
一月 03, 2017 5:05:36 下午 org.apache.catalina.loader.WebappClassLoader clearReferencesThreads
严重: The web application [/Weixin] appears to have started a thread named [Timer-0] but has failed to stop it. This is very likely to create a memory leak.
一月 03, 2017 5:05:47 下午 org.apache.catalina.core.StandardContext reload
信息: Reloading Context with name [/Weixin] is completed
一月 03, 2017 5:05:57 下午 org.apache.catalina.core.StandardContext reload
信息: Reloading Context with name [/Weixin] has started
一月 03, 2017 5:05:57 下午 org.apache.catalina.loader.WebappClassLoader clearReferencesJdbc
严重: The web application [/Weixin] registered the JDBC driver [com.mysql.jdbc.Driver] but failed to unregister it when the web application was stopped. To prevent a memory leak, the JDBC Driver has been forcibly unregistered.
一月 03, 2017 5:05:57 下午 org.apache.catalina.loader.WebappClassLoader clearReferencesThreads
严重: The web application [/Weixin] appears to have started a thread named [Abandoned connection cleanup thread] but has failed to stop it. This is very likely to create a memory leak.
一月 03, 2017 5:05:57 下午 org.apache.catalina.loader.WebappClassLoader clearReferencesThreads
严重: The web application [/Weixin] appears to have started a thread named [Timer-1] but has failed to stop it. This is very likely to create a memory leak.
一月 03, 2017 5:06:04 下午 org.apache.catalina.core.StandardContext reload
信息: Reloading Context with name [/Weixin] is completed
一月 03, 2017 5:17:52 下午 org.apache.catalina.startup.VersionLoggerListener log
信息: Server version:        Apache Tomcat/7.0.57
一月 03, 2017 5:17:52 下午 org.apache.catalina.startup.VersionLoggerListener log
信息: Server built:          Nov 3 2014 08:39:16 UTC
一月 03, 2017 5:17:52 下午 org.apache.catalina.startup.VersionLoggerListener log
信息: Server number:         7.0.57.0
一月 03, 2017 5:17:52 下午 org.apache.catalina.startup.VersionLoggerListener log
信息: OS Name:               Windows 10
一月 03, 2017 5:17:52 下午 org.apache.catalina.startup.VersionLoggerListener log
信息: OS Version:            10.0
一月 03, 2017 5:17:52 下午 org.apache.catalina.startup.VersionLoggerListener log
信息: Architecture:          amd64
一月 03, 2017 5:17:52 下午 org.apache.catalina.startup.VersionLoggerListener log
信息: JAVA_HOME:             D:\code\mycode\project-weixin\infrastructure\jdk\default\jre
一月 03, 2017 5:17:52 下午 org.apache.catalina.startup.VersionLoggerListener log
信息: JVM Version:           1.8.0_102-b14
一月 03, 2017 5:17:52 下午 org.apache.catalina.startup.VersionLoggerListener log
信息: JVM Vendor:            Oracle Corporation
一月 03, 2017 5:17:52 下午 org.apache.catalina.startup.VersionLoggerListener log
信息: CATALINA_BASE:         D:\code\mycode\project-weixin\infrastructure\tomcat\default
一月 03, 2017 5:17:52 下午 org.apache.catalina.startup.VersionLoggerListener log
信息: CATALINA_HOME:         D:\code\mycode\project-weixin\infrastructure\tomcat\default
一月 03, 2017 5:17:52 下午 org.apache.catalina.startup.VersionLoggerListener log
信息: Command line argument: -Xmx1024m
一月 03, 2017 5:17:52 下午 org.apache.catalina.startup.VersionLoggerListener log
信息: Command line argument: -XX:MaxNewSize=256m
一月 03, 2017 5:17:52 下午 org.apache.catalina.startup.VersionLoggerListener log
信息: Command line argument: -XX:MaxPermSize=256m
一月 03, 2017 5:17:52 下午 org.apache.catalina.startup.VersionLoggerListener log
信息: Command line argument: -Djava.awt.headless=true
一月 03, 2017 5:17:52 下午 org.apache.catalina.startup.VersionLoggerListener log
信息: Command line argument: -Xdebug
一月 03, 2017 5:17:52 下午 org.apache.catalina.startup.VersionLoggerListener log
信息: Command line argument: -Xnoagent
一月 03, 2017 5:17:52 下午 org.apache.catalina.startup.VersionLoggerListener log
信息: Command line argument: -Xrunjdwp:transport=dt_socket,address=7777,server=y,suspend=n
一月 03, 2017 5:17:52 下午 org.apache.catalina.startup.VersionLoggerListener log
信息: Command line argument: -DTOMCAT_PORT_HTTP=80
一月 03, 2017 5:17:52 下午 org.apache.catalina.startup.VersionLoggerListener log
信息: Command line argument: -DTOMCAT_PORT_HTTPS=8443
一月 03, 2017 5:17:52 下午 org.apache.catalina.startup.VersionLoggerListener log
信息: Command line argument: -DPROFILE_STAMP=a8ee23155196791ddf5e4d0bd86bd8db
一月 03, 2017 5:17:52 下午 org.apache.catalina.startup.VersionLoggerListener log
信息: Command line argument: -DINSTANCE_STAMP=a8ee23155196791ddf5e4d0bd86bd8db.1483435068452
一月 03, 2017 5:17:52 下午 org.apache.catalina.startup.VersionLoggerListener log
信息: Command line argument: -Djava.util.logging.config.file=D:\code\mycode\project-weixin\infrastructure\tomcat\default\conf\logging.properties
一月 03, 2017 5:17:52 下午 org.apache.catalina.startup.VersionLoggerListener log
信息: Command line argument: -Djava.util.logging.manager=org.apache.juli.ClassLoaderLogManager
一月 03, 2017 5:17:52 下午 org.apache.catalina.startup.VersionLoggerListener log
信息: Command line argument: -Djava.endorsed.dirs=D:\code\mycode\project-weixin\infrastructure\tomcat\default\endorsed
一月 03, 2017 5:17:52 下午 org.apache.catalina.startup.VersionLoggerListener log
信息: Command line argument: -Dcatalina.base=D:\code\mycode\project-weixin\infrastructure\tomcat\default
一月 03, 2017 5:17:52 下午 org.apache.catalina.startup.VersionLoggerListener log
信息: Command line argument: -Dcatalina.home=D:\code\mycode\project-weixin\infrastructure\tomcat\default
一月 03, 2017 5:17:52 下午 org.apache.catalina.startup.VersionLoggerListener log
信息: Command line argument: -Djava.io.tmpdir=D:\code\mycode\project-weixin\infrastructure\tomcat\default\temp
一月 03, 2017 5:17:52 下午 org.apache.catalina.core.AprLifecycleListener lifecycleEvent
信息: The APR based Apache Tomcat Native library which allows optimal performance in production environments was not found on the java.library.path: D:\code\mycode\project-weixin\infrastructure\jdk\default\bin;C:\WINDOWS\Sun\Java\bin;C:\WINDOWS\system32;C:\WINDOWS;C:\ProgramData\Oracle\Java\javapath;C:\WINDOWS\system32;C:\WINDOWS;C:\WINDOWS\System32\Wbem;C:\WINDOWS\System32\WindowsPowerShell\v1.0\;C:\Program Files (x86)\Intel\OpenCL SDK\2.0\bin\x86;C:\Program Files (x86)\Intel\OpenCL SDK\2.0\bin\x64;D:\Program Files\Java\jdk1.8.0_102\bin;D:\Program Files\TortoiseSVN\bin;D:\env\gradle-3.0\bin;D:\Program Files\nodejs\;C:\Users\wangxh\AppData\Roaming\npm;%USERPROFILE%\AppData\Local\Microsoft\WindowsApps;.
一月 03, 2017 5:17:53 下午 org.apache.coyote.AbstractProtocol init
信息: Initializing ProtocolHandler ["http-bio-80"]
一月 03, 2017 5:17:53 下午 org.apache.coyote.AbstractProtocol init
信息: Initializing ProtocolHandler ["http-bio-8443"]
一月 03, 2017 5:17:54 下午 org.apache.catalina.startup.Catalina load
信息: Initialization processed in 3619 ms
一月 03, 2017 5:17:54 下午 org.apache.catalina.core.StandardService startInternal
信息: Starting service Catalina
一月 03, 2017 5:17:54 下午 org.apache.catalina.core.StandardEngine startInternal
信息: Starting Servlet Engine: Apache Tomcat/7.0.57
一月 03, 2017 5:17:55 下午 org.apache.catalina.startup.HostConfig deployDescriptor
信息: Deploying configuration descriptor D:\code\mycode\project-weixin\infrastructure\tomcat\default\conf\Catalina\localhost\Weixin.xml
一月 03, 2017 5:18:07 下午 org.apache.catalina.startup.HostConfig deployDescriptor
信息: Deployment of configuration descriptor D:\code\mycode\project-weixin\infrastructure\tomcat\default\conf\Catalina\localhost\Weixin.xml has finished in 12,507 ms
一月 03, 2017 5:18:07 下午 org.apache.catalina.startup.HostConfig deployDirectory
信息: Deploying web application directory D:\code\mycode\project-weixin\infrastructure\tomcat\default\webapps\docs
一月 03, 2017 5:18:07 下午 org.apache.catalina.startup.HostConfig deployDirectory
信息: Deployment of web application directory D:\code\mycode\project-weixin\infrastructure\tomcat\default\webapps\docs has finished in 150 ms
一月 03, 2017 5:18:07 下午 org.apache.catalina.startup.HostConfig deployDirectory
信息: Deploying web application directory D:\code\mycode\project-weixin\infrastructure\tomcat\default\webapps\examples
一月 03, 2017 5:18:09 下午 org.apache.catalina.startup.HostConfig deployDirectory
信息: Deployment of web application directory D:\code\mycode\project-weixin\infrastructure\tomcat\default\webapps\examples has finished in 1,851 ms
一月 03, 2017 5:18:09 下午 org.apache.catalina.startup.HostConfig deployDirectory
信息: Deploying web application directory D:\code\mycode\project-weixin\infrastructure\tomcat\default\webapps\host-manager
一月 03, 2017 5:18:09 下午 org.apache.catalina.startup.HostConfig deployDirectory
信息: Deployment of web application directory D:\code\mycode\project-weixin\infrastructure\tomcat\default\webapps\host-manager has finished in 180 ms
一月 03, 2017 5:18:09 下午 org.apache.catalina.startup.HostConfig deployDirectory
信息: Deploying web application directory D:\code\mycode\project-weixin\infrastructure\tomcat\default\webapps\manager
一月 03, 2017 5:18:09 下午 org.apache.catalina.startup.HostConfig deployDirectory
信息: Deployment of web application directory D:\code\mycode\project-weixin\infrastructure\tomcat\default\webapps\manager has finished in 232 ms
一月 03, 2017 5:18:09 下午 org.apache.catalina.startup.HostConfig deployDirectory
信息: Deploying web application directory D:\code\mycode\project-weixin\infrastructure\tomcat\default\webapps\ROOT
一月 03, 2017 5:18:10 下午 org.apache.catalina.startup.HostConfig deployDirectory
信息: Deployment of web application directory D:\code\mycode\project-weixin\infrastructure\tomcat\default\webapps\ROOT has finished in 104 ms
一月 03, 2017 5:18:10 下午 org.apache.coyote.AbstractProtocol start
信息: Starting ProtocolHandler ["http-bio-80"]
一月 03, 2017 5:18:10 下午 org.apache.coyote.AbstractProtocol start
信息: Starting ProtocolHandler ["http-bio-8443"]
一月 03, 2017 5:18:10 下午 org.apache.catalina.startup.Catalina start
信息: Server startup in 15202 ms
一月 03, 2017 5:46:03 下午 org.apache.catalina.core.StandardContext reload
信息: Reloading Context with name [/Weixin] has started
一月 03, 2017 5:46:03 下午 org.apache.catalina.loader.WebappClassLoader clearReferencesJdbc
严重: The web application [/Weixin] registered the JDBC driver [com.mysql.jdbc.Driver] but failed to unregister it when the web application was stopped. To prevent a memory leak, the JDBC Driver has been forcibly unregistered.
一月 03, 2017 5:46:03 下午 org.apache.catalina.loader.WebappClassLoader clearReferencesThreads
严重: The web application [/Weixin] appears to have started a thread named [Abandoned connection cleanup thread] but has failed to stop it. This is very likely to create a memory leak.
一月 03, 2017 5:46:03 下午 org.apache.catalina.loader.WebappClassLoader clearReferencesThreads
严重: The web application [/Weixin] appears to have started a thread named [Timer-0] but has failed to stop it. This is very likely to create a memory leak.
一月 03, 2017 5:46:11 下午 org.apache.catalina.core.StandardContext reload
信息: Reloading Context with name [/Weixin] is completed
