十二月 22, 2016 10:30:54 下午 org.apache.catalina.startup.VersionLoggerListener log
信息: Server version:        Apache Tomcat/7.0.57
十二月 22, 2016 10:30:54 下午 org.apache.catalina.startup.VersionLoggerListener log
信息: Server built:          Nov 3 2014 08:39:16 UTC
十二月 22, 2016 10:30:54 下午 org.apache.catalina.startup.VersionLoggerListener log
信息: Server number:         7.0.57.0
十二月 22, 2016 10:30:54 下午 org.apache.catalina.startup.VersionLoggerListener log
信息: OS Name:               Windows 10
十二月 22, 2016 10:30:54 下午 org.apache.catalina.startup.VersionLoggerListener log
信息: OS Version:            10.0
十二月 22, 2016 10:30:54 下午 org.apache.catalina.startup.VersionLoggerListener log
信息: Architecture:          amd64
十二月 22, 2016 10:30:54 下午 org.apache.catalina.startup.VersionLoggerListener log
信息: JAVA_HOME:             D:\code\mycode\project-weixin\infrastructure\jdk\default\jre
十二月 22, 2016 10:30:54 下午 org.apache.catalina.startup.VersionLoggerListener log
信息: JVM Version:           1.8.0_102-b14
十二月 22, 2016 10:30:54 下午 org.apache.catalina.startup.VersionLoggerListener log
信息: JVM Vendor:            Oracle Corporation
十二月 22, 2016 10:30:54 下午 org.apache.catalina.startup.VersionLoggerListener log
信息: CATALINA_BASE:         D:\code\mycode\project-weixin\infrastructure\tomcat\default
十二月 22, 2016 10:30:54 下午 org.apache.catalina.startup.VersionLoggerListener log
信息: CATALINA_HOME:         D:\code\mycode\project-weixin\infrastructure\tomcat\default
十二月 22, 2016 10:30:54 下午 org.apache.catalina.startup.VersionLoggerListener log
信息: Command line argument: -Xmx1024m
十二月 22, 2016 10:30:54 下午 org.apache.catalina.startup.VersionLoggerListener log
信息: Command line argument: -XX:MaxNewSize=256m
十二月 22, 2016 10:30:54 下午 org.apache.catalina.startup.VersionLoggerListener log
信息: Command line argument: -XX:MaxPermSize=256m
十二月 22, 2016 10:30:54 下午 org.apache.catalina.startup.VersionLoggerListener log
信息: Command line argument: -Djava.awt.headless=true
十二月 22, 2016 10:30:54 下午 org.apache.catalina.startup.VersionLoggerListener log
信息: Command line argument: -Xdebug
十二月 22, 2016 10:30:54 下午 org.apache.catalina.startup.VersionLoggerListener log
信息: Command line argument: -Xnoagent
十二月 22, 2016 10:30:54 下午 org.apache.catalina.startup.VersionLoggerListener log
信息: Command line argument: -Xrunjdwp:transport=dt_socket,address=7777,server=y,suspend=n
十二月 22, 2016 10:30:54 下午 org.apache.catalina.startup.VersionLoggerListener log
信息: Command line argument: -DTOMCAT_PORT_HTTP=80
十二月 22, 2016 10:30:54 下午 org.apache.catalina.startup.VersionLoggerListener log
信息: Command line argument: -DTOMCAT_PORT_HTTPS=8443
十二月 22, 2016 10:30:54 下午 org.apache.catalina.startup.VersionLoggerListener log
信息: Command line argument: -DPROFILE_STAMP=a8ee23155196791ddf5e4d0bd86bd8db
十二月 22, 2016 10:30:54 下午 org.apache.catalina.startup.VersionLoggerListener log
信息: Command line argument: -DINSTANCE_STAMP=a8ee23155196791ddf5e4d0bd86bd8db.1482417047332
十二月 22, 2016 10:30:54 下午 org.apache.catalina.startup.VersionLoggerListener log
信息: Command line argument: -Djava.util.logging.config.file=D:\code\mycode\project-weixin\infrastructure\tomcat\default\conf\logging.properties
十二月 22, 2016 10:30:54 下午 org.apache.catalina.startup.VersionLoggerListener log
信息: Command line argument: -Djava.util.logging.manager=org.apache.juli.ClassLoaderLogManager
十二月 22, 2016 10:30:54 下午 org.apache.catalina.startup.VersionLoggerListener log
信息: Command line argument: -Djava.endorsed.dirs=D:\code\mycode\project-weixin\infrastructure\tomcat\default\endorsed
十二月 22, 2016 10:30:54 下午 org.apache.catalina.startup.VersionLoggerListener log
信息: Command line argument: -Dcatalina.base=D:\code\mycode\project-weixin\infrastructure\tomcat\default
十二月 22, 2016 10:30:54 下午 org.apache.catalina.startup.VersionLoggerListener log
信息: Command line argument: -Dcatalina.home=D:\code\mycode\project-weixin\infrastructure\tomcat\default
十二月 22, 2016 10:30:54 下午 org.apache.catalina.startup.VersionLoggerListener log
信息: Command line argument: -Djava.io.tmpdir=D:\code\mycode\project-weixin\infrastructure\tomcat\default\temp
十二月 22, 2016 10:30:54 下午 org.apache.catalina.core.AprLifecycleListener lifecycleEvent
信息: The APR based Apache Tomcat Native library which allows optimal performance in production environments was not found on the java.library.path: D:\code\mycode\project-weixin\infrastructure\jdk\default\bin;C:\WINDOWS\Sun\Java\bin;C:\WINDOWS\system32;C:\WINDOWS;C:\ProgramData\Oracle\Java\javapath;C:\WINDOWS\system32;C:\WINDOWS;C:\WINDOWS\System32\Wbem;C:\WINDOWS\System32\WindowsPowerShell\v1.0\;C:\Program Files (x86)\Intel\OpenCL SDK\2.0\bin\x86;C:\Program Files (x86)\Intel\OpenCL SDK\2.0\bin\x64;D:\Program Files\Java\jdk1.8.0_102\bin;D:\Program Files\TortoiseSVN\bin;D:\env\gradle-3.0\bin;D:\Program Files\nodejs\;C:\Users\wangxh\AppData\Roaming\npm;%USERPROFILE%\AppData\Local\Microsoft\WindowsApps;.
十二月 22, 2016 10:30:56 下午 org.apache.coyote.AbstractProtocol init
信息: Initializing ProtocolHandler ["http-bio-80"]
十二月 22, 2016 10:30:56 下午 org.apache.coyote.AbstractProtocol init
信息: Initializing ProtocolHandler ["http-bio-8443"]
十二月 22, 2016 10:30:58 下午 org.apache.catalina.startup.Catalina load
信息: Initialization processed in 5141 ms
十二月 22, 2016 10:30:58 下午 org.apache.catalina.core.StandardService startInternal
信息: Starting service Catalina
十二月 22, 2016 10:30:58 下午 org.apache.catalina.core.StandardEngine startInternal
信息: Starting Servlet Engine: Apache Tomcat/7.0.57
十二月 22, 2016 10:30:58 下午 org.apache.catalina.startup.HostConfig deployDescriptor
信息: Deploying configuration descriptor D:\code\mycode\project-weixin\infrastructure\tomcat\default\conf\Catalina\localhost\Weixin.xml
十二月 22, 2016 10:31:03 下午 org.apache.catalina.core.StandardContext startInternal
严重: Error listenerStart
十二月 22, 2016 10:31:03 下午 org.apache.catalina.core.StandardContext startInternal
严重: Context [/Weixin] startup failed due to previous errors
十二月 22, 2016 10:31:03 下午 org.apache.catalina.startup.HostConfig deployDescriptor
信息: Deployment of configuration descriptor D:\code\mycode\project-weixin\infrastructure\tomcat\default\conf\Catalina\localhost\Weixin.xml has finished in 5,346 ms
十二月 22, 2016 10:31:03 下午 org.apache.catalina.startup.HostConfig deployDirectory
信息: Deploying web application directory D:\code\mycode\project-weixin\infrastructure\tomcat\default\webapps\docs
十二月 22, 2016 10:31:03 下午 org.apache.catalina.startup.HostConfig deployDirectory
信息: Deployment of web application directory D:\code\mycode\project-weixin\infrastructure\tomcat\default\webapps\docs has finished in 142 ms
十二月 22, 2016 10:31:04 下午 org.apache.catalina.startup.HostConfig deployDirectory
信息: Deploying web application directory D:\code\mycode\project-weixin\infrastructure\tomcat\default\webapps\examples
十二月 22, 2016 10:31:05 下午 org.apache.catalina.startup.HostConfig deployDirectory
信息: Deployment of web application directory D:\code\mycode\project-weixin\infrastructure\tomcat\default\webapps\examples has finished in 1,806 ms
十二月 22, 2016 10:31:05 下午 org.apache.catalina.startup.HostConfig deployDirectory
信息: Deploying web application directory D:\code\mycode\project-weixin\infrastructure\tomcat\default\webapps\host-manager
十二月 22, 2016 10:31:05 下午 org.apache.catalina.startup.HostConfig deployDirectory
信息: Deployment of web application directory D:\code\mycode\project-weixin\infrastructure\tomcat\default\webapps\host-manager has finished in 151 ms
十二月 22, 2016 10:31:05 下午 org.apache.catalina.startup.HostConfig deployDirectory
信息: Deploying web application directory D:\code\mycode\project-weixin\infrastructure\tomcat\default\webapps\manager
十二月 22, 2016 10:31:06 下午 org.apache.catalina.startup.HostConfig deployDirectory
信息: Deployment of web application directory D:\code\mycode\project-weixin\infrastructure\tomcat\default\webapps\manager has finished in 171 ms
十二月 22, 2016 10:31:06 下午 org.apache.catalina.startup.HostConfig deployDirectory
信息: Deploying web application directory D:\code\mycode\project-weixin\infrastructure\tomcat\default\webapps\ROOT
十二月 22, 2016 10:31:06 下午 org.apache.catalina.startup.HostConfig deployDirectory
信息: Deployment of web application directory D:\code\mycode\project-weixin\infrastructure\tomcat\default\webapps\ROOT has finished in 104 ms
十二月 22, 2016 10:31:06 下午 org.apache.coyote.AbstractProtocol start
信息: Starting ProtocolHandler ["http-bio-80"]
十二月 22, 2016 10:31:06 下午 org.apache.coyote.AbstractProtocol start
信息: Starting ProtocolHandler ["http-bio-8443"]
十二月 22, 2016 10:31:06 下午 org.apache.catalina.startup.Catalina start
信息: Server startup in 8046 ms
十二月 22, 2016 10:34:44 下午 org.apache.catalina.startup.VersionLoggerListener log
信息: Server version:        Apache Tomcat/7.0.57
十二月 22, 2016 10:34:44 下午 org.apache.catalina.startup.VersionLoggerListener log
信息: Server built:          Nov 3 2014 08:39:16 UTC
十二月 22, 2016 10:34:44 下午 org.apache.catalina.startup.VersionLoggerListener log
信息: Server number:         7.0.57.0
十二月 22, 2016 10:34:44 下午 org.apache.catalina.startup.VersionLoggerListener log
信息: OS Name:               Windows 10
十二月 22, 2016 10:34:44 下午 org.apache.catalina.startup.VersionLoggerListener log
信息: OS Version:            10.0
十二月 22, 2016 10:34:44 下午 org.apache.catalina.startup.VersionLoggerListener log
信息: Architecture:          amd64
十二月 22, 2016 10:34:44 下午 org.apache.catalina.startup.VersionLoggerListener log
信息: JAVA_HOME:             D:\code\mycode\project-weixin\infrastructure\jdk\default\jre
十二月 22, 2016 10:34:44 下午 org.apache.catalina.startup.VersionLoggerListener log
信息: JVM Version:           1.8.0_102-b14
十二月 22, 2016 10:34:44 下午 org.apache.catalina.startup.VersionLoggerListener log
信息: JVM Vendor:            Oracle Corporation
十二月 22, 2016 10:34:44 下午 org.apache.catalina.startup.VersionLoggerListener log
信息: CATALINA_BASE:         D:\code\mycode\project-weixin\infrastructure\tomcat\default
十二月 22, 2016 10:34:44 下午 org.apache.catalina.startup.VersionLoggerListener log
信息: CATALINA_HOME:         D:\code\mycode\project-weixin\infrastructure\tomcat\default
十二月 22, 2016 10:34:44 下午 org.apache.catalina.startup.VersionLoggerListener log
信息: Command line argument: -Xmx1024m
十二月 22, 2016 10:34:44 下午 org.apache.catalina.startup.VersionLoggerListener log
信息: Command line argument: -XX:MaxNewSize=256m
十二月 22, 2016 10:34:44 下午 org.apache.catalina.startup.VersionLoggerListener log
信息: Command line argument: -XX:MaxPermSize=256m
十二月 22, 2016 10:34:44 下午 org.apache.catalina.startup.VersionLoggerListener log
信息: Command line argument: -Djava.awt.headless=true
十二月 22, 2016 10:34:44 下午 org.apache.catalina.startup.VersionLoggerListener log
信息: Command line argument: -Xdebug
十二月 22, 2016 10:34:44 下午 org.apache.catalina.startup.VersionLoggerListener log
信息: Command line argument: -Xnoagent
十二月 22, 2016 10:34:44 下午 org.apache.catalina.startup.VersionLoggerListener log
信息: Command line argument: -Xrunjdwp:transport=dt_socket,address=7777,server=y,suspend=n
十二月 22, 2016 10:34:44 下午 org.apache.catalina.startup.VersionLoggerListener log
信息: Command line argument: -DTOMCAT_PORT_HTTP=80
十二月 22, 2016 10:34:44 下午 org.apache.catalina.startup.VersionLoggerListener log
信息: Command line argument: -DTOMCAT_PORT_HTTPS=8443
十二月 22, 2016 10:34:44 下午 org.apache.catalina.startup.VersionLoggerListener log
信息: Command line argument: -DPROFILE_STAMP=a8ee23155196791ddf5e4d0bd86bd8db
十二月 22, 2016 10:34:44 下午 org.apache.catalina.startup.VersionLoggerListener log
信息: Command line argument: -DINSTANCE_STAMP=a8ee23155196791ddf5e4d0bd86bd8db.1482417281210
十二月 22, 2016 10:34:44 下午 org.apache.catalina.startup.VersionLoggerListener log
信息: Command line argument: -Djava.util.logging.config.file=D:\code\mycode\project-weixin\infrastructure\tomcat\default\conf\logging.properties
十二月 22, 2016 10:34:44 下午 org.apache.catalina.startup.VersionLoggerListener log
信息: Command line argument: -Djava.util.logging.manager=org.apache.juli.ClassLoaderLogManager
十二月 22, 2016 10:34:44 下午 org.apache.catalina.startup.VersionLoggerListener log
信息: Command line argument: -Djava.endorsed.dirs=D:\code\mycode\project-weixin\infrastructure\tomcat\default\endorsed
十二月 22, 2016 10:34:44 下午 org.apache.catalina.startup.VersionLoggerListener log
信息: Command line argument: -Dcatalina.base=D:\code\mycode\project-weixin\infrastructure\tomcat\default
十二月 22, 2016 10:34:44 下午 org.apache.catalina.startup.VersionLoggerListener log
信息: Command line argument: -Dcatalina.home=D:\code\mycode\project-weixin\infrastructure\tomcat\default
十二月 22, 2016 10:34:44 下午 org.apache.catalina.startup.VersionLoggerListener log
信息: Command line argument: -Djava.io.tmpdir=D:\code\mycode\project-weixin\infrastructure\tomcat\default\temp
十二月 22, 2016 10:34:44 下午 org.apache.catalina.core.AprLifecycleListener lifecycleEvent
信息: The APR based Apache Tomcat Native library which allows optimal performance in production environments was not found on the java.library.path: D:\code\mycode\project-weixin\infrastructure\jdk\default\bin;C:\WINDOWS\Sun\Java\bin;C:\WINDOWS\system32;C:\WINDOWS;C:\ProgramData\Oracle\Java\javapath;C:\WINDOWS\system32;C:\WINDOWS;C:\WINDOWS\System32\Wbem;C:\WINDOWS\System32\WindowsPowerShell\v1.0\;C:\Program Files (x86)\Intel\OpenCL SDK\2.0\bin\x86;C:\Program Files (x86)\Intel\OpenCL SDK\2.0\bin\x64;D:\Program Files\Java\jdk1.8.0_102\bin;D:\Program Files\TortoiseSVN\bin;D:\env\gradle-3.0\bin;D:\Program Files\nodejs\;C:\Users\wangxh\AppData\Roaming\npm;%USERPROFILE%\AppData\Local\Microsoft\WindowsApps;.
十二月 22, 2016 10:34:45 下午 org.apache.coyote.AbstractProtocol init
信息: Initializing ProtocolHandler ["http-bio-80"]
十二月 22, 2016 10:34:45 下午 org.apache.coyote.AbstractProtocol init
信息: Initializing ProtocolHandler ["http-bio-8443"]
十二月 22, 2016 10:34:46 下午 org.apache.catalina.startup.Catalina load
信息: Initialization processed in 2275 ms
十二月 22, 2016 10:34:46 下午 org.apache.catalina.core.StandardService startInternal
信息: Starting service Catalina
十二月 22, 2016 10:34:46 下午 org.apache.catalina.core.StandardEngine startInternal
信息: Starting Servlet Engine: Apache Tomcat/7.0.57
十二月 22, 2016 10:34:46 下午 org.apache.catalina.startup.HostConfig deployDescriptor
信息: Deploying configuration descriptor D:\code\mycode\project-weixin\infrastructure\tomcat\default\conf\Catalina\localhost\Weixin.xml
十二月 22, 2016 10:34:56 下午 org.apache.catalina.startup.HostConfig deployDescriptor
信息: Deployment of configuration descriptor D:\code\mycode\project-weixin\infrastructure\tomcat\default\conf\Catalina\localhost\Weixin.xml has finished in 10,570 ms
十二月 22, 2016 10:34:56 下午 org.apache.catalina.startup.HostConfig deployDirectory
信息: Deploying web application directory D:\code\mycode\project-weixin\infrastructure\tomcat\default\webapps\docs
十二月 22, 2016 10:34:56 下午 org.apache.catalina.startup.HostConfig deployDirectory
信息: Deployment of web application directory D:\code\mycode\project-weixin\infrastructure\tomcat\default\webapps\docs has finished in 131 ms
十二月 22, 2016 10:34:56 下午 org.apache.catalina.startup.HostConfig deployDirectory
信息: Deploying web application directory D:\code\mycode\project-weixin\infrastructure\tomcat\default\webapps\examples
十二月 22, 2016 10:34:57 下午 org.apache.catalina.startup.HostConfig deployDirectory
信息: Deployment of web application directory D:\code\mycode\project-weixin\infrastructure\tomcat\default\webapps\examples has finished in 704 ms
十二月 22, 2016 10:34:57 下午 org.apache.catalina.startup.HostConfig deployDirectory
信息: Deploying web application directory D:\code\mycode\project-weixin\infrastructure\tomcat\default\webapps\host-manager
十二月 22, 2016 10:34:57 下午 org.apache.catalina.startup.HostConfig deployDirectory
信息: Deployment of web application directory D:\code\mycode\project-weixin\infrastructure\tomcat\default\webapps\host-manager has finished in 245 ms
十二月 22, 2016 10:34:57 下午 org.apache.catalina.startup.HostConfig deployDirectory
信息: Deploying web application directory D:\code\mycode\project-weixin\infrastructure\tomcat\default\webapps\manager
十二月 22, 2016 10:34:58 下午 org.apache.catalina.startup.HostConfig deployDirectory
信息: Deployment of web application directory D:\code\mycode\project-weixin\infrastructure\tomcat\default\webapps\manager has finished in 205 ms
十二月 22, 2016 10:34:58 下午 org.apache.catalina.startup.HostConfig deployDirectory
信息: Deploying web application directory D:\code\mycode\project-weixin\infrastructure\tomcat\default\webapps\ROOT
十二月 22, 2016 10:34:58 下午 org.apache.catalina.startup.HostConfig deployDirectory
信息: Deployment of web application directory D:\code\mycode\project-weixin\infrastructure\tomcat\default\webapps\ROOT has finished in 117 ms
十二月 22, 2016 10:34:58 下午 org.apache.coyote.AbstractProtocol start
信息: Starting ProtocolHandler ["http-bio-80"]
十二月 22, 2016 10:34:58 下午 org.apache.coyote.AbstractProtocol start
信息: Starting ProtocolHandler ["http-bio-8443"]
十二月 22, 2016 10:34:58 下午 org.apache.catalina.startup.Catalina start
信息: Server startup in 12194 ms
十二月 22, 2016 11:09:26 下午 org.apache.catalina.core.StandardContext reload
信息: Reloading Context with name [/Weixin] has started
十二月 22, 2016 11:09:26 下午 org.apache.catalina.loader.WebappClassLoader clearReferencesJdbc
严重: The web application [/Weixin] registered the JDBC driver [com.mysql.jdbc.Driver] but failed to unregister it when the web application was stopped. To prevent a memory leak, the JDBC Driver has been forcibly unregistered.
十二月 22, 2016 11:09:26 下午 org.apache.catalina.loader.WebappClassLoader clearReferencesThreads
严重: The web application [/Weixin] appears to have started a thread named [Abandoned connection cleanup thread] but has failed to stop it. This is very likely to create a memory leak.
十二月 22, 2016 11:09:26 下午 org.apache.catalina.loader.WebappClassLoader clearReferencesThreads
严重: The web application [/Weixin] appears to have started a thread named [Timer-0] but has failed to stop it. This is very likely to create a memory leak.
十二月 22, 2016 11:09:33 下午 org.apache.catalina.core.StandardContext reload
信息: Reloading Context with name [/Weixin] is completed
十二月 22, 2016 11:10:18 下午 org.apache.catalina.startup.VersionLoggerListener log
信息: Server version:        Apache Tomcat/7.0.57
十二月 22, 2016 11:10:18 下午 org.apache.catalina.startup.VersionLoggerListener log
信息: Server built:          Nov 3 2014 08:39:16 UTC
十二月 22, 2016 11:10:18 下午 org.apache.catalina.startup.VersionLoggerListener log
信息: Server number:         7.0.57.0
十二月 22, 2016 11:10:18 下午 org.apache.catalina.startup.VersionLoggerListener log
信息: OS Name:               Windows 10
十二月 22, 2016 11:10:18 下午 org.apache.catalina.startup.VersionLoggerListener log
信息: OS Version:            10.0
十二月 22, 2016 11:10:18 下午 org.apache.catalina.startup.VersionLoggerListener log
信息: Architecture:          amd64
十二月 22, 2016 11:10:18 下午 org.apache.catalina.startup.VersionLoggerListener log
信息: JAVA_HOME:             D:\code\mycode\project-weixin\infrastructure\jdk\default\jre
十二月 22, 2016 11:10:18 下午 org.apache.catalina.startup.VersionLoggerListener log
信息: JVM Version:           1.8.0_102-b14
十二月 22, 2016 11:10:18 下午 org.apache.catalina.startup.VersionLoggerListener log
信息: JVM Vendor:            Oracle Corporation
十二月 22, 2016 11:10:18 下午 org.apache.catalina.startup.VersionLoggerListener log
信息: CATALINA_BASE:         D:\code\mycode\project-weixin\infrastructure\tomcat\default
十二月 22, 2016 11:10:18 下午 org.apache.catalina.startup.VersionLoggerListener log
信息: CATALINA_HOME:         D:\code\mycode\project-weixin\infrastructure\tomcat\default
十二月 22, 2016 11:10:18 下午 org.apache.catalina.startup.VersionLoggerListener log
信息: Command line argument: -Xmx1024m
十二月 22, 2016 11:10:18 下午 org.apache.catalina.startup.VersionLoggerListener log
信息: Command line argument: -XX:MaxNewSize=256m
十二月 22, 2016 11:10:18 下午 org.apache.catalina.startup.VersionLoggerListener log
信息: Command line argument: -XX:MaxPermSize=256m
十二月 22, 2016 11:10:18 下午 org.apache.catalina.startup.VersionLoggerListener log
信息: Command line argument: -Djava.awt.headless=true
十二月 22, 2016 11:10:18 下午 org.apache.catalina.startup.VersionLoggerListener log
信息: Command line argument: -Xdebug
十二月 22, 2016 11:10:18 下午 org.apache.catalina.startup.VersionLoggerListener log
信息: Command line argument: -Xnoagent
十二月 22, 2016 11:10:18 下午 org.apache.catalina.startup.VersionLoggerListener log
信息: Command line argument: -Xrunjdwp:transport=dt_socket,address=7777,server=y,suspend=n
十二月 22, 2016 11:10:18 下午 org.apache.catalina.startup.VersionLoggerListener log
信息: Command line argument: -DTOMCAT_PORT_HTTP=80
十二月 22, 2016 11:10:18 下午 org.apache.catalina.startup.VersionLoggerListener log
信息: Command line argument: -DTOMCAT_PORT_HTTPS=8443
十二月 22, 2016 11:10:18 下午 org.apache.catalina.startup.VersionLoggerListener log
信息: Command line argument: -DPROFILE_STAMP=a8ee23155196791ddf5e4d0bd86bd8db
十二月 22, 2016 11:10:18 下午 org.apache.catalina.startup.VersionLoggerListener log
信息: Command line argument: -DINSTANCE_STAMP=a8ee23155196791ddf5e4d0bd86bd8db.1482419415230
十二月 22, 2016 11:10:18 下午 org.apache.catalina.startup.VersionLoggerListener log
信息: Command line argument: -Djava.util.logging.config.file=D:\code\mycode\project-weixin\infrastructure\tomcat\default\conf\logging.properties
十二月 22, 2016 11:10:18 下午 org.apache.catalina.startup.VersionLoggerListener log
信息: Command line argument: -Djava.util.logging.manager=org.apache.juli.ClassLoaderLogManager
十二月 22, 2016 11:10:18 下午 org.apache.catalina.startup.VersionLoggerListener log
信息: Command line argument: -Djava.endorsed.dirs=D:\code\mycode\project-weixin\infrastructure\tomcat\default\endorsed
十二月 22, 2016 11:10:18 下午 org.apache.catalina.startup.VersionLoggerListener log
信息: Command line argument: -Dcatalina.base=D:\code\mycode\project-weixin\infrastructure\tomcat\default
十二月 22, 2016 11:10:18 下午 org.apache.catalina.startup.VersionLoggerListener log
信息: Command line argument: -Dcatalina.home=D:\code\mycode\project-weixin\infrastructure\tomcat\default
十二月 22, 2016 11:10:18 下午 org.apache.catalina.startup.VersionLoggerListener log
信息: Command line argument: -Djava.io.tmpdir=D:\code\mycode\project-weixin\infrastructure\tomcat\default\temp
十二月 22, 2016 11:10:18 下午 org.apache.catalina.core.AprLifecycleListener lifecycleEvent
信息: The APR based Apache Tomcat Native library which allows optimal performance in production environments was not found on the java.library.path: D:\code\mycode\project-weixin\infrastructure\jdk\default\bin;C:\WINDOWS\Sun\Java\bin;C:\WINDOWS\system32;C:\WINDOWS;C:\ProgramData\Oracle\Java\javapath;C:\WINDOWS\system32;C:\WINDOWS;C:\WINDOWS\System32\Wbem;C:\WINDOWS\System32\WindowsPowerShell\v1.0\;C:\Program Files (x86)\Intel\OpenCL SDK\2.0\bin\x86;C:\Program Files (x86)\Intel\OpenCL SDK\2.0\bin\x64;D:\Program Files\Java\jdk1.8.0_102\bin;D:\Program Files\TortoiseSVN\bin;D:\env\gradle-3.0\bin;D:\Program Files\nodejs\;C:\Users\wangxh\AppData\Roaming\npm;%USERPROFILE%\AppData\Local\Microsoft\WindowsApps;.
十二月 22, 2016 11:10:18 下午 org.apache.coyote.AbstractProtocol init
信息: Initializing ProtocolHandler ["http-bio-80"]
十二月 22, 2016 11:10:18 下午 org.apache.coyote.AbstractProtocol init
信息: Initializing ProtocolHandler ["http-bio-8443"]
十二月 22, 2016 11:10:19 下午 org.apache.catalina.startup.Catalina load
信息: Initialization processed in 2178 ms
十二月 22, 2016 11:10:19 下午 org.apache.catalina.core.StandardService startInternal
信息: Starting service Catalina
十二月 22, 2016 11:10:19 下午 org.apache.catalina.core.StandardEngine startInternal
信息: Starting Servlet Engine: Apache Tomcat/7.0.57
十二月 22, 2016 11:10:19 下午 org.apache.catalina.startup.HostConfig deployDescriptor
信息: Deploying configuration descriptor D:\code\mycode\project-weixin\infrastructure\tomcat\default\conf\Catalina\localhost\Weixin.xml
十二月 22, 2016 11:10:22 下午 org.apache.catalina.core.StandardContext startInternal
严重: Error listenerStart
十二月 22, 2016 11:10:22 下午 org.apache.catalina.core.StandardContext startInternal
严重: Context [/Weixin] startup failed due to previous errors
十二月 22, 2016 11:10:22 下午 org.apache.catalina.startup.HostConfig deployDescriptor
信息: Deployment of configuration descriptor D:\code\mycode\project-weixin\infrastructure\tomcat\default\conf\Catalina\localhost\Weixin.xml has finished in 2,679 ms
十二月 22, 2016 11:10:22 下午 org.apache.catalina.startup.HostConfig deployDirectory
信息: Deploying web application directory D:\code\mycode\project-weixin\infrastructure\tomcat\default\webapps\docs
十二月 22, 2016 11:10:22 下午 org.apache.catalina.startup.HostConfig deployDirectory
信息: Deployment of web application directory D:\code\mycode\project-weixin\infrastructure\tomcat\default\webapps\docs has finished in 154 ms
十二月 22, 2016 11:10:22 下午 org.apache.catalina.startup.HostConfig deployDirectory
信息: Deploying web application directory D:\code\mycode\project-weixin\infrastructure\tomcat\default\webapps\examples
十二月 22, 2016 11:10:23 下午 org.apache.catalina.startup.HostConfig deployDirectory
信息: Deployment of web application directory D:\code\mycode\project-weixin\infrastructure\tomcat\default\webapps\examples has finished in 596 ms
十二月 22, 2016 11:10:23 下午 org.apache.catalina.startup.HostConfig deployDirectory
信息: Deploying web application directory D:\code\mycode\project-weixin\infrastructure\tomcat\default\webapps\host-manager
十二月 22, 2016 11:10:23 下午 org.apache.catalina.startup.HostConfig deployDirectory
信息: Deployment of web application directory D:\code\mycode\project-weixin\infrastructure\tomcat\default\webapps\host-manager has finished in 148 ms
十二月 22, 2016 11:10:23 下午 org.apache.catalina.startup.HostConfig deployDirectory
信息: Deploying web application directory D:\code\mycode\project-weixin\infrastructure\tomcat\default\webapps\manager
十二月 22, 2016 11:10:23 下午 org.apache.catalina.startup.HostConfig deployDirectory
信息: Deployment of web application directory D:\code\mycode\project-weixin\infrastructure\tomcat\default\webapps\manager has finished in 129 ms
十二月 22, 2016 11:10:23 下午 org.apache.catalina.startup.HostConfig deployDirectory
信息: Deploying web application directory D:\code\mycode\project-weixin\infrastructure\tomcat\default\webapps\ROOT
十二月 22, 2016 11:10:23 下午 org.apache.catalina.startup.HostConfig deployDirectory
信息: Deployment of web application directory D:\code\mycode\project-weixin\infrastructure\tomcat\default\webapps\ROOT has finished in 95 ms
十二月 22, 2016 11:10:23 下午 org.apache.coyote.AbstractProtocol start
信息: Starting ProtocolHandler ["http-bio-80"]
十二月 22, 2016 11:10:23 下午 org.apache.coyote.AbstractProtocol start
信息: Starting ProtocolHandler ["http-bio-8443"]
十二月 22, 2016 11:10:23 下午 org.apache.catalina.startup.Catalina start
信息: Server startup in 4015 ms
十二月 22, 2016 11:12:10 下午 org.apache.catalina.startup.VersionLoggerListener log
信息: Server version:        Apache Tomcat/7.0.57
十二月 22, 2016 11:12:10 下午 org.apache.catalina.startup.VersionLoggerListener log
信息: Server built:          Nov 3 2014 08:39:16 UTC
十二月 22, 2016 11:12:10 下午 org.apache.catalina.startup.VersionLoggerListener log
信息: Server number:         7.0.57.0
十二月 22, 2016 11:12:10 下午 org.apache.catalina.startup.VersionLoggerListener log
信息: OS Name:               Windows 10
十二月 22, 2016 11:12:10 下午 org.apache.catalina.startup.VersionLoggerListener log
信息: OS Version:            10.0
十二月 22, 2016 11:12:10 下午 org.apache.catalina.startup.VersionLoggerListener log
信息: Architecture:          amd64
十二月 22, 2016 11:12:10 下午 org.apache.catalina.startup.VersionLoggerListener log
信息: JAVA_HOME:             D:\code\mycode\project-weixin\infrastructure\jdk\default\jre
十二月 22, 2016 11:12:10 下午 org.apache.catalina.startup.VersionLoggerListener log
信息: JVM Version:           1.8.0_102-b14
十二月 22, 2016 11:12:10 下午 org.apache.catalina.startup.VersionLoggerListener log
信息: JVM Vendor:            Oracle Corporation
十二月 22, 2016 11:12:10 下午 org.apache.catalina.startup.VersionLoggerListener log
信息: CATALINA_BASE:         D:\code\mycode\project-weixin\infrastructure\tomcat\default
十二月 22, 2016 11:12:10 下午 org.apache.catalina.startup.VersionLoggerListener log
信息: CATALINA_HOME:         D:\code\mycode\project-weixin\infrastructure\tomcat\default
十二月 22, 2016 11:12:10 下午 org.apache.catalina.startup.VersionLoggerListener log
信息: Command line argument: -Xmx1024m
十二月 22, 2016 11:12:10 下午 org.apache.catalina.startup.VersionLoggerListener log
信息: Command line argument: -XX:MaxNewSize=256m
十二月 22, 2016 11:12:10 下午 org.apache.catalina.startup.VersionLoggerListener log
信息: Command line argument: -XX:MaxPermSize=256m
十二月 22, 2016 11:12:10 下午 org.apache.catalina.startup.VersionLoggerListener log
信息: Command line argument: -Djava.awt.headless=true
十二月 22, 2016 11:12:10 下午 org.apache.catalina.startup.VersionLoggerListener log
信息: Command line argument: -Xdebug
十二月 22, 2016 11:12:10 下午 org.apache.catalina.startup.VersionLoggerListener log
信息: Command line argument: -Xnoagent
十二月 22, 2016 11:12:10 下午 org.apache.catalina.startup.VersionLoggerListener log
信息: Command line argument: -Xrunjdwp:transport=dt_socket,address=7777,server=y,suspend=n
十二月 22, 2016 11:12:10 下午 org.apache.catalina.startup.VersionLoggerListener log
信息: Command line argument: -DTOMCAT_PORT_HTTP=80
十二月 22, 2016 11:12:10 下午 org.apache.catalina.startup.VersionLoggerListener log
信息: Command line argument: -DTOMCAT_PORT_HTTPS=8443
十二月 22, 2016 11:12:10 下午 org.apache.catalina.startup.VersionLoggerListener log
信息: Command line argument: -DPROFILE_STAMP=a8ee23155196791ddf5e4d0bd86bd8db
十二月 22, 2016 11:12:10 下午 org.apache.catalina.startup.VersionLoggerListener log
信息: Command line argument: -DINSTANCE_STAMP=a8ee23155196791ddf5e4d0bd86bd8db.1482419527560
十二月 22, 2016 11:12:10 下午 org.apache.catalina.startup.VersionLoggerListener log
信息: Command line argument: -Djava.util.logging.config.file=D:\code\mycode\project-weixin\infrastructure\tomcat\default\conf\logging.properties
十二月 22, 2016 11:12:10 下午 org.apache.catalina.startup.VersionLoggerListener log
信息: Command line argument: -Djava.util.logging.manager=org.apache.juli.ClassLoaderLogManager
十二月 22, 2016 11:12:10 下午 org.apache.catalina.startup.VersionLoggerListener log
信息: Command line argument: -Djava.endorsed.dirs=D:\code\mycode\project-weixin\infrastructure\tomcat\default\endorsed
十二月 22, 2016 11:12:10 下午 org.apache.catalina.startup.VersionLoggerListener log
信息: Command line argument: -Dcatalina.base=D:\code\mycode\project-weixin\infrastructure\tomcat\default
十二月 22, 2016 11:12:10 下午 org.apache.catalina.startup.VersionLoggerListener log
信息: Command line argument: -Dcatalina.home=D:\code\mycode\project-weixin\infrastructure\tomcat\default
十二月 22, 2016 11:12:10 下午 org.apache.catalina.startup.VersionLoggerListener log
信息: Command line argument: -Djava.io.tmpdir=D:\code\mycode\project-weixin\infrastructure\tomcat\default\temp
十二月 22, 2016 11:12:11 下午 org.apache.catalina.core.AprLifecycleListener lifecycleEvent
信息: The APR based Apache Tomcat Native library which allows optimal performance in production environments was not found on the java.library.path: D:\code\mycode\project-weixin\infrastructure\jdk\default\bin;C:\WINDOWS\Sun\Java\bin;C:\WINDOWS\system32;C:\WINDOWS;C:\ProgramData\Oracle\Java\javapath;C:\WINDOWS\system32;C:\WINDOWS;C:\WINDOWS\System32\Wbem;C:\WINDOWS\System32\WindowsPowerShell\v1.0\;C:\Program Files (x86)\Intel\OpenCL SDK\2.0\bin\x86;C:\Program Files (x86)\Intel\OpenCL SDK\2.0\bin\x64;D:\Program Files\Java\jdk1.8.0_102\bin;D:\Program Files\TortoiseSVN\bin;D:\env\gradle-3.0\bin;D:\Program Files\nodejs\;C:\Users\wangxh\AppData\Roaming\npm;%USERPROFILE%\AppData\Local\Microsoft\WindowsApps;.
十二月 22, 2016 11:12:11 下午 org.apache.coyote.AbstractProtocol init
信息: Initializing ProtocolHandler ["http-bio-80"]
十二月 22, 2016 11:12:11 下午 org.apache.coyote.AbstractProtocol init
信息: Initializing ProtocolHandler ["http-bio-8443"]
十二月 22, 2016 11:12:12 下午 org.apache.catalina.startup.Catalina load
信息: Initialization processed in 3036 ms
十二月 22, 2016 11:12:12 下午 org.apache.catalina.core.StandardService startInternal
信息: Starting service Catalina
十二月 22, 2016 11:12:12 下午 org.apache.catalina.core.StandardEngine startInternal
信息: Starting Servlet Engine: Apache Tomcat/7.0.57
十二月 22, 2016 11:12:12 下午 org.apache.catalina.startup.HostConfig deployDescriptor
信息: Deploying configuration descriptor D:\code\mycode\project-weixin\infrastructure\tomcat\default\conf\Catalina\localhost\Weixin.xml
十二月 22, 2016 11:12:23 下午 org.apache.catalina.startup.HostConfig deployDescriptor
信息: Deployment of configuration descriptor D:\code\mycode\project-weixin\infrastructure\tomcat\default\conf\Catalina\localhost\Weixin.xml has finished in 10,904 ms
十二月 22, 2016 11:12:23 下午 org.apache.catalina.startup.HostConfig deployDirectory
信息: Deploying web application directory D:\code\mycode\project-weixin\infrastructure\tomcat\default\webapps\docs
十二月 22, 2016 11:12:23 下午 org.apache.catalina.startup.HostConfig deployDirectory
信息: Deployment of web application directory D:\code\mycode\project-weixin\infrastructure\tomcat\default\webapps\docs has finished in 174 ms
十二月 22, 2016 11:12:23 下午 org.apache.catalina.startup.HostConfig deployDirectory
信息: Deploying web application directory D:\code\mycode\project-weixin\infrastructure\tomcat\default\webapps\examples
十二月 22, 2016 11:12:24 下午 org.apache.catalina.startup.HostConfig deployDirectory
信息: Deployment of web application directory D:\code\mycode\project-weixin\infrastructure\tomcat\default\webapps\examples has finished in 739 ms
十二月 22, 2016 11:12:24 下午 org.apache.catalina.startup.HostConfig deployDirectory
信息: Deploying web application directory D:\code\mycode\project-weixin\infrastructure\tomcat\default\webapps\host-manager
十二月 22, 2016 11:12:24 下午 org.apache.catalina.startup.HostConfig deployDirectory
信息: Deployment of web application directory D:\code\mycode\project-weixin\infrastructure\tomcat\default\webapps\host-manager has finished in 176 ms
十二月 22, 2016 11:12:24 下午 org.apache.catalina.startup.HostConfig deployDirectory
信息: Deploying web application directory D:\code\mycode\project-weixin\infrastructure\tomcat\default\webapps\manager
十二月 22, 2016 11:12:24 下午 org.apache.catalina.startup.HostConfig deployDirectory
信息: Deployment of web application directory D:\code\mycode\project-weixin\infrastructure\tomcat\default\webapps\manager has finished in 146 ms
十二月 22, 2016 11:12:24 下午 org.apache.catalina.startup.HostConfig deployDirectory
信息: Deploying web application directory D:\code\mycode\project-weixin\infrastructure\tomcat\default\webapps\ROOT
十二月 22, 2016 11:12:25 下午 org.apache.catalina.startup.HostConfig deployDirectory
信息: Deployment of web application directory D:\code\mycode\project-weixin\infrastructure\tomcat\default\webapps\ROOT has finished in 70 ms
十二月 22, 2016 11:12:25 下午 org.apache.coyote.AbstractProtocol start
信息: Starting ProtocolHandler ["http-bio-80"]
十二月 22, 2016 11:12:25 下午 org.apache.coyote.AbstractProtocol start
信息: Starting ProtocolHandler ["http-bio-8443"]
十二月 22, 2016 11:12:25 下午 org.apache.catalina.startup.Catalina start
信息: Server startup in 12369 ms
