十二月 21, 2016 7:28:45 下午 org.apache.catalina.startup.VersionLoggerListener log
信息: Server version:        Apache Tomcat/7.0.57
十二月 21, 2016 7:28:45 下午 org.apache.catalina.startup.VersionLoggerListener log
信息: Server built:          Nov 3 2014 08:39:16 UTC
十二月 21, 2016 7:28:45 下午 org.apache.catalina.startup.VersionLoggerListener log
信息: Server number:         7.0.57.0
十二月 21, 2016 7:28:45 下午 org.apache.catalina.startup.VersionLoggerListener log
信息: OS Name:               Windows 10
十二月 21, 2016 7:28:45 下午 org.apache.catalina.startup.VersionLoggerListener log
信息: OS Version:            10.0
十二月 21, 2016 7:28:45 下午 org.apache.catalina.startup.VersionLoggerListener log
信息: Architecture:          amd64
十二月 21, 2016 7:28:45 下午 org.apache.catalina.startup.VersionLoggerListener log
信息: JAVA_HOME:             D:\code\mycode\project-weixin\infrastructure\jdk\default\jre
十二月 21, 2016 7:28:45 下午 org.apache.catalina.startup.VersionLoggerListener log
信息: JVM Version:           1.8.0_102-b14
十二月 21, 2016 7:28:45 下午 org.apache.catalina.startup.VersionLoggerListener log
信息: JVM Vendor:            Oracle Corporation
十二月 21, 2016 7:28:45 下午 org.apache.catalina.startup.VersionLoggerListener log
信息: CATALINA_BASE:         D:\code\mycode\project-weixin\infrastructure\tomcat\default
十二月 21, 2016 7:28:45 下午 org.apache.catalina.startup.VersionLoggerListener log
信息: CATALINA_HOME:         D:\code\mycode\project-weixin\infrastructure\tomcat\default
十二月 21, 2016 7:28:45 下午 org.apache.catalina.startup.VersionLoggerListener log
信息: Command line argument: -Xmx1024m
十二月 21, 2016 7:28:45 下午 org.apache.catalina.startup.VersionLoggerListener log
信息: Command line argument: -XX:MaxNewSize=256m
十二月 21, 2016 7:28:45 下午 org.apache.catalina.startup.VersionLoggerListener log
信息: Command line argument: -XX:MaxPermSize=256m
十二月 21, 2016 7:28:45 下午 org.apache.catalina.startup.VersionLoggerListener log
信息: Command line argument: -Djava.awt.headless=true
十二月 21, 2016 7:28:45 下午 org.apache.catalina.startup.VersionLoggerListener log
信息: Command line argument: -Xdebug
十二月 21, 2016 7:28:45 下午 org.apache.catalina.startup.VersionLoggerListener log
信息: Command line argument: -Xnoagent
十二月 21, 2016 7:28:45 下午 org.apache.catalina.startup.VersionLoggerListener log
信息: Command line argument: -Xrunjdwp:transport=dt_socket,address=7777,server=y,suspend=n
十二月 21, 2016 7:28:45 下午 org.apache.catalina.startup.VersionLoggerListener log
信息: Command line argument: -DTOMCAT_PORT_HTTP=80
十二月 21, 2016 7:28:45 下午 org.apache.catalina.startup.VersionLoggerListener log
信息: Command line argument: -DTOMCAT_PORT_HTTPS=8443
十二月 21, 2016 7:28:45 下午 org.apache.catalina.startup.VersionLoggerListener log
信息: Command line argument: -DPROFILE_STAMP=a8ee23155196791ddf5e4d0bd86bd8db
十二月 21, 2016 7:28:45 下午 org.apache.catalina.startup.VersionLoggerListener log
信息: Command line argument: -DINSTANCE_STAMP=a8ee23155196791ddf5e4d0bd86bd8db.1482319722567
十二月 21, 2016 7:28:45 下午 org.apache.catalina.startup.VersionLoggerListener log
信息: Command line argument: -Djava.util.logging.config.file=D:\code\mycode\project-weixin\infrastructure\tomcat\default\conf\logging.properties
十二月 21, 2016 7:28:45 下午 org.apache.catalina.startup.VersionLoggerListener log
信息: Command line argument: -Djava.util.logging.manager=org.apache.juli.ClassLoaderLogManager
十二月 21, 2016 7:28:45 下午 org.apache.catalina.startup.VersionLoggerListener log
信息: Command line argument: -Djava.endorsed.dirs=D:\code\mycode\project-weixin\infrastructure\tomcat\default\endorsed
十二月 21, 2016 7:28:45 下午 org.apache.catalina.startup.VersionLoggerListener log
信息: Command line argument: -Dcatalina.base=D:\code\mycode\project-weixin\infrastructure\tomcat\default
十二月 21, 2016 7:28:45 下午 org.apache.catalina.startup.VersionLoggerListener log
信息: Command line argument: -Dcatalina.home=D:\code\mycode\project-weixin\infrastructure\tomcat\default
十二月 21, 2016 7:28:45 下午 org.apache.catalina.startup.VersionLoggerListener log
信息: Command line argument: -Djava.io.tmpdir=D:\code\mycode\project-weixin\infrastructure\tomcat\default\temp
十二月 21, 2016 7:28:45 下午 org.apache.catalina.core.AprLifecycleListener lifecycleEvent
信息: The APR based Apache Tomcat Native library which allows optimal performance in production environments was not found on the java.library.path: D:\code\mycode\project-weixin\infrastructure\jdk\default\bin;C:\WINDOWS\Sun\Java\bin;C:\WINDOWS\system32;C:\WINDOWS;C:\ProgramData\Oracle\Java\javapath;C:\WINDOWS\system32;C:\WINDOWS;C:\WINDOWS\System32\Wbem;C:\WINDOWS\System32\WindowsPowerShell\v1.0\;C:\Program Files (x86)\Intel\OpenCL SDK\2.0\bin\x86;C:\Program Files (x86)\Intel\OpenCL SDK\2.0\bin\x64;D:\Program Files\Java\jdk1.8.0_102\bin;D:\Program Files\TortoiseSVN\bin;D:\env\gradle-3.0\bin;D:\Program Files\nodejs\;C:\Users\wangxh\AppData\Roaming\npm;%USERPROFILE%\AppData\Local\Microsoft\WindowsApps;;.
十二月 21, 2016 7:28:45 下午 org.apache.coyote.AbstractProtocol init
信息: Initializing ProtocolHandler ["http-bio-80"]
十二月 21, 2016 7:28:45 下午 org.apache.coyote.AbstractProtocol init
信息: Initializing ProtocolHandler ["http-bio-8443"]
十二月 21, 2016 7:28:46 下午 org.apache.catalina.startup.Catalina load
信息: Initialization processed in 2091 ms
十二月 21, 2016 7:28:46 下午 org.apache.catalina.core.StandardService startInternal
信息: Starting service Catalina
十二月 21, 2016 7:28:46 下午 org.apache.catalina.core.StandardEngine startInternal
信息: Starting Servlet Engine: Apache Tomcat/7.0.57
十二月 21, 2016 7:28:46 下午 org.apache.catalina.startup.HostConfig deployDescriptor
信息: Deploying configuration descriptor D:\code\mycode\project-weixin\infrastructure\tomcat\default\conf\Catalina\localhost\Weixin.xml
十二月 21, 2016 7:28:55 下午 org.apache.catalina.startup.HostConfig deployDescriptor
信息: Deployment of configuration descriptor D:\code\mycode\project-weixin\infrastructure\tomcat\default\conf\Catalina\localhost\Weixin.xml has finished in 8,584 ms
十二月 21, 2016 7:28:55 下午 org.apache.catalina.startup.HostConfig deployDirectory
信息: Deploying web application directory D:\code\mycode\project-weixin\infrastructure\tomcat\default\webapps\docs
十二月 21, 2016 7:28:55 下午 org.apache.catalina.startup.HostConfig deployDirectory
信息: Deployment of web application directory D:\code\mycode\project-weixin\infrastructure\tomcat\default\webapps\docs has finished in 115 ms
十二月 21, 2016 7:28:55 下午 org.apache.catalina.startup.HostConfig deployDirectory
信息: Deploying web application directory D:\code\mycode\project-weixin\infrastructure\tomcat\default\webapps\examples
十二月 21, 2016 7:28:56 下午 org.apache.catalina.startup.HostConfig deployDirectory
信息: Deployment of web application directory D:\code\mycode\project-weixin\infrastructure\tomcat\default\webapps\examples has finished in 580 ms
十二月 21, 2016 7:28:56 下午 org.apache.catalina.startup.HostConfig deployDirectory
信息: Deploying web application directory D:\code\mycode\project-weixin\infrastructure\tomcat\default\webapps\host-manager
十二月 21, 2016 7:28:56 下午 org.apache.catalina.startup.HostConfig deployDirectory
信息: Deployment of web application directory D:\code\mycode\project-weixin\infrastructure\tomcat\default\webapps\host-manager has finished in 123 ms
十二月 21, 2016 7:28:56 下午 org.apache.catalina.startup.HostConfig deployDirectory
信息: Deploying web application directory D:\code\mycode\project-weixin\infrastructure\tomcat\default\webapps\manager
十二月 21, 2016 7:28:56 下午 org.apache.catalina.startup.HostConfig deployDirectory
信息: Deployment of web application directory D:\code\mycode\project-weixin\infrastructure\tomcat\default\webapps\manager has finished in 125 ms
十二月 21, 2016 7:28:56 下午 org.apache.catalina.startup.HostConfig deployDirectory
信息: Deploying web application directory D:\code\mycode\project-weixin\infrastructure\tomcat\default\webapps\ROOT
十二月 21, 2016 7:28:56 下午 org.apache.catalina.startup.HostConfig deployDirectory
信息: Deployment of web application directory D:\code\mycode\project-weixin\infrastructure\tomcat\default\webapps\ROOT has finished in 92 ms
十二月 21, 2016 7:28:56 下午 org.apache.coyote.AbstractProtocol start
信息: Starting ProtocolHandler ["http-bio-80"]
十二月 21, 2016 7:28:56 下午 org.apache.coyote.AbstractProtocol start
信息: Starting ProtocolHandler ["http-bio-8443"]
十二月 21, 2016 7:28:56 下午 org.apache.catalina.startup.Catalina start
信息: Server startup in 9782 ms
十二月 21, 2016 7:30:05 下午 org.apache.catalina.startup.VersionLoggerListener log
信息: Server version:        Apache Tomcat/7.0.57
十二月 21, 2016 7:30:05 下午 org.apache.catalina.startup.VersionLoggerListener log
信息: Server built:          Nov 3 2014 08:39:16 UTC
十二月 21, 2016 7:30:05 下午 org.apache.catalina.startup.VersionLoggerListener log
信息: Server number:         7.0.57.0
十二月 21, 2016 7:30:05 下午 org.apache.catalina.startup.VersionLoggerListener log
信息: OS Name:               Windows 10
十二月 21, 2016 7:30:05 下午 org.apache.catalina.startup.VersionLoggerListener log
信息: OS Version:            10.0
十二月 21, 2016 7:30:05 下午 org.apache.catalina.startup.VersionLoggerListener log
信息: Architecture:          amd64
十二月 21, 2016 7:30:05 下午 org.apache.catalina.startup.VersionLoggerListener log
信息: JAVA_HOME:             D:\code\mycode\project-weixin\infrastructure\jdk\default\jre
十二月 21, 2016 7:30:05 下午 org.apache.catalina.startup.VersionLoggerListener log
信息: JVM Version:           1.8.0_102-b14
十二月 21, 2016 7:30:05 下午 org.apache.catalina.startup.VersionLoggerListener log
信息: JVM Vendor:            Oracle Corporation
十二月 21, 2016 7:30:05 下午 org.apache.catalina.startup.VersionLoggerListener log
信息: CATALINA_BASE:         D:\code\mycode\project-weixin\infrastructure\tomcat\default
十二月 21, 2016 7:30:05 下午 org.apache.catalina.startup.VersionLoggerListener log
信息: CATALINA_HOME:         D:\code\mycode\project-weixin\infrastructure\tomcat\default
十二月 21, 2016 7:30:05 下午 org.apache.catalina.startup.VersionLoggerListener log
信息: Command line argument: -Xmx1024m
十二月 21, 2016 7:30:05 下午 org.apache.catalina.startup.VersionLoggerListener log
信息: Command line argument: -XX:MaxNewSize=256m
十二月 21, 2016 7:30:05 下午 org.apache.catalina.startup.VersionLoggerListener log
信息: Command line argument: -XX:MaxPermSize=256m
十二月 21, 2016 7:30:05 下午 org.apache.catalina.startup.VersionLoggerListener log
信息: Command line argument: -Djava.awt.headless=true
十二月 21, 2016 7:30:05 下午 org.apache.catalina.startup.VersionLoggerListener log
信息: Command line argument: -Xdebug
十二月 21, 2016 7:30:05 下午 org.apache.catalina.startup.VersionLoggerListener log
信息: Command line argument: -Xnoagent
十二月 21, 2016 7:30:05 下午 org.apache.catalina.startup.VersionLoggerListener log
信息: Command line argument: -Xrunjdwp:transport=dt_socket,address=7777,server=y,suspend=n
十二月 21, 2016 7:30:05 下午 org.apache.catalina.startup.VersionLoggerListener log
信息: Command line argument: -DTOMCAT_PORT_HTTP=80
十二月 21, 2016 7:30:05 下午 org.apache.catalina.startup.VersionLoggerListener log
信息: Command line argument: -DTOMCAT_PORT_HTTPS=8443
十二月 21, 2016 7:30:05 下午 org.apache.catalina.startup.VersionLoggerListener log
信息: Command line argument: -DPROFILE_STAMP=a8ee23155196791ddf5e4d0bd86bd8db
十二月 21, 2016 7:30:05 下午 org.apache.catalina.startup.VersionLoggerListener log
信息: Command line argument: -DINSTANCE_STAMP=a8ee23155196791ddf5e4d0bd86bd8db.1482319803535
十二月 21, 2016 7:30:05 下午 org.apache.catalina.startup.VersionLoggerListener log
信息: Command line argument: -Djava.util.logging.config.file=D:\code\mycode\project-weixin\infrastructure\tomcat\default\conf\logging.properties
十二月 21, 2016 7:30:05 下午 org.apache.catalina.startup.VersionLoggerListener log
信息: Command line argument: -Djava.util.logging.manager=org.apache.juli.ClassLoaderLogManager
十二月 21, 2016 7:30:05 下午 org.apache.catalina.startup.VersionLoggerListener log
信息: Command line argument: -Djava.endorsed.dirs=D:\code\mycode\project-weixin\infrastructure\tomcat\default\endorsed
十二月 21, 2016 7:30:05 下午 org.apache.catalina.startup.VersionLoggerListener log
信息: Command line argument: -Dcatalina.base=D:\code\mycode\project-weixin\infrastructure\tomcat\default
十二月 21, 2016 7:30:06 下午 org.apache.catalina.startup.VersionLoggerListener log
信息: Command line argument: -Dcatalina.home=D:\code\mycode\project-weixin\infrastructure\tomcat\default
十二月 21, 2016 7:30:06 下午 org.apache.catalina.startup.VersionLoggerListener log
信息: Command line argument: -Djava.io.tmpdir=D:\code\mycode\project-weixin\infrastructure\tomcat\default\temp
十二月 21, 2016 7:30:06 下午 org.apache.catalina.core.AprLifecycleListener lifecycleEvent
信息: The APR based Apache Tomcat Native library which allows optimal performance in production environments was not found on the java.library.path: D:\code\mycode\project-weixin\infrastructure\jdk\default\bin;C:\WINDOWS\Sun\Java\bin;C:\WINDOWS\system32;C:\WINDOWS;C:\ProgramData\Oracle\Java\javapath;C:\WINDOWS\system32;C:\WINDOWS;C:\WINDOWS\System32\Wbem;C:\WINDOWS\System32\WindowsPowerShell\v1.0\;C:\Program Files (x86)\Intel\OpenCL SDK\2.0\bin\x86;C:\Program Files (x86)\Intel\OpenCL SDK\2.0\bin\x64;D:\Program Files\Java\jdk1.8.0_102\bin;D:\Program Files\TortoiseSVN\bin;D:\env\gradle-3.0\bin;D:\Program Files\nodejs\;C:\Users\wangxh\AppData\Roaming\npm;%USERPROFILE%\AppData\Local\Microsoft\WindowsApps;;.
十二月 21, 2016 7:30:06 下午 org.apache.coyote.AbstractProtocol init
信息: Initializing ProtocolHandler ["http-bio-80"]
十二月 21, 2016 7:30:06 下午 org.apache.coyote.AbstractProtocol init
信息: Initializing ProtocolHandler ["http-bio-8443"]
十二月 21, 2016 7:30:07 下午 org.apache.catalina.startup.Catalina load
信息: Initialization processed in 2103 ms
十二月 21, 2016 7:30:07 下午 org.apache.catalina.core.StandardService startInternal
信息: Starting service Catalina
十二月 21, 2016 7:30:07 下午 org.apache.catalina.core.StandardEngine startInternal
信息: Starting Servlet Engine: Apache Tomcat/7.0.57
十二月 21, 2016 7:30:07 下午 org.apache.catalina.startup.HostConfig deployDescriptor
信息: Deploying configuration descriptor D:\code\mycode\project-weixin\infrastructure\tomcat\default\conf\Catalina\localhost\Weixin.xml
十二月 21, 2016 7:30:17 下午 org.apache.catalina.startup.HostConfig deployDescriptor
信息: Deployment of configuration descriptor D:\code\mycode\project-weixin\infrastructure\tomcat\default\conf\Catalina\localhost\Weixin.xml has finished in 9,953 ms
十二月 21, 2016 7:30:17 下午 org.apache.catalina.startup.HostConfig deployDirectory
信息: Deploying web application directory D:\code\mycode\project-weixin\infrastructure\tomcat\default\webapps\docs
十二月 21, 2016 7:30:17 下午 org.apache.catalina.startup.HostConfig deployDirectory
信息: Deployment of web application directory D:\code\mycode\project-weixin\infrastructure\tomcat\default\webapps\docs has finished in 112 ms
十二月 21, 2016 7:30:17 下午 org.apache.catalina.startup.HostConfig deployDirectory
信息: Deploying web application directory D:\code\mycode\project-weixin\infrastructure\tomcat\default\webapps\examples
十二月 21, 2016 7:30:18 下午 org.apache.catalina.startup.HostConfig deployDirectory
信息: Deployment of web application directory D:\code\mycode\project-weixin\infrastructure\tomcat\default\webapps\examples has finished in 587 ms
十二月 21, 2016 7:30:18 下午 org.apache.catalina.startup.HostConfig deployDirectory
信息: Deploying web application directory D:\code\mycode\project-weixin\infrastructure\tomcat\default\webapps\host-manager
十二月 21, 2016 7:30:18 下午 org.apache.catalina.startup.HostConfig deployDirectory
信息: Deployment of web application directory D:\code\mycode\project-weixin\infrastructure\tomcat\default\webapps\host-manager has finished in 125 ms
十二月 21, 2016 7:30:18 下午 org.apache.catalina.startup.HostConfig deployDirectory
信息: Deploying web application directory D:\code\mycode\project-weixin\infrastructure\tomcat\default\webapps\manager
十二月 21, 2016 7:30:18 下午 org.apache.catalina.startup.HostConfig deployDirectory
信息: Deployment of web application directory D:\code\mycode\project-weixin\infrastructure\tomcat\default\webapps\manager has finished in 127 ms
十二月 21, 2016 7:30:18 下午 org.apache.catalina.startup.HostConfig deployDirectory
信息: Deploying web application directory D:\code\mycode\project-weixin\infrastructure\tomcat\default\webapps\ROOT
十二月 21, 2016 7:30:18 下午 org.apache.catalina.startup.HostConfig deployDirectory
信息: Deployment of web application directory D:\code\mycode\project-weixin\infrastructure\tomcat\default\webapps\ROOT has finished in 93 ms
十二月 21, 2016 7:30:18 下午 org.apache.coyote.AbstractProtocol start
信息: Starting ProtocolHandler ["http-bio-80"]
十二月 21, 2016 7:30:18 下午 org.apache.coyote.AbstractProtocol start
信息: Starting ProtocolHandler ["http-bio-8443"]
十二月 21, 2016 7:30:18 下午 org.apache.catalina.startup.Catalina start
信息: Server startup in 11147 ms
十二月 21, 2016 7:30:58 下午 org.apache.catalina.core.StandardContext reload
信息: Reloading Context with name [/Weixin] has started
十二月 21, 2016 7:30:58 下午 org.apache.catalina.loader.WebappClassLoader clearReferencesJdbc
严重: The web application [/Weixin] registered the JDBC driver [com.mysql.jdbc.Driver] but failed to unregister it when the web application was stopped. To prevent a memory leak, the JDBC Driver has been forcibly unregistered.
十二月 21, 2016 7:30:58 下午 org.apache.catalina.loader.WebappClassLoader clearReferencesThreads
严重: The web application [/Weixin] appears to have started a thread named [Abandoned connection cleanup thread] but has failed to stop it. This is very likely to create a memory leak.
十二月 21, 2016 7:30:58 下午 org.apache.catalina.loader.WebappClassLoader clearReferencesThreads
严重: The web application [/Weixin] appears to have started a thread named [Timer-0] but has failed to stop it. This is very likely to create a memory leak.
十二月 21, 2016 7:31:07 下午 org.apache.catalina.core.StandardContext reload
信息: Reloading Context with name [/Weixin] is completed
十二月 21, 2016 7:37:39 下午 org.apache.catalina.startup.VersionLoggerListener log
信息: Server version:        Apache Tomcat/7.0.57
十二月 21, 2016 7:37:39 下午 org.apache.catalina.startup.VersionLoggerListener log
信息: Server built:          Nov 3 2014 08:39:16 UTC
十二月 21, 2016 7:37:39 下午 org.apache.catalina.startup.VersionLoggerListener log
信息: Server number:         7.0.57.0
十二月 21, 2016 7:37:39 下午 org.apache.catalina.startup.VersionLoggerListener log
信息: OS Name:               Windows 8
十二月 21, 2016 7:37:39 下午 org.apache.catalina.startup.VersionLoggerListener log
信息: OS Version:            6.2
十二月 21, 2016 7:37:39 下午 org.apache.catalina.startup.VersionLoggerListener log
信息: Architecture:          amd64
十二月 21, 2016 7:37:39 下午 org.apache.catalina.startup.VersionLoggerListener log
信息: JAVA_HOME:             D:\Program Files\Java\jdk1.7.0_45\jre
十二月 21, 2016 7:37:39 下午 org.apache.catalina.startup.VersionLoggerListener log
信息: JVM Version:           1.7.0_45-b18
十二月 21, 2016 7:37:39 下午 org.apache.catalina.startup.VersionLoggerListener log
信息: JVM Vendor:            Oracle Corporation
十二月 21, 2016 7:37:39 下午 org.apache.catalina.startup.VersionLoggerListener log
信息: CATALINA_BASE:         D:\code\mycode\project-weixin\infrastructure\tomcat\default
十二月 21, 2016 7:37:39 下午 org.apache.catalina.startup.VersionLoggerListener log
信息: CATALINA_HOME:         D:\code\mycode\project-weixin\infrastructure\tomcat\default
十二月 21, 2016 7:37:39 下午 org.apache.catalina.startup.VersionLoggerListener log
信息: Command line argument: -Xmx1024m
十二月 21, 2016 7:37:39 下午 org.apache.catalina.startup.VersionLoggerListener log
信息: Command line argument: -XX:MaxNewSize=256m
十二月 21, 2016 7:37:39 下午 org.apache.catalina.startup.VersionLoggerListener log
信息: Command line argument: -XX:MaxPermSize=256m
十二月 21, 2016 7:37:39 下午 org.apache.catalina.startup.VersionLoggerListener log
信息: Command line argument: -Djava.awt.headless=true
十二月 21, 2016 7:37:39 下午 org.apache.catalina.startup.VersionLoggerListener log
信息: Command line argument: -Xdebug
十二月 21, 2016 7:37:39 下午 org.apache.catalina.startup.VersionLoggerListener log
信息: Command line argument: -Xnoagent
十二月 21, 2016 7:37:39 下午 org.apache.catalina.startup.VersionLoggerListener log
信息: Command line argument: -Xrunjdwp:transport=dt_socket,address=7777,server=y,suspend=n
十二月 21, 2016 7:37:39 下午 org.apache.catalina.startup.VersionLoggerListener log
信息: Command line argument: -DTOMCAT_PORT_HTTP=80
十二月 21, 2016 7:37:39 下午 org.apache.catalina.startup.VersionLoggerListener log
信息: Command line argument: -DTOMCAT_PORT_HTTPS=8443
十二月 21, 2016 7:37:39 下午 org.apache.catalina.startup.VersionLoggerListener log
信息: Command line argument: -DPROFILE_STAMP=a8ee23155196791ddf5e4d0bd86bd8db
十二月 21, 2016 7:37:39 下午 org.apache.catalina.startup.VersionLoggerListener log
信息: Command line argument: -DINSTANCE_STAMP=a8ee23155196791ddf5e4d0bd86bd8db.1482320256787
十二月 21, 2016 7:37:39 下午 org.apache.catalina.startup.VersionLoggerListener log
信息: Command line argument: -Djava.util.logging.config.file=D:\code\mycode\project-weixin\infrastructure\tomcat\default\conf\logging.properties
十二月 21, 2016 7:37:39 下午 org.apache.catalina.startup.VersionLoggerListener log
信息: Command line argument: -Djava.util.logging.manager=org.apache.juli.ClassLoaderLogManager
十二月 21, 2016 7:37:39 下午 org.apache.catalina.startup.VersionLoggerListener log
信息: Command line argument: -Djava.endorsed.dirs=D:\code\mycode\project-weixin\infrastructure\tomcat\default\endorsed
十二月 21, 2016 7:37:39 下午 org.apache.catalina.startup.VersionLoggerListener log
信息: Command line argument: -Dcatalina.base=D:\code\mycode\project-weixin\infrastructure\tomcat\default
十二月 21, 2016 7:37:39 下午 org.apache.catalina.startup.VersionLoggerListener log
信息: Command line argument: -Dcatalina.home=D:\code\mycode\project-weixin\infrastructure\tomcat\default
十二月 21, 2016 7:37:39 下午 org.apache.catalina.startup.VersionLoggerListener log
信息: Command line argument: -Djava.io.tmpdir=D:\code\mycode\project-weixin\infrastructure\tomcat\default\temp
十二月 21, 2016 7:37:39 下午 org.apache.catalina.core.AprLifecycleListener lifecycleEvent
信息: The APR based Apache Tomcat Native library which allows optimal performance in production environments was not found on the java.library.path: D:\Program Files\Java\jdk1.7.0_45\bin;C:\WINDOWS\Sun\Java\bin;C:\WINDOWS\system32;C:\WINDOWS;C:\ProgramData\Oracle\Java\javapath;C:\WINDOWS\system32;C:\WINDOWS;C:\WINDOWS\System32\Wbem;C:\WINDOWS\System32\WindowsPowerShell\v1.0\;C:\Program Files (x86)\Intel\OpenCL SDK\2.0\bin\x86;C:\Program Files (x86)\Intel\OpenCL SDK\2.0\bin\x64;D:\Program Files\Java\jdk1.8.0_102\bin;D:\Program Files\TortoiseSVN\bin;D:\env\gradle-3.0\bin;D:\Program Files\nodejs\;C:\Users\wangxh\AppData\Roaming\npm;C:\Users\wangxh\AppData\Local\Microsoft\WindowsApps;.
十二月 21, 2016 7:37:39 下午 org.apache.coyote.AbstractProtocol init
信息: Initializing ProtocolHandler ["http-bio-80"]
十二月 21, 2016 7:37:39 下午 org.apache.coyote.AbstractProtocol init
信息: Initializing ProtocolHandler ["http-bio-8443"]
十二月 21, 2016 7:37:40 下午 org.apache.catalina.startup.Catalina load
信息: Initialization processed in 1546 ms
十二月 21, 2016 7:37:40 下午 org.apache.catalina.core.StandardService startInternal
信息: Starting service Catalina
十二月 21, 2016 7:37:40 下午 org.apache.catalina.core.StandardEngine startInternal
信息: Starting Servlet Engine: Apache Tomcat/7.0.57
十二月 21, 2016 7:37:40 下午 org.apache.catalina.startup.HostConfig deployDescriptor
信息: Deploying configuration descriptor D:\code\mycode\project-weixin\infrastructure\tomcat\default\conf\Catalina\localhost\Weixin.xml
十二月 21, 2016 7:37:43 下午 org.apache.catalina.core.StandardContext startInternal
严重: Error listenerStart
十二月 21, 2016 7:37:43 下午 org.apache.catalina.core.StandardContext startInternal
严重: Context [/Weixin] startup failed due to previous errors
十二月 21, 2016 7:37:43 下午 org.apache.catalina.startup.HostConfig deployDescriptor
信息: Deployment of configuration descriptor D:\code\mycode\project-weixin\infrastructure\tomcat\default\conf\Catalina\localhost\Weixin.xml has finished in 3,441 ms
十二月 21, 2016 7:37:43 下午 org.apache.catalina.startup.HostConfig deployDirectory
信息: Deploying web application directory D:\code\mycode\project-weixin\infrastructure\tomcat\default\webapps\docs
十二月 21, 2016 7:37:43 下午 org.apache.catalina.startup.HostConfig deployDirectory
信息: Deployment of web application directory D:\code\mycode\project-weixin\infrastructure\tomcat\default\webapps\docs has finished in 104 ms
十二月 21, 2016 7:37:43 下午 org.apache.catalina.startup.HostConfig deployDirectory
信息: Deploying web application directory D:\code\mycode\project-weixin\infrastructure\tomcat\default\webapps\examples
十二月 21, 2016 7:37:44 下午 org.apache.catalina.startup.HostConfig deployDirectory
信息: Deployment of web application directory D:\code\mycode\project-weixin\infrastructure\tomcat\default\webapps\examples has finished in 475 ms
十二月 21, 2016 7:37:44 下午 org.apache.catalina.startup.HostConfig deployDirectory
信息: Deploying web application directory D:\code\mycode\project-weixin\infrastructure\tomcat\default\webapps\host-manager
十二月 21, 2016 7:37:44 下午 org.apache.catalina.startup.HostConfig deployDirectory
信息: Deployment of web application directory D:\code\mycode\project-weixin\infrastructure\tomcat\default\webapps\host-manager has finished in 96 ms
十二月 21, 2016 7:37:44 下午 org.apache.catalina.startup.HostConfig deployDirectory
信息: Deploying web application directory D:\code\mycode\project-weixin\infrastructure\tomcat\default\webapps\manager
十二月 21, 2016 7:37:44 下午 org.apache.catalina.startup.HostConfig deployDirectory
信息: Deployment of web application directory D:\code\mycode\project-weixin\infrastructure\tomcat\default\webapps\manager has finished in 120 ms
十二月 21, 2016 7:37:44 下午 org.apache.catalina.startup.HostConfig deployDirectory
信息: Deploying web application directory D:\code\mycode\project-weixin\infrastructure\tomcat\default\webapps\ROOT
十二月 21, 2016 7:37:44 下午 org.apache.catalina.startup.HostConfig deployDirectory
信息: Deployment of web application directory D:\code\mycode\project-weixin\infrastructure\tomcat\default\webapps\ROOT has finished in 159 ms
十二月 21, 2016 7:37:44 下午 org.apache.coyote.AbstractProtocol start
信息: Starting ProtocolHandler ["http-bio-80"]
十二月 21, 2016 7:37:44 下午 org.apache.coyote.AbstractProtocol start
信息: Starting ProtocolHandler ["http-bio-8443"]
十二月 21, 2016 7:37:44 下午 org.apache.catalina.startup.Catalina start
信息: Server startup in 4521 ms
十二月 21, 2016 7:38:54 下午 org.apache.catalina.startup.HostConfig undeploy
信息: Undeploying context [/Weixin]
十二月 21, 2016 7:38:54 下午 org.apache.catalina.startup.HostConfig deployDescriptor
信息: Deploying configuration descriptor D:\code\mycode\project-weixin\infrastructure\tomcat\default\conf\Catalina\localhost\Weixin.xml
十二月 21, 2016 7:38:58 下午 org.apache.catalina.core.StandardContext startInternal
严重: Error listenerStart
十二月 21, 2016 7:38:58 下午 org.apache.catalina.core.StandardContext startInternal
严重: Context [/Weixin] startup failed due to previous errors
十二月 21, 2016 7:38:58 下午 org.apache.catalina.startup.HostConfig deployDescriptor
信息: Deployment of configuration descriptor D:\code\mycode\project-weixin\infrastructure\tomcat\default\conf\Catalina\localhost\Weixin.xml has finished in 3,318 ms
十二月 21, 2016 7:39:08 下午 org.apache.catalina.startup.HostConfig undeploy
信息: Undeploying context [/Weixin]
十二月 21, 2016 7:39:08 下午 org.apache.catalina.startup.HostConfig deployDescriptor
信息: Deploying configuration descriptor D:\code\mycode\project-weixin\infrastructure\tomcat\default\conf\Catalina\localhost\Weixin.xml
十二月 21, 2016 7:39:09 下午 org.apache.catalina.core.StandardContext startInternal
严重: Error listenerStart
十二月 21, 2016 7:39:09 下午 org.apache.catalina.core.StandardContext startInternal
严重: Context [/Weixin] startup failed due to previous errors
十二月 21, 2016 7:39:09 下午 org.apache.catalina.startup.HostConfig deployDescriptor
信息: Deployment of configuration descriptor D:\code\mycode\project-weixin\infrastructure\tomcat\default\conf\Catalina\localhost\Weixin.xml has finished in 1,586 ms
十二月 21, 2016 7:39:32 下午 org.apache.catalina.startup.VersionLoggerListener log
信息: Server version:        Apache Tomcat/7.0.57
十二月 21, 2016 7:39:32 下午 org.apache.catalina.startup.VersionLoggerListener log
信息: Server built:          Nov 3 2014 08:39:16 UTC
十二月 21, 2016 7:39:32 下午 org.apache.catalina.startup.VersionLoggerListener log
信息: Server number:         7.0.57.0
十二月 21, 2016 7:39:32 下午 org.apache.catalina.startup.VersionLoggerListener log
信息: OS Name:               Windows 10
十二月 21, 2016 7:39:32 下午 org.apache.catalina.startup.VersionLoggerListener log
信息: OS Version:            10.0
十二月 21, 2016 7:39:32 下午 org.apache.catalina.startup.VersionLoggerListener log
信息: Architecture:          amd64
十二月 21, 2016 7:39:32 下午 org.apache.catalina.startup.VersionLoggerListener log
信息: JAVA_HOME:             D:\code\mycode\project-weixin\infrastructure\jdk\default\jre
十二月 21, 2016 7:39:32 下午 org.apache.catalina.startup.VersionLoggerListener log
信息: JVM Version:           1.8.0_102-b14
十二月 21, 2016 7:39:32 下午 org.apache.catalina.startup.VersionLoggerListener log
信息: JVM Vendor:            Oracle Corporation
十二月 21, 2016 7:39:32 下午 org.apache.catalina.startup.VersionLoggerListener log
信息: CATALINA_BASE:         D:\code\mycode\project-weixin\infrastructure\tomcat\default
十二月 21, 2016 7:39:32 下午 org.apache.catalina.startup.VersionLoggerListener log
信息: CATALINA_HOME:         D:\code\mycode\project-weixin\infrastructure\tomcat\default
十二月 21, 2016 7:39:32 下午 org.apache.catalina.startup.VersionLoggerListener log
信息: Command line argument: -Xmx1024m
十二月 21, 2016 7:39:32 下午 org.apache.catalina.startup.VersionLoggerListener log
信息: Command line argument: -XX:MaxNewSize=256m
十二月 21, 2016 7:39:32 下午 org.apache.catalina.startup.VersionLoggerListener log
信息: Command line argument: -XX:MaxPermSize=256m
十二月 21, 2016 7:39:32 下午 org.apache.catalina.startup.VersionLoggerListener log
信息: Command line argument: -Djava.awt.headless=true
十二月 21, 2016 7:39:32 下午 org.apache.catalina.startup.VersionLoggerListener log
信息: Command line argument: -Xdebug
十二月 21, 2016 7:39:32 下午 org.apache.catalina.startup.VersionLoggerListener log
信息: Command line argument: -Xnoagent
十二月 21, 2016 7:39:32 下午 org.apache.catalina.startup.VersionLoggerListener log
信息: Command line argument: -Xrunjdwp:transport=dt_socket,address=7777,server=y,suspend=n
十二月 21, 2016 7:39:32 下午 org.apache.catalina.startup.VersionLoggerListener log
信息: Command line argument: -DTOMCAT_PORT_HTTP=80
十二月 21, 2016 7:39:32 下午 org.apache.catalina.startup.VersionLoggerListener log
信息: Command line argument: -DTOMCAT_PORT_HTTPS=8443
十二月 21, 2016 7:39:32 下午 org.apache.catalina.startup.VersionLoggerListener log
信息: Command line argument: -DPROFILE_STAMP=a8ee23155196791ddf5e4d0bd86bd8db
十二月 21, 2016 7:39:32 下午 org.apache.catalina.startup.VersionLoggerListener log
信息: Command line argument: -DINSTANCE_STAMP=a8ee23155196791ddf5e4d0bd86bd8db.1482320370329
十二月 21, 2016 7:39:32 下午 org.apache.catalina.startup.VersionLoggerListener log
信息: Command line argument: -Djava.util.logging.config.file=D:\code\mycode\project-weixin\infrastructure\tomcat\default\conf\logging.properties
十二月 21, 2016 7:39:32 下午 org.apache.catalina.startup.VersionLoggerListener log
信息: Command line argument: -Djava.util.logging.manager=org.apache.juli.ClassLoaderLogManager
十二月 21, 2016 7:39:32 下午 org.apache.catalina.startup.VersionLoggerListener log
信息: Command line argument: -Djava.endorsed.dirs=D:\code\mycode\project-weixin\infrastructure\tomcat\default\endorsed
十二月 21, 2016 7:39:32 下午 org.apache.catalina.startup.VersionLoggerListener log
信息: Command line argument: -Dcatalina.base=D:\code\mycode\project-weixin\infrastructure\tomcat\default
十二月 21, 2016 7:39:32 下午 org.apache.catalina.startup.VersionLoggerListener log
信息: Command line argument: -Dcatalina.home=D:\code\mycode\project-weixin\infrastructure\tomcat\default
十二月 21, 2016 7:39:32 下午 org.apache.catalina.startup.VersionLoggerListener log
信息: Command line argument: -Djava.io.tmpdir=D:\code\mycode\project-weixin\infrastructure\tomcat\default\temp
十二月 21, 2016 7:39:32 下午 org.apache.catalina.core.AprLifecycleListener lifecycleEvent
信息: The APR based Apache Tomcat Native library which allows optimal performance in production environments was not found on the java.library.path: D:\code\mycode\project-weixin\infrastructure\jdk\default\bin;C:\WINDOWS\Sun\Java\bin;C:\WINDOWS\system32;C:\WINDOWS;C:\ProgramData\Oracle\Java\javapath;C:\WINDOWS\system32;C:\WINDOWS;C:\WINDOWS\System32\Wbem;C:\WINDOWS\System32\WindowsPowerShell\v1.0\;C:\Program Files (x86)\Intel\OpenCL SDK\2.0\bin\x86;C:\Program Files (x86)\Intel\OpenCL SDK\2.0\bin\x64;D:\Program Files\Java\jdk1.8.0_102\bin;D:\Program Files\TortoiseSVN\bin;D:\env\gradle-3.0\bin;D:\Program Files\nodejs\;C:\Users\wangxh\AppData\Roaming\npm;%USERPROFILE%\AppData\Local\Microsoft\WindowsApps;;.
十二月 21, 2016 7:39:33 下午 org.apache.coyote.AbstractProtocol init
信息: Initializing ProtocolHandler ["http-bio-80"]
十二月 21, 2016 7:39:33 下午 org.apache.coyote.AbstractProtocol init
信息: Initializing ProtocolHandler ["http-bio-8443"]
十二月 21, 2016 7:39:34 下午 org.apache.catalina.startup.Catalina load
信息: Initialization processed in 2130 ms
十二月 21, 2016 7:39:34 下午 org.apache.catalina.core.StandardService startInternal
信息: Starting service Catalina
十二月 21, 2016 7:39:34 下午 org.apache.catalina.core.StandardEngine startInternal
信息: Starting Servlet Engine: Apache Tomcat/7.0.57
十二月 21, 2016 7:39:34 下午 org.apache.catalina.startup.HostConfig deployDescriptor
信息: Deploying configuration descriptor D:\code\mycode\project-weixin\infrastructure\tomcat\default\conf\Catalina\localhost\Weixin.xml
十二月 21, 2016 7:39:43 下午 org.apache.catalina.startup.HostConfig deployDescriptor
信息: Deployment of configuration descriptor D:\code\mycode\project-weixin\infrastructure\tomcat\default\conf\Catalina\localhost\Weixin.xml has finished in 8,886 ms
十二月 21, 2016 7:39:43 下午 org.apache.catalina.startup.HostConfig deployDirectory
信息: Deploying web application directory D:\code\mycode\project-weixin\infrastructure\tomcat\default\webapps\docs
十二月 21, 2016 7:39:43 下午 org.apache.catalina.startup.HostConfig deployDirectory
信息: Deployment of web application directory D:\code\mycode\project-weixin\infrastructure\tomcat\default\webapps\docs has finished in 126 ms
十二月 21, 2016 7:39:43 下午 org.apache.catalina.startup.HostConfig deployDirectory
信息: Deploying web application directory D:\code\mycode\project-weixin\infrastructure\tomcat\default\webapps\examples
十二月 21, 2016 7:39:43 下午 org.apache.catalina.startup.HostConfig deployDirectory
信息: Deployment of web application directory D:\code\mycode\project-weixin\infrastructure\tomcat\default\webapps\examples has finished in 604 ms
十二月 21, 2016 7:39:43 下午 org.apache.catalina.startup.HostConfig deployDirectory
信息: Deploying web application directory D:\code\mycode\project-weixin\infrastructure\tomcat\default\webapps\host-manager
十二月 21, 2016 7:39:43 下午 org.apache.catalina.startup.HostConfig deployDirectory
信息: Deployment of web application directory D:\code\mycode\project-weixin\infrastructure\tomcat\default\webapps\host-manager has finished in 119 ms
十二月 21, 2016 7:39:43 下午 org.apache.catalina.startup.HostConfig deployDirectory
信息: Deploying web application directory D:\code\mycode\project-weixin\infrastructure\tomcat\default\webapps\manager
十二月 21, 2016 7:39:44 下午 org.apache.catalina.startup.HostConfig deployDirectory
信息: Deployment of web application directory D:\code\mycode\project-weixin\infrastructure\tomcat\default\webapps\manager has finished in 124 ms
十二月 21, 2016 7:39:44 下午 org.apache.catalina.startup.HostConfig deployDirectory
信息: Deploying web application directory D:\code\mycode\project-weixin\infrastructure\tomcat\default\webapps\ROOT
十二月 21, 2016 7:39:44 下午 org.apache.catalina.startup.HostConfig deployDirectory
信息: Deployment of web application directory D:\code\mycode\project-weixin\infrastructure\tomcat\default\webapps\ROOT has finished in 76 ms
十二月 21, 2016 7:39:44 下午 org.apache.coyote.AbstractProtocol start
信息: Starting ProtocolHandler ["http-bio-80"]
十二月 21, 2016 7:39:44 下午 org.apache.coyote.AbstractProtocol start
信息: Starting ProtocolHandler ["http-bio-8443"]
十二月 21, 2016 7:39:44 下午 org.apache.catalina.startup.Catalina start
信息: Server startup in 10103 ms
十二月 21, 2016 9:46:34 下午 org.apache.catalina.startup.VersionLoggerListener log
信息: Server version:        Apache Tomcat/7.0.57
十二月 21, 2016 9:46:34 下午 org.apache.catalina.startup.VersionLoggerListener log
信息: Server built:          Nov 3 2014 08:39:16 UTC
十二月 21, 2016 9:46:34 下午 org.apache.catalina.startup.VersionLoggerListener log
信息: Server number:         7.0.57.0
十二月 21, 2016 9:46:34 下午 org.apache.catalina.startup.VersionLoggerListener log
信息: OS Name:               Windows 10
十二月 21, 2016 9:46:34 下午 org.apache.catalina.startup.VersionLoggerListener log
信息: OS Version:            10.0
十二月 21, 2016 9:46:34 下午 org.apache.catalina.startup.VersionLoggerListener log
信息: Architecture:          amd64
十二月 21, 2016 9:46:34 下午 org.apache.catalina.startup.VersionLoggerListener log
信息: JAVA_HOME:             D:\code\mycode\project-weixin\infrastructure\jdk\default\jre
十二月 21, 2016 9:46:34 下午 org.apache.catalina.startup.VersionLoggerListener log
信息: JVM Version:           1.8.0_102-b14
十二月 21, 2016 9:46:34 下午 org.apache.catalina.startup.VersionLoggerListener log
信息: JVM Vendor:            Oracle Corporation
十二月 21, 2016 9:46:34 下午 org.apache.catalina.startup.VersionLoggerListener log
信息: CATALINA_BASE:         D:\code\mycode\project-weixin\infrastructure\tomcat\default
十二月 21, 2016 9:46:34 下午 org.apache.catalina.startup.VersionLoggerListener log
信息: CATALINA_HOME:         D:\code\mycode\project-weixin\infrastructure\tomcat\default
十二月 21, 2016 9:46:34 下午 org.apache.catalina.startup.VersionLoggerListener log
信息: Command line argument: -Xmx1024m
十二月 21, 2016 9:46:34 下午 org.apache.catalina.startup.VersionLoggerListener log
信息: Command line argument: -XX:MaxNewSize=256m
十二月 21, 2016 9:46:34 下午 org.apache.catalina.startup.VersionLoggerListener log
信息: Command line argument: -XX:MaxPermSize=256m
十二月 21, 2016 9:46:34 下午 org.apache.catalina.startup.VersionLoggerListener log
信息: Command line argument: -Djava.awt.headless=true
十二月 21, 2016 9:46:34 下午 org.apache.catalina.startup.VersionLoggerListener log
信息: Command line argument: -Xdebug
十二月 21, 2016 9:46:34 下午 org.apache.catalina.startup.VersionLoggerListener log
信息: Command line argument: -Xnoagent
十二月 21, 2016 9:46:34 下午 org.apache.catalina.startup.VersionLoggerListener log
信息: Command line argument: -Xrunjdwp:transport=dt_socket,address=7777,server=y,suspend=n
十二月 21, 2016 9:46:34 下午 org.apache.catalina.startup.VersionLoggerListener log
信息: Command line argument: -DTOMCAT_PORT_HTTP=80
十二月 21, 2016 9:46:34 下午 org.apache.catalina.startup.VersionLoggerListener log
信息: Command line argument: -DTOMCAT_PORT_HTTPS=8443
十二月 21, 2016 9:46:34 下午 org.apache.catalina.startup.VersionLoggerListener log
信息: Command line argument: -DPROFILE_STAMP=a8ee23155196791ddf5e4d0bd86bd8db
十二月 21, 2016 9:46:34 下午 org.apache.catalina.startup.VersionLoggerListener log
信息: Command line argument: -DINSTANCE_STAMP=a8ee23155196791ddf5e4d0bd86bd8db.1482327989338
十二月 21, 2016 9:46:34 下午 org.apache.catalina.startup.VersionLoggerListener log
信息: Command line argument: -Djava.util.logging.config.file=D:\code\mycode\project-weixin\infrastructure\tomcat\default\conf\logging.properties
十二月 21, 2016 9:46:34 下午 org.apache.catalina.startup.VersionLoggerListener log
信息: Command line argument: -Djava.util.logging.manager=org.apache.juli.ClassLoaderLogManager
十二月 21, 2016 9:46:34 下午 org.apache.catalina.startup.VersionLoggerListener log
信息: Command line argument: -Djava.endorsed.dirs=D:\code\mycode\project-weixin\infrastructure\tomcat\default\endorsed
十二月 21, 2016 9:46:34 下午 org.apache.catalina.startup.VersionLoggerListener log
信息: Command line argument: -Dcatalina.base=D:\code\mycode\project-weixin\infrastructure\tomcat\default
十二月 21, 2016 9:46:34 下午 org.apache.catalina.startup.VersionLoggerListener log
信息: Command line argument: -Dcatalina.home=D:\code\mycode\project-weixin\infrastructure\tomcat\default
十二月 21, 2016 9:46:34 下午 org.apache.catalina.startup.VersionLoggerListener log
信息: Command line argument: -Djava.io.tmpdir=D:\code\mycode\project-weixin\infrastructure\tomcat\default\temp
十二月 21, 2016 9:46:34 下午 org.apache.catalina.core.AprLifecycleListener lifecycleEvent
信息: The APR based Apache Tomcat Native library which allows optimal performance in production environments was not found on the java.library.path: D:\code\mycode\project-weixin\infrastructure\jdk\default\bin;C:\WINDOWS\Sun\Java\bin;C:\WINDOWS\system32;C:\WINDOWS;C:\ProgramData\Oracle\Java\javapath;C:\WINDOWS\system32;C:\WINDOWS;C:\WINDOWS\System32\Wbem;C:\WINDOWS\System32\WindowsPowerShell\v1.0\;C:\Program Files (x86)\Intel\OpenCL SDK\2.0\bin\x86;C:\Program Files (x86)\Intel\OpenCL SDK\2.0\bin\x64;D:\Program Files\Java\jdk1.8.0_102\bin;D:\Program Files\TortoiseSVN\bin;D:\env\gradle-3.0\bin;D:\Program Files\nodejs\;C:\Users\wangxh\AppData\Roaming\npm;%USERPROFILE%\AppData\Local\Microsoft\WindowsApps;;.
十二月 21, 2016 9:46:34 下午 org.apache.coyote.AbstractProtocol init
信息: Initializing ProtocolHandler ["http-bio-80"]
十二月 21, 2016 9:46:34 下午 org.apache.coyote.AbstractProtocol init
信息: Initializing ProtocolHandler ["http-bio-8443"]
十二月 21, 2016 9:46:35 下午 org.apache.catalina.startup.Catalina load
信息: Initialization processed in 2211 ms
十二月 21, 2016 9:46:35 下午 org.apache.catalina.core.StandardService startInternal
信息: Starting service Catalina
十二月 21, 2016 9:46:35 下午 org.apache.catalina.core.StandardEngine startInternal
信息: Starting Servlet Engine: Apache Tomcat/7.0.57
十二月 21, 2016 9:46:35 下午 org.apache.catalina.startup.HostConfig deployDescriptor
信息: Deploying configuration descriptor D:\code\mycode\project-weixin\infrastructure\tomcat\default\conf\Catalina\localhost\Weixin.xml
十二月 21, 2016 9:46:46 下午 org.apache.catalina.startup.HostConfig deployDescriptor
信息: Deployment of configuration descriptor D:\code\mycode\project-weixin\infrastructure\tomcat\default\conf\Catalina\localhost\Weixin.xml has finished in 10,501 ms
十二月 21, 2016 9:46:46 下午 org.apache.catalina.startup.HostConfig deployDirectory
信息: Deploying web application directory D:\code\mycode\project-weixin\infrastructure\tomcat\default\webapps\docs
十二月 21, 2016 9:46:46 下午 org.apache.catalina.startup.HostConfig deployDirectory
信息: Deployment of web application directory D:\code\mycode\project-weixin\infrastructure\tomcat\default\webapps\docs has finished in 132 ms
十二月 21, 2016 9:46:46 下午 org.apache.catalina.startup.HostConfig deployDirectory
信息: Deploying web application directory D:\code\mycode\project-weixin\infrastructure\tomcat\default\webapps\examples
十二月 21, 2016 9:46:47 下午 org.apache.catalina.startup.HostConfig deployDirectory
信息: Deployment of web application directory D:\code\mycode\project-weixin\infrastructure\tomcat\default\webapps\examples has finished in 634 ms
十二月 21, 2016 9:46:47 下午 org.apache.catalina.startup.HostConfig deployDirectory
信息: Deploying web application directory D:\code\mycode\project-weixin\infrastructure\tomcat\default\webapps\host-manager
十二月 21, 2016 9:46:47 下午 org.apache.catalina.startup.HostConfig deployDirectory
信息: Deployment of web application directory D:\code\mycode\project-weixin\infrastructure\tomcat\default\webapps\host-manager has finished in 125 ms
十二月 21, 2016 9:46:47 下午 org.apache.catalina.startup.HostConfig deployDirectory
信息: Deploying web application directory D:\code\mycode\project-weixin\infrastructure\tomcat\default\webapps\manager
十二月 21, 2016 9:46:47 下午 org.apache.catalina.startup.HostConfig deployDirectory
信息: Deployment of web application directory D:\code\mycode\project-weixin\infrastructure\tomcat\default\webapps\manager has finished in 113 ms
十二月 21, 2016 9:46:47 下午 org.apache.catalina.startup.HostConfig deployDirectory
信息: Deploying web application directory D:\code\mycode\project-weixin\infrastructure\tomcat\default\webapps\ROOT
十二月 21, 2016 9:46:47 下午 org.apache.catalina.startup.HostConfig deployDirectory
信息: Deployment of web application directory D:\code\mycode\project-weixin\infrastructure\tomcat\default\webapps\ROOT has finished in 88 ms
十二月 21, 2016 9:46:47 下午 org.apache.coyote.AbstractProtocol start
信息: Starting ProtocolHandler ["http-bio-80"]
十二月 21, 2016 9:46:47 下午 org.apache.coyote.AbstractProtocol start
信息: Starting ProtocolHandler ["http-bio-8443"]
十二月 21, 2016 9:46:47 下午 org.apache.catalina.startup.Catalina start
信息: Server startup in 11740 ms
十二月 21, 2016 10:22:22 下午 org.apache.catalina.core.StandardContext reload
信息: Reloading Context with name [/Weixin] has started
十二月 21, 2016 10:22:22 下午 org.apache.catalina.loader.WebappClassLoader clearReferencesJdbc
严重: The web application [/Weixin] registered the JDBC driver [com.mysql.jdbc.Driver] but failed to unregister it when the web application was stopped. To prevent a memory leak, the JDBC Driver has been forcibly unregistered.
十二月 21, 2016 10:22:22 下午 org.apache.catalina.loader.WebappClassLoader clearReferencesThreads
严重: The web application [/Weixin] appears to have started a thread named [Abandoned connection cleanup thread] but has failed to stop it. This is very likely to create a memory leak.
十二月 21, 2016 10:22:22 下午 org.apache.catalina.loader.WebappClassLoader clearReferencesThreads
严重: The web application [/Weixin] appears to have started a thread named [Timer-0] but has failed to stop it. This is very likely to create a memory leak.
十二月 21, 2016 10:41:32 下午 org.apache.catalina.core.StandardContext reload
信息: Reloading Context with name [/Weixin] is completed
十二月 21, 2016 10:41:50 下午 org.apache.catalina.startup.VersionLoggerListener log
信息: Server version:        Apache Tomcat/7.0.57
十二月 21, 2016 10:41:50 下午 org.apache.catalina.startup.VersionLoggerListener log
信息: Server built:          Nov 3 2014 08:39:16 UTC
十二月 21, 2016 10:41:50 下午 org.apache.catalina.startup.VersionLoggerListener log
信息: Server number:         7.0.57.0
十二月 21, 2016 10:41:50 下午 org.apache.catalina.startup.VersionLoggerListener log
信息: OS Name:               Windows 10
十二月 21, 2016 10:41:50 下午 org.apache.catalina.startup.VersionLoggerListener log
信息: OS Version:            10.0
十二月 21, 2016 10:41:50 下午 org.apache.catalina.startup.VersionLoggerListener log
信息: Architecture:          amd64
十二月 21, 2016 10:41:50 下午 org.apache.catalina.startup.VersionLoggerListener log
信息: JAVA_HOME:             D:\code\mycode\project-weixin\infrastructure\jdk\default\jre
十二月 21, 2016 10:41:50 下午 org.apache.catalina.startup.VersionLoggerListener log
信息: JVM Version:           1.8.0_102-b14
十二月 21, 2016 10:41:50 下午 org.apache.catalina.startup.VersionLoggerListener log
信息: JVM Vendor:            Oracle Corporation
十二月 21, 2016 10:41:50 下午 org.apache.catalina.startup.VersionLoggerListener log
信息: CATALINA_BASE:         D:\code\mycode\project-weixin\infrastructure\tomcat\default
十二月 21, 2016 10:41:50 下午 org.apache.catalina.startup.VersionLoggerListener log
信息: CATALINA_HOME:         D:\code\mycode\project-weixin\infrastructure\tomcat\default
十二月 21, 2016 10:41:50 下午 org.apache.catalina.startup.VersionLoggerListener log
信息: Command line argument: -Xmx1024m
十二月 21, 2016 10:41:50 下午 org.apache.catalina.startup.VersionLoggerListener log
信息: Command line argument: -XX:MaxNewSize=256m
十二月 21, 2016 10:41:50 下午 org.apache.catalina.startup.VersionLoggerListener log
信息: Command line argument: -XX:MaxPermSize=256m
十二月 21, 2016 10:41:50 下午 org.apache.catalina.startup.VersionLoggerListener log
信息: Command line argument: -Djava.awt.headless=true
十二月 21, 2016 10:41:50 下午 org.apache.catalina.startup.VersionLoggerListener log
信息: Command line argument: -Xdebug
十二月 21, 2016 10:41:50 下午 org.apache.catalina.startup.VersionLoggerListener log
信息: Command line argument: -Xnoagent
十二月 21, 2016 10:41:50 下午 org.apache.catalina.startup.VersionLoggerListener log
信息: Command line argument: -Xrunjdwp:transport=dt_socket,address=7777,server=y,suspend=n
十二月 21, 2016 10:41:50 下午 org.apache.catalina.startup.VersionLoggerListener log
信息: Command line argument: -DTOMCAT_PORT_HTTP=80
十二月 21, 2016 10:41:50 下午 org.apache.catalina.startup.VersionLoggerListener log
信息: Command line argument: -DTOMCAT_PORT_HTTPS=8443
十二月 21, 2016 10:41:50 下午 org.apache.catalina.startup.VersionLoggerListener log
信息: Command line argument: -DPROFILE_STAMP=a8ee23155196791ddf5e4d0bd86bd8db
十二月 21, 2016 10:41:50 下午 org.apache.catalina.startup.VersionLoggerListener log
信息: Command line argument: -DINSTANCE_STAMP=a8ee23155196791ddf5e4d0bd86bd8db.1482331308129
十二月 21, 2016 10:41:50 下午 org.apache.catalina.startup.VersionLoggerListener log
信息: Command line argument: -Djava.util.logging.config.file=D:\code\mycode\project-weixin\infrastructure\tomcat\default\conf\logging.properties
十二月 21, 2016 10:41:50 下午 org.apache.catalina.startup.VersionLoggerListener log
信息: Command line argument: -Djava.util.logging.manager=org.apache.juli.ClassLoaderLogManager
十二月 21, 2016 10:41:50 下午 org.apache.catalina.startup.VersionLoggerListener log
信息: Command line argument: -Djava.endorsed.dirs=D:\code\mycode\project-weixin\infrastructure\tomcat\default\endorsed
十二月 21, 2016 10:41:50 下午 org.apache.catalina.startup.VersionLoggerListener log
信息: Command line argument: -Dcatalina.base=D:\code\mycode\project-weixin\infrastructure\tomcat\default
十二月 21, 2016 10:41:50 下午 org.apache.catalina.startup.VersionLoggerListener log
信息: Command line argument: -Dcatalina.home=D:\code\mycode\project-weixin\infrastructure\tomcat\default
十二月 21, 2016 10:41:50 下午 org.apache.catalina.startup.VersionLoggerListener log
信息: Command line argument: -Djava.io.tmpdir=D:\code\mycode\project-weixin\infrastructure\tomcat\default\temp
十二月 21, 2016 10:41:50 下午 org.apache.catalina.core.AprLifecycleListener lifecycleEvent
信息: The APR based Apache Tomcat Native library which allows optimal performance in production environments was not found on the java.library.path: D:\code\mycode\project-weixin\infrastructure\jdk\default\bin;C:\WINDOWS\Sun\Java\bin;C:\WINDOWS\system32;C:\WINDOWS;C:\ProgramData\Oracle\Java\javapath;C:\WINDOWS\system32;C:\WINDOWS;C:\WINDOWS\System32\Wbem;C:\WINDOWS\System32\WindowsPowerShell\v1.0\;C:\Program Files (x86)\Intel\OpenCL SDK\2.0\bin\x86;C:\Program Files (x86)\Intel\OpenCL SDK\2.0\bin\x64;D:\Program Files\Java\jdk1.8.0_102\bin;D:\Program Files\TortoiseSVN\bin;D:\env\gradle-3.0\bin;D:\Program Files\nodejs\;C:\Users\wangxh\AppData\Roaming\npm;%USERPROFILE%\AppData\Local\Microsoft\WindowsApps;;.
十二月 21, 2016 10:41:51 下午 org.apache.coyote.AbstractProtocol init
信息: Initializing ProtocolHandler ["http-bio-80"]
十二月 21, 2016 10:41:51 下午 org.apache.coyote.AbstractProtocol init
信息: Initializing ProtocolHandler ["http-bio-8443"]
十二月 21, 2016 10:41:52 下午 org.apache.catalina.startup.Catalina load
信息: Initialization processed in 2263 ms
十二月 21, 2016 10:41:52 下午 org.apache.catalina.core.StandardService startInternal
信息: Starting service Catalina
十二月 21, 2016 10:41:52 下午 org.apache.catalina.core.StandardEngine startInternal
信息: Starting Servlet Engine: Apache Tomcat/7.0.57
十二月 21, 2016 10:41:52 下午 org.apache.catalina.startup.HostConfig deployDescriptor
信息: Deploying configuration descriptor D:\code\mycode\project-weixin\infrastructure\tomcat\default\conf\Catalina\localhost\Weixin.xml
十二月 21, 2016 10:42:01 下午 org.apache.catalina.startup.HostConfig deployDescriptor
信息: Deployment of configuration descriptor D:\code\mycode\project-weixin\infrastructure\tomcat\default\conf\Catalina\localhost\Weixin.xml has finished in 9,536 ms
十二月 21, 2016 10:42:01 下午 org.apache.catalina.startup.HostConfig deployDirectory
信息: Deploying web application directory D:\code\mycode\project-weixin\infrastructure\tomcat\default\webapps\docs
十二月 21, 2016 10:42:01 下午 org.apache.catalina.startup.HostConfig deployDirectory
信息: Deployment of web application directory D:\code\mycode\project-weixin\infrastructure\tomcat\default\webapps\docs has finished in 143 ms
十二月 21, 2016 10:42:01 下午 org.apache.catalina.startup.HostConfig deployDirectory
信息: Deploying web application directory D:\code\mycode\project-weixin\infrastructure\tomcat\default\webapps\examples
十二月 21, 2016 10:42:02 下午 org.apache.catalina.startup.HostConfig deployDirectory
信息: Deployment of web application directory D:\code\mycode\project-weixin\infrastructure\tomcat\default\webapps\examples has finished in 607 ms
十二月 21, 2016 10:42:02 下午 org.apache.catalina.startup.HostConfig deployDirectory
信息: Deploying web application directory D:\code\mycode\project-weixin\infrastructure\tomcat\default\webapps\host-manager
十二月 21, 2016 10:42:02 下午 org.apache.catalina.startup.HostConfig deployDirectory
信息: Deployment of web application directory D:\code\mycode\project-weixin\infrastructure\tomcat\default\webapps\host-manager has finished in 128 ms
十二月 21, 2016 10:42:02 下午 org.apache.catalina.startup.HostConfig deployDirectory
信息: Deploying web application directory D:\code\mycode\project-weixin\infrastructure\tomcat\default\webapps\manager
十二月 21, 2016 10:42:02 下午 org.apache.catalina.startup.HostConfig deployDirectory
信息: Deployment of web application directory D:\code\mycode\project-weixin\infrastructure\tomcat\default\webapps\manager has finished in 121 ms
十二月 21, 2016 10:42:02 下午 org.apache.catalina.startup.HostConfig deployDirectory
信息: Deploying web application directory D:\code\mycode\project-weixin\infrastructure\tomcat\default\webapps\ROOT
十二月 21, 2016 10:42:02 下午 org.apache.catalina.startup.HostConfig deployDirectory
信息: Deployment of web application directory D:\code\mycode\project-weixin\infrastructure\tomcat\default\webapps\ROOT has finished in 117 ms
十二月 21, 2016 10:42:02 下午 org.apache.coyote.AbstractProtocol start
信息: Starting ProtocolHandler ["http-bio-80"]
十二月 21, 2016 10:42:02 下午 org.apache.coyote.AbstractProtocol start
信息: Starting ProtocolHandler ["http-bio-8443"]
十二月 21, 2016 10:42:02 下午 org.apache.catalina.startup.Catalina start
信息: Server startup in 10800 ms
十二月 21, 2016 10:54:04 下午 org.apache.catalina.core.StandardContext reload
信息: Reloading Context with name [/Weixin] has started
十二月 21, 2016 10:54:04 下午 org.apache.catalina.loader.WebappClassLoader clearReferencesJdbc
严重: The web application [/Weixin] registered the JDBC driver [com.mysql.jdbc.Driver] but failed to unregister it when the web application was stopped. To prevent a memory leak, the JDBC Driver has been forcibly unregistered.
十二月 21, 2016 10:54:04 下午 org.apache.catalina.loader.WebappClassLoader clearReferencesThreads
严重: The web application [/Weixin] appears to have started a thread named [Abandoned connection cleanup thread] but has failed to stop it. This is very likely to create a memory leak.
十二月 21, 2016 10:54:04 下午 org.apache.catalina.loader.WebappClassLoader clearReferencesThreads
严重: The web application [/Weixin] appears to have started a thread named [Timer-0] but has failed to stop it. This is very likely to create a memory leak.
十二月 21, 2016 10:54:10 下午 org.apache.catalina.core.StandardContext reload
信息: Reloading Context with name [/Weixin] is completed
十二月 21, 2016 10:56:51 下午 org.apache.catalina.core.StandardContext reload
信息: Reloading Context with name [/Weixin] has started
十二月 21, 2016 10:56:51 下午 org.apache.catalina.loader.WebappClassLoader clearReferencesJdbc
严重: The web application [/Weixin] registered the JDBC driver [com.mysql.jdbc.Driver] but failed to unregister it when the web application was stopped. To prevent a memory leak, the JDBC Driver has been forcibly unregistered.
十二月 21, 2016 10:56:51 下午 org.apache.catalina.loader.WebappClassLoader clearReferencesThreads
严重: The web application [/Weixin] appears to have started a thread named [Abandoned connection cleanup thread] but has failed to stop it. This is very likely to create a memory leak.
十二月 21, 2016 10:56:51 下午 org.apache.catalina.loader.WebappClassLoader clearReferencesThreads
严重: The web application [/Weixin] appears to have started a thread named [Timer-1] but has failed to stop it. This is very likely to create a memory leak.
十二月 21, 2016 10:56:57 下午 org.apache.catalina.core.StandardContext reload
信息: Reloading Context with name [/Weixin] is completed
十二月 21, 2016 10:57:17 下午 org.apache.catalina.core.StandardContext reload
信息: Reloading Context with name [/Weixin] has started
十二月 21, 2016 10:57:17 下午 org.apache.catalina.loader.WebappClassLoader clearReferencesJdbc
严重: The web application [/Weixin] registered the JDBC driver [com.mysql.jdbc.Driver] but failed to unregister it when the web application was stopped. To prevent a memory leak, the JDBC Driver has been forcibly unregistered.
十二月 21, 2016 10:57:17 下午 org.apache.catalina.loader.WebappClassLoader clearReferencesThreads
严重: The web application [/Weixin] appears to have started a thread named [Abandoned connection cleanup thread] but has failed to stop it. This is very likely to create a memory leak.
十二月 21, 2016 10:57:17 下午 org.apache.catalina.loader.WebappClassLoader clearReferencesThreads
严重: The web application [/Weixin] appears to have started a thread named [Timer-2] but has failed to stop it. This is very likely to create a memory leak.
十二月 21, 2016 10:57:22 下午 org.apache.catalina.core.StandardContext reload
信息: Reloading Context with name [/Weixin] is completed
十二月 21, 2016 10:57:42 下午 org.apache.catalina.core.StandardContext reload
信息: Reloading Context with name [/Weixin] has started
十二月 21, 2016 10:57:42 下午 org.apache.catalina.loader.WebappClassLoader clearReferencesJdbc
严重: The web application [/Weixin] registered the JDBC driver [com.mysql.jdbc.Driver] but failed to unregister it when the web application was stopped. To prevent a memory leak, the JDBC Driver has been forcibly unregistered.
十二月 21, 2016 10:57:42 下午 org.apache.catalina.loader.WebappClassLoader clearReferencesThreads
严重: The web application [/Weixin] appears to have started a thread named [Abandoned connection cleanup thread] but has failed to stop it. This is very likely to create a memory leak.
十二月 21, 2016 10:57:42 下午 org.apache.catalina.loader.WebappClassLoader clearReferencesThreads
严重: The web application [/Weixin] appears to have started a thread named [Timer-3] but has failed to stop it. This is very likely to create a memory leak.
十二月 21, 2016 10:57:48 下午 org.apache.catalina.core.StandardContext reload
信息: Reloading Context with name [/Weixin] is completed
十二月 21, 2016 10:58:38 下午 org.apache.catalina.core.StandardContext reload
信息: Reloading Context with name [/Weixin] has started
十二月 21, 2016 10:58:38 下午 org.apache.catalina.loader.WebappClassLoader clearReferencesJdbc
严重: The web application [/Weixin] registered the JDBC driver [com.mysql.jdbc.Driver] but failed to unregister it when the web application was stopped. To prevent a memory leak, the JDBC Driver has been forcibly unregistered.
十二月 21, 2016 10:58:38 下午 org.apache.catalina.loader.WebappClassLoader clearReferencesThreads
严重: The web application [/Weixin] appears to have started a thread named [Abandoned connection cleanup thread] but has failed to stop it. This is very likely to create a memory leak.
十二月 21, 2016 10:58:38 下午 org.apache.catalina.loader.WebappClassLoader clearReferencesThreads
严重: The web application [/Weixin] appears to have started a thread named [Timer-4] but has failed to stop it. This is very likely to create a memory leak.
十二月 21, 2016 10:58:44 下午 org.apache.catalina.core.StandardContext reload
信息: Reloading Context with name [/Weixin] is completed
十二月 21, 2016 10:58:54 下午 org.apache.catalina.core.StandardContext reload
信息: Reloading Context with name [/Weixin] has started
十二月 21, 2016 10:58:54 下午 org.apache.catalina.loader.WebappClassLoader clearReferencesJdbc
严重: The web application [/Weixin] registered the JDBC driver [com.mysql.jdbc.Driver] but failed to unregister it when the web application was stopped. To prevent a memory leak, the JDBC Driver has been forcibly unregistered.
十二月 21, 2016 10:58:54 下午 org.apache.catalina.loader.WebappClassLoader clearReferencesThreads
严重: The web application [/Weixin] appears to have started a thread named [Abandoned connection cleanup thread] but has failed to stop it. This is very likely to create a memory leak.
十二月 21, 2016 10:58:54 下午 org.apache.catalina.loader.WebappClassLoader clearReferencesThreads
严重: The web application [/Weixin] appears to have started a thread named [Timer-5] but has failed to stop it. This is very likely to create a memory leak.
十二月 21, 2016 10:59:00 下午 org.apache.catalina.core.StandardContext reload
信息: Reloading Context with name [/Weixin] is completed
十二月 21, 2016 10:59:10 下午 org.apache.catalina.core.StandardContext reload
信息: Reloading Context with name [/Weixin] has started
十二月 21, 2016 10:59:10 下午 org.apache.catalina.loader.WebappClassLoader clearReferencesJdbc
严重: The web application [/Weixin] registered the JDBC driver [com.mysql.jdbc.Driver] but failed to unregister it when the web application was stopped. To prevent a memory leak, the JDBC Driver has been forcibly unregistered.
十二月 21, 2016 10:59:10 下午 org.apache.catalina.loader.WebappClassLoader clearReferencesThreads
严重: The web application [/Weixin] appears to have started a thread named [Abandoned connection cleanup thread] but has failed to stop it. This is very likely to create a memory leak.
十二月 21, 2016 10:59:10 下午 org.apache.catalina.loader.WebappClassLoader clearReferencesThreads
严重: The web application [/Weixin] appears to have started a thread named [Timer-6] but has failed to stop it. This is very likely to create a memory leak.
十二月 21, 2016 10:59:15 下午 org.apache.catalina.core.StandardContext reload
信息: Reloading Context with name [/Weixin] is completed
十二月 21, 2016 10:59:25 下午 org.apache.catalina.core.StandardContext reload
信息: Reloading Context with name [/Weixin] has started
十二月 21, 2016 10:59:25 下午 org.apache.catalina.loader.WebappClassLoader clearReferencesJdbc
严重: The web application [/Weixin] registered the JDBC driver [com.mysql.jdbc.Driver] but failed to unregister it when the web application was stopped. To prevent a memory leak, the JDBC Driver has been forcibly unregistered.
十二月 21, 2016 10:59:25 下午 org.apache.catalina.loader.WebappClassLoader clearReferencesThreads
严重: The web application [/Weixin] appears to have started a thread named [Abandoned connection cleanup thread] but has failed to stop it. This is very likely to create a memory leak.
十二月 21, 2016 10:59:25 下午 org.apache.catalina.loader.WebappClassLoader clearReferencesThreads
严重: The web application [/Weixin] appears to have started a thread named [Timer-7] but has failed to stop it. This is very likely to create a memory leak.
十二月 21, 2016 10:59:30 下午 org.apache.catalina.core.StandardContext reload
信息: Reloading Context with name [/Weixin] is completed
十二月 21, 2016 11:07:21 下午 org.apache.catalina.core.StandardContext reload
信息: Reloading Context with name [/Weixin] has started
十二月 21, 2016 11:07:21 下午 org.apache.catalina.loader.WebappClassLoader clearReferencesJdbc
严重: The web application [/Weixin] registered the JDBC driver [com.mysql.jdbc.Driver] but failed to unregister it when the web application was stopped. To prevent a memory leak, the JDBC Driver has been forcibly unregistered.
十二月 21, 2016 11:07:21 下午 org.apache.catalina.loader.WebappClassLoader clearReferencesThreads
严重: The web application [/Weixin] appears to have started a thread named [Abandoned connection cleanup thread] but has failed to stop it. This is very likely to create a memory leak.
十二月 21, 2016 11:07:21 下午 org.apache.catalina.loader.WebappClassLoader clearReferencesThreads
严重: The web application [/Weixin] appears to have started a thread named [Timer-8] but has failed to stop it. This is very likely to create a memory leak.
十二月 21, 2016 11:07:26 下午 org.apache.catalina.core.StandardContext reload
信息: Reloading Context with name [/Weixin] is completed
十二月 21, 2016 11:12:37 下午 org.apache.catalina.core.StandardContext reload
信息: Reloading Context with name [/Weixin] has started
十二月 21, 2016 11:12:37 下午 org.apache.catalina.loader.WebappClassLoader clearReferencesJdbc
严重: The web application [/Weixin] registered the JDBC driver [com.mysql.jdbc.Driver] but failed to unregister it when the web application was stopped. To prevent a memory leak, the JDBC Driver has been forcibly unregistered.
十二月 21, 2016 11:12:37 下午 org.apache.catalina.loader.WebappClassLoader clearReferencesThreads
严重: The web application [/Weixin] appears to have started a thread named [Abandoned connection cleanup thread] but has failed to stop it. This is very likely to create a memory leak.
十二月 21, 2016 11:12:37 下午 org.apache.catalina.loader.WebappClassLoader clearReferencesThreads
严重: The web application [/Weixin] appears to have started a thread named [Timer-9] but has failed to stop it. This is very likely to create a memory leak.
十二月 21, 2016 11:12:42 下午 org.apache.catalina.core.StandardContext reload
信息: Reloading Context with name [/Weixin] is completed
十二月 21, 2016 11:13:02 下午 org.apache.catalina.core.StandardContext reload
信息: Reloading Context with name [/Weixin] has started
十二月 21, 2016 11:13:02 下午 org.apache.catalina.loader.WebappClassLoader clearReferencesJdbc
严重: The web application [/Weixin] registered the JDBC driver [com.mysql.jdbc.Driver] but failed to unregister it when the web application was stopped. To prevent a memory leak, the JDBC Driver has been forcibly unregistered.
十二月 21, 2016 11:13:02 下午 org.apache.catalina.loader.WebappClassLoader clearReferencesThreads
严重: The web application [/Weixin] appears to have started a thread named [Abandoned connection cleanup thread] but has failed to stop it. This is very likely to create a memory leak.
十二月 21, 2016 11:13:02 下午 org.apache.catalina.loader.WebappClassLoader clearReferencesThreads
严重: The web application [/Weixin] appears to have started a thread named [Timer-10] but has failed to stop it. This is very likely to create a memory leak.
十二月 21, 2016 11:13:08 下午 org.apache.catalina.core.StandardContext reload
信息: Reloading Context with name [/Weixin] is completed
