十二月 29, 2016 10:50:17 上午 org.apache.catalina.core.StandardContext reload
信息: Reloading Context with name [/Weixin] has started
十二月 29, 2016 10:50:17 上午 org.apache.catalina.loader.WebappClassLoader clearReferencesJdbc
严重: The web application [/Weixin] registered the JDBC driver [com.mysql.jdbc.Driver] but failed to unregister it when the web application was stopped. To prevent a memory leak, the JDBC Driver has been forcibly unregistered.
十二月 29, 2016 10:50:17 上午 org.apache.catalina.loader.WebappClassLoader clearReferencesThreads
严重: The web application [/Weixin] appears to have started a thread named [Abandoned connection cleanup thread] but has failed to stop it. This is very likely to create a memory leak.
十二月 29, 2016 10:50:17 上午 org.apache.catalina.loader.WebappClassLoader clearReferencesThreads
严重: The web application [/Weixin] appears to have started a thread named [Timer-3] but has failed to stop it. This is very likely to create a memory leak.
十二月 29, 2016 10:50:34 上午 org.apache.catalina.core.StandardContext reload
信息: Reloading Context with name [/Weixin] is completed
十二月 29, 2016 11:09:37 上午 org.apache.catalina.core.StandardContext reload
信息: Reloading Context with name [/Weixin] has started
十二月 29, 2016 11:09:39 上午 org.apache.catalina.loader.WebappClassLoader clearReferencesJdbc
严重: The web application [/Weixin] registered the JDBC driver [com.mysql.jdbc.Driver] but failed to unregister it when the web application was stopped. To prevent a memory leak, the JDBC Driver has been forcibly unregistered.
十二月 29, 2016 11:09:39 上午 org.apache.catalina.loader.WebappClassLoader clearReferencesThreads
严重: The web application [/Weixin] is still processing a request that has yet to finish. This is very likely to create a memory leak. You can control the time allowed for requests to finish by using the unloadDelay attribute of the standard Context implementation.
十二月 29, 2016 11:09:39 上午 org.apache.catalina.loader.WebappClassLoader clearReferencesThreads
严重: The web application [/Weixin] appears to have started a thread named [Abandoned connection cleanup thread] but has failed to stop it. This is very likely to create a memory leak.
十二月 29, 2016 11:09:39 上午 org.apache.catalina.loader.WebappClassLoader clearReferencesThreads
严重: The web application [/Weixin] appears to have started a thread named [Timer-4] but has failed to stop it. This is very likely to create a memory leak.
十二月 29, 2016 11:09:39 上午 org.apache.catalina.loader.WebappClassLoader clearReferencesThreads
严重: The web application [/Weixin] is still processing a request that has yet to finish. This is very likely to create a memory leak. You can control the time allowed for requests to finish by using the unloadDelay attribute of the standard Context implementation.
十二月 29, 2016 11:09:39 上午 org.apache.catalina.loader.WebappClassLoader clearReferencesThreads
严重: The web application [/Weixin] is still processing a request that has yet to finish. This is very likely to create a memory leak. You can control the time allowed for requests to finish by using the unloadDelay attribute of the standard Context implementation.
十二月 29, 2016 11:09:39 上午 org.apache.catalina.loader.WebappClassLoader checkThreadLocalMapForLeaks
严重: The web application [/Weixin] created a ThreadLocal with key of type [org.springframework.core.NamedThreadLocal] (value [Request attributes]) and a value of type [org.springframework.web.context.request.ServletRequestAttributes] (value [org.apache.catalina.connector.RequestFacade@557d794b]) but failed to remove it when the web application was stopped. Threads are going to be renewed over time to try and avoid a probable memory leak.
十二月 29, 2016 11:09:39 上午 org.apache.catalina.loader.WebappClassLoader checkThreadLocalMapForLeaks
严重: The web application [/Weixin] created a ThreadLocal with key of type [org.springframework.core.NamedThreadLocal] (value [Locale context]) and a value of type [org.springframework.web.servlet.DispatcherServlet$1] (value [org.springframework.web.servlet.DispatcherServlet$1@6291e340]) but failed to remove it when the web application was stopped. Threads are going to be renewed over time to try and avoid a probable memory leak.
十二月 29, 2016 11:09:39 上午 org.apache.catalina.loader.WebappClassLoader checkThreadLocalMapForLeaks
严重: The web application [/Weixin] created a ThreadLocal with key of type [org.springframework.core.NamedThreadLocal] (value [Request attributes]) and a value of type [org.springframework.web.context.request.ServletRequestAttributes] (value [org.apache.catalina.connector.RequestFacade@32bd8888]) but failed to remove it when the web application was stopped. Threads are going to be renewed over time to try and avoid a probable memory leak.
十二月 29, 2016 11:09:39 上午 org.apache.catalina.loader.WebappClassLoader checkThreadLocalMapForLeaks
严重: The web application [/Weixin] created a ThreadLocal with key of type [org.springframework.core.NamedThreadLocal] (value [Locale context]) and a value of type [org.springframework.web.servlet.DispatcherServlet$1] (value [org.springframework.web.servlet.DispatcherServlet$1@c3408b5]) but failed to remove it when the web application was stopped. Threads are going to be renewed over time to try and avoid a probable memory leak.
十二月 29, 2016 11:09:39 上午 org.apache.catalina.loader.WebappClassLoader checkThreadLocalMapForLeaks
严重: The web application [/Weixin] created a ThreadLocal with key of type [org.springframework.core.NamedThreadLocal] (value [Request attributes]) and a value of type [org.springframework.web.context.request.ServletRequestAttributes] (value [org.apache.catalina.connector.RequestFacade@2d840799]) but failed to remove it when the web application was stopped. Threads are going to be renewed over time to try and avoid a probable memory leak.
十二月 29, 2016 11:09:39 上午 org.apache.catalina.loader.WebappClassLoader checkThreadLocalMapForLeaks
严重: The web application [/Weixin] created a ThreadLocal with key of type [org.springframework.core.NamedThreadLocal] (value [Locale context]) and a value of type [org.springframework.web.servlet.DispatcherServlet$1] (value [org.springframework.web.servlet.DispatcherServlet$1@40e26a8a]) but failed to remove it when the web application was stopped. Threads are going to be renewed over time to try and avoid a probable memory leak.
十二月 29, 2016 11:09:50 上午 org.apache.catalina.core.StandardContext reload
信息: Reloading Context with name [/Weixin] is completed
十二月 29, 2016 11:13:54 上午 org.apache.catalina.loader.WebappClassLoader findResourceInternal
信息: Illegal access: this web application instance has been stopped already.  Could not load org/apache/http/client/version.properties.  The eventual following stack trace is caused by an error thrown for debugging purposes as well as to attempt to terminate the thread which caused the illegal access, and has no functional impact.
十二月 29, 2016 11:13:54 上午 org.apache.catalina.loader.WebappClassLoader findResourceInternal
信息: Illegal access: this web application instance has been stopped already.  Could not load org/apache/http/client/version.properties.  The eventual following stack trace is caused by an error thrown for debugging purposes as well as to attempt to terminate the thread which caused the illegal access, and has no functional impact.
十二月 29, 2016 11:13:54 上午 org.apache.catalina.loader.WebappClassLoader findResourceInternal
信息: Illegal access: this web application instance has been stopped already.  Could not load org/apache/http/client/version.properties.  The eventual following stack trace is caused by an error thrown for debugging purposes as well as to attempt to terminate the thread which caused the illegal access, and has no functional impact.
十二月 29, 2016 11:13:54 上午 org.apache.catalina.loader.WebappClassLoader findResourceInternal
信息: Illegal access: this web application instance has been stopped already.  Could not load com/mybatis/mapper/.  The eventual following stack trace is caused by an error thrown for debugging purposes as well as to attempt to terminate the thread which caused the illegal access, and has no functional impact.
十二月 29, 2016 11:13:54 上午 org.apache.catalina.loader.WebappClassLoader findResourceInternal
信息: Illegal access: this web application instance has been stopped already.  Could not load com/mybatis/mapper/.  The eventual following stack trace is caused by an error thrown for debugging purposes as well as to attempt to terminate the thread which caused the illegal access, and has no functional impact.
十二月 29, 2016 11:13:54 上午 org.apache.catalina.loader.WebappClassLoader findResourceInternal
信息: Illegal access: this web application instance has been stopped already.  Could not load com/mybatis/mapper/.  The eventual following stack trace is caused by an error thrown for debugging purposes as well as to attempt to terminate the thread which caused the illegal access, and has no functional impact.
十二月 29, 2016 11:14:20 上午 org.apache.catalina.core.StandardContext reload
信息: Reloading Context with name [/Weixin] has started
十二月 29, 2016 11:14:20 上午 org.apache.catalina.loader.WebappClassLoader clearReferencesJdbc
严重: The web application [/Weixin] registered the JDBC driver [com.mysql.jdbc.Driver] but failed to unregister it when the web application was stopped. To prevent a memory leak, the JDBC Driver has been forcibly unregistered.
十二月 29, 2016 11:14:20 上午 org.apache.catalina.loader.WebappClassLoader clearReferencesThreads
严重: The web application [/Weixin] appears to have started a thread named [Abandoned connection cleanup thread] but has failed to stop it. This is very likely to create a memory leak.
十二月 29, 2016 11:14:20 上午 org.apache.catalina.loader.WebappClassLoader clearReferencesThreads
严重: The web application [/Weixin] appears to have started a thread named [Timer-5] but has failed to stop it. This is very likely to create a memory leak.
十二月 29, 2016 11:14:26 上午 org.apache.catalina.core.StandardContext reload
信息: Reloading Context with name [/Weixin] is completed
十二月 29, 2016 11:14:36 上午 org.apache.catalina.core.StandardContext reload
信息: Reloading Context with name [/Weixin] has started
十二月 29, 2016 11:14:36 上午 org.apache.catalina.loader.WebappClassLoader clearReferencesJdbc
严重: The web application [/Weixin] registered the JDBC driver [com.mysql.jdbc.Driver] but failed to unregister it when the web application was stopped. To prevent a memory leak, the JDBC Driver has been forcibly unregistered.
十二月 29, 2016 11:14:36 上午 org.apache.catalina.loader.WebappClassLoader clearReferencesThreads
严重: The web application [/Weixin] appears to have started a thread named [Abandoned connection cleanup thread] but has failed to stop it. This is very likely to create a memory leak.
十二月 29, 2016 11:14:36 上午 org.apache.catalina.loader.WebappClassLoader clearReferencesThreads
严重: The web application [/Weixin] appears to have started a thread named [Timer-6] but has failed to stop it. This is very likely to create a memory leak.
十二月 29, 2016 11:14:41 上午 org.apache.catalina.core.StandardContext reload
信息: Reloading Context with name [/Weixin] is completed
十二月 29, 2016 11:14:51 上午 org.apache.catalina.core.StandardContext reload
信息: Reloading Context with name [/Weixin] has started
十二月 29, 2016 11:14:51 上午 org.apache.catalina.loader.WebappClassLoader clearReferencesJdbc
严重: The web application [/Weixin] registered the JDBC driver [com.mysql.jdbc.Driver] but failed to unregister it when the web application was stopped. To prevent a memory leak, the JDBC Driver has been forcibly unregistered.
十二月 29, 2016 11:14:51 上午 org.apache.catalina.loader.WebappClassLoader clearReferencesThreads
严重: The web application [/Weixin] appears to have started a thread named [Abandoned connection cleanup thread] but has failed to stop it. This is very likely to create a memory leak.
十二月 29, 2016 11:14:51 上午 org.apache.catalina.loader.WebappClassLoader clearReferencesThreads
严重: The web application [/Weixin] appears to have started a thread named [Timer-7] but has failed to stop it. This is very likely to create a memory leak.
十二月 29, 2016 11:14:57 上午 org.apache.catalina.core.StandardContext reload
信息: Reloading Context with name [/Weixin] is completed
十二月 29, 2016 4:59:12 下午 org.apache.catalina.core.StandardContext reload
信息: Reloading Context with name [/Weixin] has started
十二月 29, 2016 4:59:12 下午 org.apache.catalina.loader.WebappClassLoader clearReferencesJdbc
严重: The web application [/Weixin] registered the JDBC driver [com.mysql.jdbc.Driver] but failed to unregister it when the web application was stopped. To prevent a memory leak, the JDBC Driver has been forcibly unregistered.
十二月 29, 2016 4:59:12 下午 org.apache.catalina.loader.WebappClassLoader clearReferencesThreads
严重: The web application [/Weixin] appears to have started a thread named [Abandoned connection cleanup thread] but has failed to stop it. This is very likely to create a memory leak.
十二月 29, 2016 4:59:12 下午 org.apache.catalina.loader.WebappClassLoader clearReferencesThreads
严重: The web application [/Weixin] appears to have started a thread named [Timer-8] but has failed to stop it. This is very likely to create a memory leak.
十二月 29, 2016 4:59:20 下午 org.apache.catalina.core.StandardContext reload
信息: Reloading Context with name [/Weixin] is completed
十二月 29, 2016 5:00:10 下午 org.apache.catalina.core.StandardContext reload
信息: Reloading Context with name [/Weixin] has started
十二月 29, 2016 5:00:10 下午 org.apache.catalina.loader.WebappClassLoader clearReferencesJdbc
严重: The web application [/Weixin] registered the JDBC driver [com.mysql.jdbc.Driver] but failed to unregister it when the web application was stopped. To prevent a memory leak, the JDBC Driver has been forcibly unregistered.
十二月 29, 2016 5:00:10 下午 org.apache.catalina.loader.WebappClassLoader clearReferencesThreads
严重: The web application [/Weixin] appears to have started a thread named [Abandoned connection cleanup thread] but has failed to stop it. This is very likely to create a memory leak.
十二月 29, 2016 5:00:10 下午 org.apache.catalina.loader.WebappClassLoader clearReferencesThreads
严重: The web application [/Weixin] appears to have started a thread named [Timer-9] but has failed to stop it. This is very likely to create a memory leak.
十二月 29, 2016 5:00:17 下午 org.apache.catalina.core.StandardContext reload
信息: Reloading Context with name [/Weixin] is completed
十二月 29, 2016 5:58:24 下午 org.apache.catalina.core.StandardContext reload
信息: Reloading Context with name [/Weixin] has started
十二月 29, 2016 5:58:24 下午 org.apache.catalina.loader.WebappClassLoader clearReferencesJdbc
严重: The web application [/Weixin] registered the JDBC driver [com.mysql.jdbc.Driver] but failed to unregister it when the web application was stopped. To prevent a memory leak, the JDBC Driver has been forcibly unregistered.
十二月 29, 2016 5:58:24 下午 org.apache.catalina.loader.WebappClassLoader clearReferencesThreads
严重: The web application [/Weixin] appears to have started a thread named [Abandoned connection cleanup thread] but has failed to stop it. This is very likely to create a memory leak.
十二月 29, 2016 5:58:24 下午 org.apache.catalina.loader.WebappClassLoader clearReferencesThreads
严重: The web application [/Weixin] appears to have started a thread named [Timer-10] but has failed to stop it. This is very likely to create a memory leak.
十二月 29, 2016 5:58:29 下午 org.apache.catalina.core.StandardContext reload
信息: Reloading Context with name [/Weixin] is completed
十二月 29, 2016 6:00:00 下午 org.apache.catalina.core.StandardContext reload
信息: Reloading Context with name [/Weixin] has started
十二月 29, 2016 6:00:00 下午 org.apache.catalina.loader.WebappClassLoader clearReferencesJdbc
严重: The web application [/Weixin] registered the JDBC driver [com.mysql.jdbc.Driver] but failed to unregister it when the web application was stopped. To prevent a memory leak, the JDBC Driver has been forcibly unregistered.
十二月 29, 2016 6:00:00 下午 org.apache.catalina.loader.WebappClassLoader clearReferencesThreads
严重: The web application [/Weixin] appears to have started a thread named [Abandoned connection cleanup thread] but has failed to stop it. This is very likely to create a memory leak.
十二月 29, 2016 6:00:00 下午 org.apache.catalina.loader.WebappClassLoader clearReferencesThreads
严重: The web application [/Weixin] appears to have started a thread named [Timer-11] but has failed to stop it. This is very likely to create a memory leak.
十二月 29, 2016 6:00:05 下午 org.apache.catalina.core.StandardContext reload
信息: Reloading Context with name [/Weixin] is completed
十二月 29, 2016 6:00:15 下午 org.apache.catalina.core.StandardContext reload
信息: Reloading Context with name [/Weixin] has started
十二月 29, 2016 6:00:15 下午 org.apache.catalina.loader.WebappClassLoader clearReferencesJdbc
严重: The web application [/Weixin] registered the JDBC driver [com.mysql.jdbc.Driver] but failed to unregister it when the web application was stopped. To prevent a memory leak, the JDBC Driver has been forcibly unregistered.
十二月 29, 2016 6:00:15 下午 org.apache.catalina.loader.WebappClassLoader clearReferencesThreads
严重: The web application [/Weixin] appears to have started a thread named [Abandoned connection cleanup thread] but has failed to stop it. This is very likely to create a memory leak.
十二月 29, 2016 6:00:15 下午 org.apache.catalina.loader.WebappClassLoader clearReferencesThreads
严重: The web application [/Weixin] appears to have started a thread named [Timer-12] but has failed to stop it. This is very likely to create a memory leak.
十二月 29, 2016 6:00:20 下午 org.apache.catalina.core.StandardContext reload
信息: Reloading Context with name [/Weixin] is completed
十二月 29, 2016 6:07:40 下午 org.apache.catalina.core.StandardContext reload
信息: Reloading Context with name [/Weixin] has started
十二月 29, 2016 6:07:40 下午 org.apache.catalina.loader.WebappClassLoader clearReferencesJdbc
严重: The web application [/Weixin] registered the JDBC driver [com.mysql.jdbc.Driver] but failed to unregister it when the web application was stopped. To prevent a memory leak, the JDBC Driver has been forcibly unregistered.
十二月 29, 2016 6:07:40 下午 org.apache.catalina.loader.WebappClassLoader clearReferencesThreads
严重: The web application [/Weixin] appears to have started a thread named [Abandoned connection cleanup thread] but has failed to stop it. This is very likely to create a memory leak.
十二月 29, 2016 6:07:40 下午 org.apache.catalina.loader.WebappClassLoader clearReferencesThreads
严重: The web application [/Weixin] appears to have started a thread named [Timer-13] but has failed to stop it. This is very likely to create a memory leak.
十二月 29, 2016 6:07:45 下午 org.apache.catalina.core.StandardContext reload
信息: Reloading Context with name [/Weixin] is completed
十二月 29, 2016 6:09:25 下午 org.apache.catalina.core.StandardContext reload
信息: Reloading Context with name [/Weixin] has started
十二月 29, 2016 6:09:25 下午 org.apache.catalina.loader.WebappClassLoader clearReferencesJdbc
严重: The web application [/Weixin] registered the JDBC driver [com.mysql.jdbc.Driver] but failed to unregister it when the web application was stopped. To prevent a memory leak, the JDBC Driver has been forcibly unregistered.
十二月 29, 2016 6:09:25 下午 org.apache.catalina.loader.WebappClassLoader clearReferencesThreads
严重: The web application [/Weixin] appears to have started a thread named [Abandoned connection cleanup thread] but has failed to stop it. This is very likely to create a memory leak.
十二月 29, 2016 6:09:25 下午 org.apache.catalina.loader.WebappClassLoader clearReferencesThreads
严重: The web application [/Weixin] appears to have started a thread named [Timer-14] but has failed to stop it. This is very likely to create a memory leak.
十二月 29, 2016 6:09:30 下午 org.apache.catalina.core.StandardContext reload
信息: Reloading Context with name [/Weixin] is completed
十二月 29, 2016 6:13:01 下午 org.apache.catalina.core.StandardContext reload
信息: Reloading Context with name [/Weixin] has started
十二月 29, 2016 6:13:01 下午 org.apache.catalina.loader.WebappClassLoader clearReferencesJdbc
严重: The web application [/Weixin] registered the JDBC driver [com.mysql.jdbc.Driver] but failed to unregister it when the web application was stopped. To prevent a memory leak, the JDBC Driver has been forcibly unregistered.
十二月 29, 2016 6:13:01 下午 org.apache.catalina.loader.WebappClassLoader clearReferencesThreads
严重: The web application [/Weixin] appears to have started a thread named [Abandoned connection cleanup thread] but has failed to stop it. This is very likely to create a memory leak.
十二月 29, 2016 6:13:01 下午 org.apache.catalina.loader.WebappClassLoader clearReferencesThreads
严重: The web application [/Weixin] appears to have started a thread named [Timer-15] but has failed to stop it. This is very likely to create a memory leak.
十二月 29, 2016 6:13:06 下午 org.apache.catalina.core.StandardContext reload
信息: Reloading Context with name [/Weixin] is completed
十二月 29, 2016 6:13:26 下午 org.apache.catalina.core.StandardContext reload
信息: Reloading Context with name [/Weixin] has started
十二月 29, 2016 6:13:26 下午 org.apache.catalina.loader.WebappClassLoader clearReferencesJdbc
严重: The web application [/Weixin] registered the JDBC driver [com.mysql.jdbc.Driver] but failed to unregister it when the web application was stopped. To prevent a memory leak, the JDBC Driver has been forcibly unregistered.
十二月 29, 2016 6:13:26 下午 org.apache.catalina.loader.WebappClassLoader clearReferencesThreads
严重: The web application [/Weixin] appears to have started a thread named [Abandoned connection cleanup thread] but has failed to stop it. This is very likely to create a memory leak.
十二月 29, 2016 6:13:26 下午 org.apache.catalina.loader.WebappClassLoader clearReferencesThreads
严重: The web application [/Weixin] appears to have started a thread named [Timer-16] but has failed to stop it. This is very likely to create a memory leak.
十二月 29, 2016 6:13:32 下午 org.apache.catalina.core.StandardContext reload
信息: Reloading Context with name [/Weixin] is completed
十二月 29, 2016 6:13:42 下午 org.apache.catalina.core.StandardContext reload
信息: Reloading Context with name [/Weixin] has started
十二月 29, 2016 6:13:42 下午 org.apache.catalina.loader.WebappClassLoader clearReferencesJdbc
严重: The web application [/Weixin] registered the JDBC driver [com.mysql.jdbc.Driver] but failed to unregister it when the web application was stopped. To prevent a memory leak, the JDBC Driver has been forcibly unregistered.
十二月 29, 2016 6:13:42 下午 org.apache.catalina.loader.WebappClassLoader clearReferencesThreads
严重: The web application [/Weixin] appears to have started a thread named [Abandoned connection cleanup thread] but has failed to stop it. This is very likely to create a memory leak.
十二月 29, 2016 6:13:42 下午 org.apache.catalina.loader.WebappClassLoader clearReferencesThreads
严重: The web application [/Weixin] appears to have started a thread named [Timer-17] but has failed to stop it. This is very likely to create a memory leak.
十二月 29, 2016 6:13:47 下午 org.apache.catalina.core.StandardContext reload
信息: Reloading Context with name [/Weixin] is completed
十二月 29, 2016 6:15:28 下午 org.apache.catalina.core.StandardContext reload
信息: Reloading Context with name [/Weixin] has started
十二月 29, 2016 6:15:28 下午 org.apache.catalina.loader.WebappClassLoader clearReferencesJdbc
严重: The web application [/Weixin] registered the JDBC driver [com.mysql.jdbc.Driver] but failed to unregister it when the web application was stopped. To prevent a memory leak, the JDBC Driver has been forcibly unregistered.
十二月 29, 2016 6:15:28 下午 org.apache.catalina.loader.WebappClassLoader clearReferencesThreads
严重: The web application [/Weixin] appears to have started a thread named [Abandoned connection cleanup thread] but has failed to stop it. This is very likely to create a memory leak.
十二月 29, 2016 6:15:28 下午 org.apache.catalina.loader.WebappClassLoader clearReferencesThreads
严重: The web application [/Weixin] appears to have started a thread named [Timer-18] but has failed to stop it. This is very likely to create a memory leak.
十二月 29, 2016 6:15:34 下午 org.apache.catalina.core.StandardContext reload
信息: Reloading Context with name [/Weixin] is completed
十二月 29, 2016 6:15:54 下午 org.apache.catalina.core.StandardContext reload
信息: Reloading Context with name [/Weixin] has started
十二月 29, 2016 6:15:54 下午 org.apache.catalina.loader.WebappClassLoader clearReferencesJdbc
严重: The web application [/Weixin] registered the JDBC driver [com.mysql.jdbc.Driver] but failed to unregister it when the web application was stopped. To prevent a memory leak, the JDBC Driver has been forcibly unregistered.
十二月 29, 2016 6:15:54 下午 org.apache.catalina.loader.WebappClassLoader clearReferencesThreads
严重: The web application [/Weixin] appears to have started a thread named [Abandoned connection cleanup thread] but has failed to stop it. This is very likely to create a memory leak.
十二月 29, 2016 6:15:54 下午 org.apache.catalina.loader.WebappClassLoader clearReferencesThreads
严重: The web application [/Weixin] appears to have started a thread named [Timer-19] but has failed to stop it. This is very likely to create a memory leak.
十二月 29, 2016 6:16:01 下午 org.apache.catalina.core.StandardContext reload
信息: Reloading Context with name [/Weixin] is completed
十二月 29, 2016 6:16:11 下午 org.apache.catalina.core.StandardContext reload
信息: Reloading Context with name [/Weixin] has started
十二月 29, 2016 6:16:11 下午 org.apache.catalina.loader.WebappClassLoader clearReferencesJdbc
严重: The web application [/Weixin] registered the JDBC driver [com.mysql.jdbc.Driver] but failed to unregister it when the web application was stopped. To prevent a memory leak, the JDBC Driver has been forcibly unregistered.
十二月 29, 2016 6:16:11 下午 org.apache.catalina.loader.WebappClassLoader clearReferencesThreads
严重: The web application [/Weixin] appears to have started a thread named [Abandoned connection cleanup thread] but has failed to stop it. This is very likely to create a memory leak.
十二月 29, 2016 6:16:11 下午 org.apache.catalina.loader.WebappClassLoader clearReferencesThreads
严重: The web application [/Weixin] appears to have started a thread named [Timer-20] but has failed to stop it. This is very likely to create a memory leak.
十二月 29, 2016 6:16:16 下午 org.apache.catalina.core.StandardContext reload
信息: Reloading Context with name [/Weixin] is completed
十二月 29, 2016 6:16:46 下午 org.apache.catalina.core.StandardContext reload
信息: Reloading Context with name [/Weixin] has started
十二月 29, 2016 6:16:47 下午 org.apache.catalina.loader.WebappClassLoader clearReferencesJdbc
严重: The web application [/Weixin] registered the JDBC driver [com.mysql.jdbc.Driver] but failed to unregister it when the web application was stopped. To prevent a memory leak, the JDBC Driver has been forcibly unregistered.
十二月 29, 2016 6:16:47 下午 org.apache.catalina.loader.WebappClassLoader clearReferencesThreads
严重: The web application [/Weixin] appears to have started a thread named [Abandoned connection cleanup thread] but has failed to stop it. This is very likely to create a memory leak.
十二月 29, 2016 6:16:47 下午 org.apache.catalina.loader.WebappClassLoader clearReferencesThreads
严重: The web application [/Weixin] appears to have started a thread named [Timer-21] but has failed to stop it. This is very likely to create a memory leak.
十二月 29, 2016 6:16:53 下午 org.apache.catalina.core.StandardContext reload
信息: Reloading Context with name [/Weixin] is completed
十二月 29, 2016 6:17:23 下午 org.apache.catalina.core.StandardContext reload
信息: Reloading Context with name [/Weixin] has started
十二月 29, 2016 6:17:23 下午 org.apache.catalina.loader.WebappClassLoader clearReferencesJdbc
严重: The web application [/Weixin] registered the JDBC driver [com.mysql.jdbc.Driver] but failed to unregister it when the web application was stopped. To prevent a memory leak, the JDBC Driver has been forcibly unregistered.
十二月 29, 2016 6:17:23 下午 org.apache.catalina.loader.WebappClassLoader clearReferencesThreads
严重: The web application [/Weixin] appears to have started a thread named [Abandoned connection cleanup thread] but has failed to stop it. This is very likely to create a memory leak.
十二月 29, 2016 6:17:23 下午 org.apache.catalina.loader.WebappClassLoader clearReferencesThreads
严重: The web application [/Weixin] appears to have started a thread named [Timer-22] but has failed to stop it. This is very likely to create a memory leak.
十二月 29, 2016 6:17:28 下午 org.apache.catalina.core.StandardContext reload
信息: Reloading Context with name [/Weixin] is completed
十二月 29, 2016 6:17:48 下午 org.apache.catalina.core.StandardContext reload
信息: Reloading Context with name [/Weixin] has started
十二月 29, 2016 6:17:48 下午 org.apache.catalina.loader.WebappClassLoader clearReferencesJdbc
严重: The web application [/Weixin] registered the JDBC driver [com.mysql.jdbc.Driver] but failed to unregister it when the web application was stopped. To prevent a memory leak, the JDBC Driver has been forcibly unregistered.
十二月 29, 2016 6:17:48 下午 org.apache.catalina.loader.WebappClassLoader clearReferencesThreads
严重: The web application [/Weixin] appears to have started a thread named [Abandoned connection cleanup thread] but has failed to stop it. This is very likely to create a memory leak.
十二月 29, 2016 6:17:48 下午 org.apache.catalina.loader.WebappClassLoader clearReferencesThreads
严重: The web application [/Weixin] appears to have started a thread named [Timer-23] but has failed to stop it. This is very likely to create a memory leak.
十二月 29, 2016 6:17:53 下午 org.apache.catalina.core.StandardContext reload
信息: Reloading Context with name [/Weixin] is completed
十二月 29, 2016 6:18:03 下午 org.apache.catalina.core.StandardContext reload
信息: Reloading Context with name [/Weixin] has started
十二月 29, 2016 6:18:03 下午 org.apache.catalina.loader.WebappClassLoader clearReferencesJdbc
严重: The web application [/Weixin] registered the JDBC driver [com.mysql.jdbc.Driver] but failed to unregister it when the web application was stopped. To prevent a memory leak, the JDBC Driver has been forcibly unregistered.
十二月 29, 2016 6:18:03 下午 org.apache.catalina.loader.WebappClassLoader clearReferencesThreads
严重: The web application [/Weixin] appears to have started a thread named [Abandoned connection cleanup thread] but has failed to stop it. This is very likely to create a memory leak.
十二月 29, 2016 6:18:03 下午 org.apache.catalina.loader.WebappClassLoader clearReferencesThreads
严重: The web application [/Weixin] appears to have started a thread named [Timer-24] but has failed to stop it. This is very likely to create a memory leak.
十二月 29, 2016 6:18:09 下午 org.apache.catalina.core.StandardContext reload
信息: Reloading Context with name [/Weixin] is completed
十二月 29, 2016 6:18:49 下午 org.apache.catalina.core.StandardContext reload
信息: Reloading Context with name [/Weixin] has started
十二月 29, 2016 6:18:49 下午 org.apache.catalina.loader.WebappClassLoader clearReferencesJdbc
严重: The web application [/Weixin] registered the JDBC driver [com.mysql.jdbc.Driver] but failed to unregister it when the web application was stopped. To prevent a memory leak, the JDBC Driver has been forcibly unregistered.
十二月 29, 2016 6:18:49 下午 org.apache.catalina.loader.WebappClassLoader clearReferencesThreads
严重: The web application [/Weixin] appears to have started a thread named [Abandoned connection cleanup thread] but has failed to stop it. This is very likely to create a memory leak.
十二月 29, 2016 6:18:49 下午 org.apache.catalina.loader.WebappClassLoader clearReferencesThreads
严重: The web application [/Weixin] appears to have started a thread named [Timer-25] but has failed to stop it. This is very likely to create a memory leak.
十二月 29, 2016 6:18:55 下午 org.apache.catalina.core.StandardContext reload
信息: Reloading Context with name [/Weixin] is completed
十二月 29, 2016 6:19:05 下午 org.apache.catalina.core.StandardContext reload
信息: Reloading Context with name [/Weixin] has started
十二月 29, 2016 6:19:05 下午 org.apache.catalina.loader.WebappClassLoader clearReferencesJdbc
严重: The web application [/Weixin] registered the JDBC driver [com.mysql.jdbc.Driver] but failed to unregister it when the web application was stopped. To prevent a memory leak, the JDBC Driver has been forcibly unregistered.
十二月 29, 2016 6:19:05 下午 org.apache.catalina.loader.WebappClassLoader clearReferencesThreads
严重: The web application [/Weixin] appears to have started a thread named [Abandoned connection cleanup thread] but has failed to stop it. This is very likely to create a memory leak.
十二月 29, 2016 6:19:05 下午 org.apache.catalina.loader.WebappClassLoader clearReferencesThreads
严重: The web application [/Weixin] appears to have started a thread named [Timer-26] but has failed to stop it. This is very likely to create a memory leak.
十二月 29, 2016 6:19:11 下午 org.apache.catalina.core.StandardContext reload
信息: Reloading Context with name [/Weixin] is completed
十二月 29, 2016 6:19:21 下午 org.apache.catalina.core.StandardContext reload
信息: Reloading Context with name [/Weixin] has started
十二月 29, 2016 6:19:21 下午 org.apache.catalina.loader.WebappClassLoader clearReferencesJdbc
严重: The web application [/Weixin] registered the JDBC driver [com.mysql.jdbc.Driver] but failed to unregister it when the web application was stopped. To prevent a memory leak, the JDBC Driver has been forcibly unregistered.
十二月 29, 2016 6:19:21 下午 org.apache.catalina.loader.WebappClassLoader clearReferencesThreads
严重: The web application [/Weixin] appears to have started a thread named [Abandoned connection cleanup thread] but has failed to stop it. This is very likely to create a memory leak.
十二月 29, 2016 6:19:21 下午 org.apache.catalina.loader.WebappClassLoader clearReferencesThreads
严重: The web application [/Weixin] appears to have started a thread named [Timer-27] but has failed to stop it. This is very likely to create a memory leak.
十二月 29, 2016 6:19:27 下午 org.apache.catalina.core.StandardContext reload
信息: Reloading Context with name [/Weixin] is completed
十二月 29, 2016 6:20:37 下午 org.apache.catalina.core.StandardContext reload
信息: Reloading Context with name [/Weixin] has started
十二月 29, 2016 6:20:37 下午 org.apache.catalina.loader.WebappClassLoader clearReferencesJdbc
严重: The web application [/Weixin] registered the JDBC driver [com.mysql.jdbc.Driver] but failed to unregister it when the web application was stopped. To prevent a memory leak, the JDBC Driver has been forcibly unregistered.
十二月 29, 2016 6:20:37 下午 org.apache.catalina.loader.WebappClassLoader clearReferencesThreads
严重: The web application [/Weixin] appears to have started a thread named [Abandoned connection cleanup thread] but has failed to stop it. This is very likely to create a memory leak.
十二月 29, 2016 6:20:37 下午 org.apache.catalina.loader.WebappClassLoader clearReferencesThreads
严重: The web application [/Weixin] appears to have started a thread named [Timer-28] but has failed to stop it. This is very likely to create a memory leak.
十二月 29, 2016 6:20:43 下午 org.apache.catalina.core.StandardContext reload
信息: Reloading Context with name [/Weixin] is completed
十二月 29, 2016 6:20:53 下午 org.apache.catalina.core.StandardContext reload
信息: Reloading Context with name [/Weixin] has started
十二月 29, 2016 6:20:53 下午 org.apache.catalina.loader.WebappClassLoader clearReferencesJdbc
严重: The web application [/Weixin] registered the JDBC driver [com.mysql.jdbc.Driver] but failed to unregister it when the web application was stopped. To prevent a memory leak, the JDBC Driver has been forcibly unregistered.
十二月 29, 2016 6:20:53 下午 org.apache.catalina.loader.WebappClassLoader clearReferencesThreads
严重: The web application [/Weixin] appears to have started a thread named [Abandoned connection cleanup thread] but has failed to stop it. This is very likely to create a memory leak.
十二月 29, 2016 6:20:53 下午 org.apache.catalina.loader.WebappClassLoader clearReferencesThreads
严重: The web application [/Weixin] appears to have started a thread named [Timer-29] but has failed to stop it. This is very likely to create a memory leak.
十二月 29, 2016 6:21:01 下午 org.apache.catalina.core.StandardContext reload
信息: Reloading Context with name [/Weixin] is completed
十二月 29, 2016 6:21:31 下午 org.apache.catalina.core.StandardContext reload
信息: Reloading Context with name [/Weixin] has started
十二月 29, 2016 6:21:31 下午 org.apache.catalina.loader.WebappClassLoader clearReferencesJdbc
严重: The web application [/Weixin] registered the JDBC driver [com.mysql.jdbc.Driver] but failed to unregister it when the web application was stopped. To prevent a memory leak, the JDBC Driver has been forcibly unregistered.
十二月 29, 2016 6:21:31 下午 org.apache.catalina.loader.WebappClassLoader clearReferencesThreads
严重: The web application [/Weixin] appears to have started a thread named [Abandoned connection cleanup thread] but has failed to stop it. This is very likely to create a memory leak.
十二月 29, 2016 6:21:31 下午 org.apache.catalina.loader.WebappClassLoader clearReferencesThreads
严重: The web application [/Weixin] appears to have started a thread named [Timer-30] but has failed to stop it. This is very likely to create a memory leak.
十二月 29, 2016 6:21:36 下午 org.apache.catalina.core.StandardContext reload
信息: Reloading Context with name [/Weixin] is completed
十二月 29, 2016 6:21:46 下午 org.apache.catalina.core.StandardContext reload
信息: Reloading Context with name [/Weixin] has started
十二月 29, 2016 6:21:46 下午 org.apache.catalina.loader.WebappClassLoader clearReferencesJdbc
严重: The web application [/Weixin] registered the JDBC driver [com.mysql.jdbc.Driver] but failed to unregister it when the web application was stopped. To prevent a memory leak, the JDBC Driver has been forcibly unregistered.
十二月 29, 2016 6:21:46 下午 org.apache.catalina.loader.WebappClassLoader clearReferencesThreads
严重: The web application [/Weixin] appears to have started a thread named [Abandoned connection cleanup thread] but has failed to stop it. This is very likely to create a memory leak.
十二月 29, 2016 6:21:46 下午 org.apache.catalina.loader.WebappClassLoader clearReferencesThreads
严重: The web application [/Weixin] appears to have started a thread named [Timer-31] but has failed to stop it. This is very likely to create a memory leak.
十二月 29, 2016 6:21:52 下午 org.apache.catalina.core.StandardContext reload
信息: Reloading Context with name [/Weixin] is completed
十二月 29, 2016 6:22:32 下午 org.apache.catalina.core.StandardContext reload
信息: Reloading Context with name [/Weixin] has started
十二月 29, 2016 6:22:32 下午 org.apache.catalina.loader.WebappClassLoader clearReferencesJdbc
严重: The web application [/Weixin] registered the JDBC driver [com.mysql.jdbc.Driver] but failed to unregister it when the web application was stopped. To prevent a memory leak, the JDBC Driver has been forcibly unregistered.
十二月 29, 2016 6:22:32 下午 org.apache.catalina.loader.WebappClassLoader clearReferencesThreads
严重: The web application [/Weixin] appears to have started a thread named [Abandoned connection cleanup thread] but has failed to stop it. This is very likely to create a memory leak.
十二月 29, 2016 6:22:32 下午 org.apache.catalina.loader.WebappClassLoader clearReferencesThreads
严重: The web application [/Weixin] appears to have started a thread named [Timer-32] but has failed to stop it. This is very likely to create a memory leak.
十二月 29, 2016 6:22:37 下午 org.apache.catalina.core.StandardContext reload
信息: Reloading Context with name [/Weixin] is completed
十二月 29, 2016 6:24:51 下午 org.apache.catalina.startup.VersionLoggerListener log
信息: Server version:        Apache Tomcat/7.0.57
十二月 29, 2016 6:24:51 下午 org.apache.catalina.startup.VersionLoggerListener log
信息: Server built:          Nov 3 2014 08:39:16 UTC
十二月 29, 2016 6:24:51 下午 org.apache.catalina.startup.VersionLoggerListener log
信息: Server number:         7.0.57.0
十二月 29, 2016 6:24:51 下午 org.apache.catalina.startup.VersionLoggerListener log
信息: OS Name:               Windows 10
十二月 29, 2016 6:24:51 下午 org.apache.catalina.startup.VersionLoggerListener log
信息: OS Version:            10.0
十二月 29, 2016 6:24:51 下午 org.apache.catalina.startup.VersionLoggerListener log
信息: Architecture:          amd64
十二月 29, 2016 6:24:51 下午 org.apache.catalina.startup.VersionLoggerListener log
信息: JAVA_HOME:             D:\code\mycode\project-weixin\infrastructure\jdk\default\jre
十二月 29, 2016 6:24:51 下午 org.apache.catalina.startup.VersionLoggerListener log
信息: JVM Version:           1.8.0_102-b14
十二月 29, 2016 6:24:51 下午 org.apache.catalina.startup.VersionLoggerListener log
信息: JVM Vendor:            Oracle Corporation
十二月 29, 2016 6:24:51 下午 org.apache.catalina.startup.VersionLoggerListener log
信息: CATALINA_BASE:         D:\code\mycode\project-weixin\infrastructure\tomcat\default
十二月 29, 2016 6:24:51 下午 org.apache.catalina.startup.VersionLoggerListener log
信息: CATALINA_HOME:         D:\code\mycode\project-weixin\infrastructure\tomcat\default
十二月 29, 2016 6:24:51 下午 org.apache.catalina.startup.VersionLoggerListener log
信息: Command line argument: -Xmx1024m
十二月 29, 2016 6:24:51 下午 org.apache.catalina.startup.VersionLoggerListener log
信息: Command line argument: -XX:MaxNewSize=256m
十二月 29, 2016 6:24:51 下午 org.apache.catalina.startup.VersionLoggerListener log
信息: Command line argument: -XX:MaxPermSize=256m
十二月 29, 2016 6:24:51 下午 org.apache.catalina.startup.VersionLoggerListener log
信息: Command line argument: -Djava.awt.headless=true
十二月 29, 2016 6:24:51 下午 org.apache.catalina.startup.VersionLoggerListener log
信息: Command line argument: -Xdebug
十二月 29, 2016 6:24:51 下午 org.apache.catalina.startup.VersionLoggerListener log
信息: Command line argument: -Xnoagent
十二月 29, 2016 6:24:51 下午 org.apache.catalina.startup.VersionLoggerListener log
信息: Command line argument: -Xrunjdwp:transport=dt_socket,address=7777,server=y,suspend=n
十二月 29, 2016 6:24:51 下午 org.apache.catalina.startup.VersionLoggerListener log
信息: Command line argument: -DTOMCAT_PORT_HTTP=80
十二月 29, 2016 6:24:51 下午 org.apache.catalina.startup.VersionLoggerListener log
信息: Command line argument: -DTOMCAT_PORT_HTTPS=8443
十二月 29, 2016 6:24:51 下午 org.apache.catalina.startup.VersionLoggerListener log
信息: Command line argument: -DPROFILE_STAMP=a8ee23155196791ddf5e4d0bd86bd8db
十二月 29, 2016 6:24:51 下午 org.apache.catalina.startup.VersionLoggerListener log
信息: Command line argument: -DINSTANCE_STAMP=a8ee23155196791ddf5e4d0bd86bd8db.1483007089472
十二月 29, 2016 6:24:51 下午 org.apache.catalina.startup.VersionLoggerListener log
信息: Command line argument: -Djava.util.logging.config.file=D:\code\mycode\project-weixin\infrastructure\tomcat\default\conf\logging.properties
十二月 29, 2016 6:24:51 下午 org.apache.catalina.startup.VersionLoggerListener log
信息: Command line argument: -Djava.util.logging.manager=org.apache.juli.ClassLoaderLogManager
十二月 29, 2016 6:24:51 下午 org.apache.catalina.startup.VersionLoggerListener log
信息: Command line argument: -Djava.endorsed.dirs=D:\code\mycode\project-weixin\infrastructure\tomcat\default\endorsed
十二月 29, 2016 6:24:51 下午 org.apache.catalina.startup.VersionLoggerListener log
信息: Command line argument: -Dcatalina.base=D:\code\mycode\project-weixin\infrastructure\tomcat\default
十二月 29, 2016 6:24:51 下午 org.apache.catalina.startup.VersionLoggerListener log
信息: Command line argument: -Dcatalina.home=D:\code\mycode\project-weixin\infrastructure\tomcat\default
十二月 29, 2016 6:24:51 下午 org.apache.catalina.startup.VersionLoggerListener log
信息: Command line argument: -Djava.io.tmpdir=D:\code\mycode\project-weixin\infrastructure\tomcat\default\temp
十二月 29, 2016 6:24:51 下午 org.apache.catalina.core.AprLifecycleListener lifecycleEvent
信息: The APR based Apache Tomcat Native library which allows optimal performance in production environments was not found on the java.library.path: D:\code\mycode\project-weixin\infrastructure\jdk\default\bin;C:\WINDOWS\Sun\Java\bin;C:\WINDOWS\system32;C:\WINDOWS;C:\ProgramData\Oracle\Java\javapath;C:\WINDOWS\system32;C:\WINDOWS;C:\WINDOWS\System32\Wbem;C:\WINDOWS\System32\WindowsPowerShell\v1.0\;C:\Program Files (x86)\Intel\OpenCL SDK\2.0\bin\x86;C:\Program Files (x86)\Intel\OpenCL SDK\2.0\bin\x64;D:\Program Files\Java\jdk1.8.0_102\bin;D:\Program Files\TortoiseSVN\bin;D:\env\gradle-3.0\bin;D:\Program Files\nodejs\;C:\Users\wangxh\AppData\Roaming\npm;%USERPROFILE%\AppData\Local\Microsoft\WindowsApps;.
十二月 29, 2016 6:24:52 下午 org.apache.coyote.AbstractProtocol init
信息: Initializing ProtocolHandler ["http-bio-80"]
十二月 29, 2016 6:24:52 下午 org.apache.coyote.AbstractProtocol init
信息: Initializing ProtocolHandler ["http-bio-8443"]
十二月 29, 2016 6:24:53 下午 org.apache.catalina.startup.Catalina load
信息: Initialization processed in 2529 ms
十二月 29, 2016 6:24:53 下午 org.apache.catalina.core.StandardService startInternal
信息: Starting service Catalina
十二月 29, 2016 6:24:53 下午 org.apache.catalina.core.StandardEngine startInternal
信息: Starting Servlet Engine: Apache Tomcat/7.0.57
十二月 29, 2016 6:24:53 下午 org.apache.catalina.startup.HostConfig deployDescriptor
信息: Deploying configuration descriptor D:\code\mycode\project-weixin\infrastructure\tomcat\default\conf\Catalina\localhost\Weixin.xml
十二月 29, 2016 6:25:06 下午 org.apache.catalina.startup.HostConfig deployDescriptor
信息: Deployment of configuration descriptor D:\code\mycode\project-weixin\infrastructure\tomcat\default\conf\Catalina\localhost\Weixin.xml has finished in 12,608 ms
十二月 29, 2016 6:25:06 下午 org.apache.catalina.startup.HostConfig deployDirectory
信息: Deploying web application directory D:\code\mycode\project-weixin\infrastructure\tomcat\default\webapps\docs
十二月 29, 2016 6:25:06 下午 org.apache.catalina.startup.HostConfig deployDirectory
信息: Deployment of web application directory D:\code\mycode\project-weixin\infrastructure\tomcat\default\webapps\docs has finished in 165 ms
十二月 29, 2016 6:25:06 下午 org.apache.catalina.startup.HostConfig deployDirectory
信息: Deploying web application directory D:\code\mycode\project-weixin\infrastructure\tomcat\default\webapps\examples
十二月 29, 2016 6:25:08 下午 org.apache.catalina.startup.HostConfig deployDirectory
信息: Deployment of web application directory D:\code\mycode\project-weixin\infrastructure\tomcat\default\webapps\examples has finished in 1,817 ms
十二月 29, 2016 6:25:08 下午 org.apache.catalina.startup.HostConfig deployDirectory
信息: Deploying web application directory D:\code\mycode\project-weixin\infrastructure\tomcat\default\webapps\host-manager
十二月 29, 2016 6:25:08 下午 org.apache.catalina.startup.HostConfig deployDirectory
信息: Deployment of web application directory D:\code\mycode\project-weixin\infrastructure\tomcat\default\webapps\host-manager has finished in 164 ms
十二月 29, 2016 6:25:08 下午 org.apache.catalina.startup.HostConfig deployDirectory
信息: Deploying web application directory D:\code\mycode\project-weixin\infrastructure\tomcat\default\webapps\manager
十二月 29, 2016 6:25:08 下午 org.apache.catalina.startup.HostConfig deployDirectory
信息: Deployment of web application directory D:\code\mycode\project-weixin\infrastructure\tomcat\default\webapps\manager has finished in 152 ms
十二月 29, 2016 6:25:08 下午 org.apache.catalina.startup.HostConfig deployDirectory
信息: Deploying web application directory D:\code\mycode\project-weixin\infrastructure\tomcat\default\webapps\ROOT
十二月 29, 2016 6:25:08 下午 org.apache.catalina.startup.HostConfig deployDirectory
信息: Deployment of web application directory D:\code\mycode\project-weixin\infrastructure\tomcat\default\webapps\ROOT has finished in 95 ms
十二月 29, 2016 6:25:08 下午 org.apache.coyote.AbstractProtocol start
信息: Starting ProtocolHandler ["http-bio-80"]
十二月 29, 2016 6:25:08 下午 org.apache.coyote.AbstractProtocol start
信息: Starting ProtocolHandler ["http-bio-8443"]
十二月 29, 2016 6:25:08 下午 org.apache.catalina.startup.Catalina start
信息: Server startup in 15176 ms
十二月 29, 2016 6:51:12 下午 org.apache.catalina.core.StandardContext reload
信息: Reloading Context with name [/Weixin] has started
十二月 29, 2016 6:51:12 下午 org.apache.catalina.loader.WebappClassLoader clearReferencesJdbc
严重: The web application [/Weixin] registered the JDBC driver [com.mysql.jdbc.Driver] but failed to unregister it when the web application was stopped. To prevent a memory leak, the JDBC Driver has been forcibly unregistered.
十二月 29, 2016 6:51:12 下午 org.apache.catalina.loader.WebappClassLoader clearReferencesThreads
严重: The web application [/Weixin] appears to have started a thread named [Abandoned connection cleanup thread] but has failed to stop it. This is very likely to create a memory leak.
十二月 29, 2016 6:51:12 下午 org.apache.catalina.loader.WebappClassLoader clearReferencesThreads
严重: The web application [/Weixin] appears to have started a thread named [Timer-0] but has failed to stop it. This is very likely to create a memory leak.
十二月 29, 2016 6:51:19 下午 org.apache.catalina.core.StandardContext reload
信息: Reloading Context with name [/Weixin] is completed
十二月 29, 2016 6:52:19 下午 org.apache.catalina.core.StandardContext reload
信息: Reloading Context with name [/Weixin] has started
十二月 29, 2016 6:52:19 下午 org.apache.catalina.loader.WebappClassLoader clearReferencesJdbc
严重: The web application [/Weixin] registered the JDBC driver [com.mysql.jdbc.Driver] but failed to unregister it when the web application was stopped. To prevent a memory leak, the JDBC Driver has been forcibly unregistered.
十二月 29, 2016 6:52:19 下午 org.apache.catalina.loader.WebappClassLoader clearReferencesThreads
严重: The web application [/Weixin] appears to have started a thread named [Abandoned connection cleanup thread] but has failed to stop it. This is very likely to create a memory leak.
十二月 29, 2016 6:52:20 下午 org.apache.catalina.loader.WebappClassLoader clearReferencesThreads
严重: The web application [/Weixin] appears to have started a thread named [Timer-1] but has failed to stop it. This is very likely to create a memory leak.
十二月 29, 2016 6:52:26 下午 org.apache.catalina.core.StandardContext reload
信息: Reloading Context with name [/Weixin] is completed
十二月 29, 2016 6:52:46 下午 org.apache.catalina.core.StandardContext reload
信息: Reloading Context with name [/Weixin] has started
十二月 29, 2016 6:52:46 下午 org.apache.catalina.loader.WebappClassLoader clearReferencesJdbc
严重: The web application [/Weixin] registered the JDBC driver [com.mysql.jdbc.Driver] but failed to unregister it when the web application was stopped. To prevent a memory leak, the JDBC Driver has been forcibly unregistered.
十二月 29, 2016 6:52:46 下午 org.apache.catalina.loader.WebappClassLoader clearReferencesThreads
严重: The web application [/Weixin] appears to have started a thread named [Abandoned connection cleanup thread] but has failed to stop it. This is very likely to create a memory leak.
十二月 29, 2016 6:52:46 下午 org.apache.catalina.loader.WebappClassLoader clearReferencesThreads
严重: The web application [/Weixin] appears to have started a thread named [Timer-2] but has failed to stop it. This is very likely to create a memory leak.
十二月 29, 2016 6:52:58 下午 org.apache.catalina.startup.VersionLoggerListener log
信息: Server version:        Apache Tomcat/7.0.57
十二月 29, 2016 6:52:58 下午 org.apache.catalina.startup.VersionLoggerListener log
信息: Server built:          Nov 3 2014 08:39:16 UTC
十二月 29, 2016 6:52:58 下午 org.apache.catalina.startup.VersionLoggerListener log
信息: Server number:         7.0.57.0
十二月 29, 2016 6:52:58 下午 org.apache.catalina.startup.VersionLoggerListener log
信息: OS Name:               Windows 10
十二月 29, 2016 6:52:58 下午 org.apache.catalina.startup.VersionLoggerListener log
信息: OS Version:            10.0
十二月 29, 2016 6:52:58 下午 org.apache.catalina.startup.VersionLoggerListener log
信息: Architecture:          amd64
十二月 29, 2016 6:52:58 下午 org.apache.catalina.startup.VersionLoggerListener log
信息: JAVA_HOME:             D:\code\mycode\project-weixin\infrastructure\jdk\default\jre
十二月 29, 2016 6:52:58 下午 org.apache.catalina.startup.VersionLoggerListener log
信息: JVM Version:           1.8.0_102-b14
十二月 29, 2016 6:52:58 下午 org.apache.catalina.startup.VersionLoggerListener log
信息: JVM Vendor:            Oracle Corporation
十二月 29, 2016 6:52:58 下午 org.apache.catalina.startup.VersionLoggerListener log
信息: CATALINA_BASE:         D:\code\mycode\project-weixin\infrastructure\tomcat\default
十二月 29, 2016 6:52:58 下午 org.apache.catalina.startup.VersionLoggerListener log
信息: CATALINA_HOME:         D:\code\mycode\project-weixin\infrastructure\tomcat\default
十二月 29, 2016 6:52:58 下午 org.apache.catalina.startup.VersionLoggerListener log
信息: Command line argument: -Xmx1024m
十二月 29, 2016 6:52:58 下午 org.apache.catalina.startup.VersionLoggerListener log
信息: Command line argument: -XX:MaxNewSize=256m
十二月 29, 2016 6:52:58 下午 org.apache.catalina.startup.VersionLoggerListener log
信息: Command line argument: -XX:MaxPermSize=256m
十二月 29, 2016 6:52:58 下午 org.apache.catalina.startup.VersionLoggerListener log
信息: Command line argument: -Djava.awt.headless=true
十二月 29, 2016 6:52:58 下午 org.apache.catalina.startup.VersionLoggerListener log
信息: Command line argument: -Xdebug
十二月 29, 2016 6:52:58 下午 org.apache.catalina.startup.VersionLoggerListener log
信息: Command line argument: -Xnoagent
十二月 29, 2016 6:52:58 下午 org.apache.catalina.startup.VersionLoggerListener log
信息: Command line argument: -Xrunjdwp:transport=dt_socket,address=7777,server=y,suspend=n
十二月 29, 2016 6:52:58 下午 org.apache.catalina.startup.VersionLoggerListener log
信息: Command line argument: -DTOMCAT_PORT_HTTP=80
十二月 29, 2016 6:52:58 下午 org.apache.catalina.startup.VersionLoggerListener log
信息: Command line argument: -DTOMCAT_PORT_HTTPS=8443
十二月 29, 2016 6:52:58 下午 org.apache.catalina.startup.VersionLoggerListener log
信息: Command line argument: -DPROFILE_STAMP=a8ee23155196791ddf5e4d0bd86bd8db
十二月 29, 2016 6:52:58 下午 org.apache.catalina.startup.VersionLoggerListener log
信息: Command line argument: -DINSTANCE_STAMP=a8ee23155196791ddf5e4d0bd86bd8db.1483008776631
十二月 29, 2016 6:52:58 下午 org.apache.catalina.startup.VersionLoggerListener log
信息: Command line argument: -Djava.util.logging.config.file=D:\code\mycode\project-weixin\infrastructure\tomcat\default\conf\logging.properties
十二月 29, 2016 6:52:58 下午 org.apache.catalina.startup.VersionLoggerListener log
信息: Command line argument: -Djava.util.logging.manager=org.apache.juli.ClassLoaderLogManager
十二月 29, 2016 6:52:58 下午 org.apache.catalina.startup.VersionLoggerListener log
信息: Command line argument: -Djava.endorsed.dirs=D:\code\mycode\project-weixin\infrastructure\tomcat\default\endorsed
十二月 29, 2016 6:52:58 下午 org.apache.catalina.startup.VersionLoggerListener log
信息: Command line argument: -Dcatalina.base=D:\code\mycode\project-weixin\infrastructure\tomcat\default
十二月 29, 2016 6:52:58 下午 org.apache.catalina.startup.VersionLoggerListener log
信息: Command line argument: -Dcatalina.home=D:\code\mycode\project-weixin\infrastructure\tomcat\default
十二月 29, 2016 6:52:58 下午 org.apache.catalina.startup.VersionLoggerListener log
信息: Command line argument: -Djava.io.tmpdir=D:\code\mycode\project-weixin\infrastructure\tomcat\default\temp
十二月 29, 2016 6:52:58 下午 org.apache.catalina.core.AprLifecycleListener lifecycleEvent
信息: The APR based Apache Tomcat Native library which allows optimal performance in production environments was not found on the java.library.path: D:\code\mycode\project-weixin\infrastructure\jdk\default\bin;C:\WINDOWS\Sun\Java\bin;C:\WINDOWS\system32;C:\WINDOWS;C:\ProgramData\Oracle\Java\javapath;C:\WINDOWS\system32;C:\WINDOWS;C:\WINDOWS\System32\Wbem;C:\WINDOWS\System32\WindowsPowerShell\v1.0\;C:\Program Files (x86)\Intel\OpenCL SDK\2.0\bin\x86;C:\Program Files (x86)\Intel\OpenCL SDK\2.0\bin\x64;D:\Program Files\Java\jdk1.8.0_102\bin;D:\Program Files\TortoiseSVN\bin;D:\env\gradle-3.0\bin;D:\Program Files\nodejs\;C:\Users\wangxh\AppData\Roaming\npm;%USERPROFILE%\AppData\Local\Microsoft\WindowsApps;.
十二月 29, 2016 6:52:59 下午 org.apache.coyote.AbstractProtocol init
信息: Initializing ProtocolHandler ["http-bio-80"]
十二月 29, 2016 6:52:59 下午 org.apache.coyote.AbstractProtocol init
信息: Initializing ProtocolHandler ["http-bio-8443"]
十二月 29, 2016 6:52:59 下午 org.apache.catalina.startup.Catalina load
信息: Initialization processed in 1986 ms
十二月 29, 2016 6:53:00 下午 org.apache.catalina.core.StandardService startInternal
信息: Starting service Catalina
十二月 29, 2016 6:53:00 下午 org.apache.catalina.core.StandardEngine startInternal
信息: Starting Servlet Engine: Apache Tomcat/7.0.57
十二月 29, 2016 6:53:00 下午 org.apache.catalina.startup.HostConfig deployDescriptor
信息: Deploying configuration descriptor D:\code\mycode\project-weixin\infrastructure\tomcat\default\conf\Catalina\localhost\Weixin.xml
十二月 29, 2016 6:53:08 下午 org.apache.catalina.startup.HostConfig deployDescriptor
信息: Deployment of configuration descriptor D:\code\mycode\project-weixin\infrastructure\tomcat\default\conf\Catalina\localhost\Weixin.xml has finished in 8,557 ms
十二月 29, 2016 6:53:08 下午 org.apache.catalina.startup.HostConfig deployDirectory
信息: Deploying web application directory D:\code\mycode\project-weixin\infrastructure\tomcat\default\webapps\docs
十二月 29, 2016 6:53:08 下午 org.apache.catalina.startup.HostConfig deployDirectory
信息: Deployment of web application directory D:\code\mycode\project-weixin\infrastructure\tomcat\default\webapps\docs has finished in 111 ms
十二月 29, 2016 6:53:08 下午 org.apache.catalina.startup.HostConfig deployDirectory
信息: Deploying web application directory D:\code\mycode\project-weixin\infrastructure\tomcat\default\webapps\examples
十二月 29, 2016 6:53:09 下午 org.apache.catalina.startup.HostConfig deployDirectory
信息: Deployment of web application directory D:\code\mycode\project-weixin\infrastructure\tomcat\default\webapps\examples has finished in 772 ms
十二月 29, 2016 6:53:09 下午 org.apache.catalina.startup.HostConfig deployDirectory
信息: Deploying web application directory D:\code\mycode\project-weixin\infrastructure\tomcat\default\webapps\host-manager
十二月 29, 2016 6:53:09 下午 org.apache.catalina.startup.HostConfig deployDirectory
信息: Deployment of web application directory D:\code\mycode\project-weixin\infrastructure\tomcat\default\webapps\host-manager has finished in 133 ms
十二月 29, 2016 6:53:09 下午 org.apache.catalina.startup.HostConfig deployDirectory
信息: Deploying web application directory D:\code\mycode\project-weixin\infrastructure\tomcat\default\webapps\manager
十二月 29, 2016 6:53:09 下午 org.apache.catalina.startup.HostConfig deployDirectory
信息: Deployment of web application directory D:\code\mycode\project-weixin\infrastructure\tomcat\default\webapps\manager has finished in 104 ms
十二月 29, 2016 6:53:09 下午 org.apache.catalina.startup.HostConfig deployDirectory
信息: Deploying web application directory D:\code\mycode\project-weixin\infrastructure\tomcat\default\webapps\ROOT
十二月 29, 2016 6:53:09 下午 org.apache.catalina.startup.HostConfig deployDirectory
信息: Deployment of web application directory D:\code\mycode\project-weixin\infrastructure\tomcat\default\webapps\ROOT has finished in 75 ms
十二月 29, 2016 6:53:09 下午 org.apache.coyote.AbstractProtocol start
信息: Starting ProtocolHandler ["http-bio-80"]
十二月 29, 2016 6:53:09 下午 org.apache.coyote.AbstractProtocol start
信息: Starting ProtocolHandler ["http-bio-8443"]
十二月 29, 2016 6:53:09 下午 org.apache.catalina.startup.Catalina start
信息: Server startup in 9883 ms
