一月 04, 2017 4:58:31 下午 org.apache.catalina.core.ApplicationContext log
信息: No Spring WebApplicationInitializer types detected on classpath
一月 04, 2017 4:58:31 下午 org.apache.catalina.core.ApplicationContext log
信息: Set web app root system property: 'webapp.root' = [D:\code\mycode\project-weixin\web-apps\weixin\]
一月 04, 2017 4:58:31 下午 org.apache.catalina.core.ApplicationContext log
信息: Initializing log4j from [D:\code\mycode\project-weixin\web-apps\weixin\WEB-INF\log4j.properties]
一月 04, 2017 4:58:31 下午 org.apache.catalina.core.ApplicationContext log
信息: Initializing Spring root WebApplicationContext
一月 04, 2017 4:58:37 下午 org.apache.catalina.core.ApplicationContext log
信息: Initializing Spring FrameworkServlet 'portal-action'
一月 04, 2017 4:58:41 下午 org.apache.catalina.core.ApplicationContext log
信息: ContextListener: contextInitialized()
一月 04, 2017 4:58:41 下午 org.apache.catalina.core.ApplicationContext log
信息: SessionListener: contextInitialized()
一月 04, 2017 4:58:41 下午 org.apache.catalina.core.ApplicationContext log
信息: ContextListener: attributeAdded('org.apache.jasper.compiler.TldLocationsCache', 'org.apache.jasper.compiler.TldLocationsCache@4b68db4f')
一月 04, 2017 5:09:33 下午 org.apache.catalina.core.StandardWrapperValve invoke
严重: Servlet.service() for servlet [portal-action] in context with path [/Weixin] threw exception [Request processing failed; nested exception is java.lang.NumberFormatException: null] with root cause
java.lang.NumberFormatException: null
	at java.lang.Integer.parseInt(Integer.java:542)
	at java.lang.Integer.parseInt(Integer.java:615)
	at com.web.action.LotteryShakeAction.calcuPrize(LotteryShakeAction.java:141)
	at sun.reflect.NativeMethodAccessorImpl.invoke0(Native Method)
	at sun.reflect.NativeMethodAccessorImpl.invoke(NativeMethodAccessorImpl.java:62)
	at sun.reflect.DelegatingMethodAccessorImpl.invoke(DelegatingMethodAccessorImpl.java:43)
	at java.lang.reflect.Method.invoke(Method.java:498)
	at org.springframework.web.method.support.InvocableHandlerMethod.invoke(InvocableHandlerMethod.java:215)
	at org.springframework.web.method.support.InvocableHandlerMethod.invokeForRequest(InvocableHandlerMethod.java:132)
	at org.springframework.web.servlet.mvc.method.annotation.ServletInvocableHandlerMethod.invokeAndHandle(ServletInvocableHandlerMethod.java:104)
	at org.springframework.web.servlet.mvc.method.annotation.RequestMappingHandlerAdapter.invokeHandleMethod(RequestMappingHandlerAdapter.java:749)
	at org.springframework.web.servlet.mvc.method.annotation.RequestMappingHandlerAdapter.handleInternal(RequestMappingHandlerAdapter.java:689)
	at org.springframework.web.servlet.mvc.method.AbstractHandlerMethodAdapter.handle(AbstractHandlerMethodAdapter.java:83)
	at org.springframework.web.servlet.DispatcherServlet.doDispatch(DispatcherServlet.java:938)
	at org.springframework.web.servlet.DispatcherServlet.doService(DispatcherServlet.java:870)
	at org.springframework.web.servlet.FrameworkServlet.processRequest(FrameworkServlet.java:961)
	at org.springframework.web.servlet.FrameworkServlet.doGet(FrameworkServlet.java:852)
	at javax.servlet.http.HttpServlet.service(HttpServlet.java:620)
	at org.springframework.web.servlet.FrameworkServlet.service(FrameworkServlet.java:837)
	at javax.servlet.http.HttpServlet.service(HttpServlet.java:727)
	at org.apache.catalina.core.ApplicationFilterChain.internalDoFilter(ApplicationFilterChain.java:303)
	at org.apache.catalina.core.ApplicationFilterChain.doFilter(ApplicationFilterChain.java:208)
	at org.apache.tomcat.websocket.server.WsFilter.doFilter(WsFilter.java:52)
	at org.apache.catalina.core.ApplicationFilterChain.internalDoFilter(ApplicationFilterChain.java:241)
	at org.apache.catalina.core.ApplicationFilterChain.doFilter(ApplicationFilterChain.java:208)
	at com.web.util.AclFilter.doFilter(AclFilter.java:33)
	at org.apache.catalina.core.ApplicationFilterChain.internalDoFilter(ApplicationFilterChain.java:241)
	at org.apache.catalina.core.ApplicationFilterChain.doFilter(ApplicationFilterChain.java:208)
	at org.springframework.web.filter.CharacterEncodingFilter.doFilterInternal(CharacterEncodingFilter.java:88)
	at org.springframework.web.filter.OncePerRequestFilter.doFilter(OncePerRequestFilter.java:107)
	at org.apache.catalina.core.ApplicationFilterChain.internalDoFilter(ApplicationFilterChain.java:241)
	at org.apache.catalina.core.ApplicationFilterChain.doFilter(ApplicationFilterChain.java:208)
	at org.apache.catalina.core.StandardWrapperValve.invoke(StandardWrapperValve.java:220)
	at org.apache.catalina.core.StandardContextValve.invoke(StandardContextValve.java:122)
	at org.apache.catalina.authenticator.AuthenticatorBase.invoke(AuthenticatorBase.java:503)
	at org.apache.catalina.core.StandardHostValve.invoke(StandardHostValve.java:170)
	at org.apache.catalina.valves.ErrorReportValve.invoke(ErrorReportValve.java:103)
	at org.apache.catalina.valves.AccessLogValve.invoke(AccessLogValve.java:950)
	at org.apache.catalina.core.StandardEngineValve.invoke(StandardEngineValve.java:116)
	at org.apache.catalina.connector.CoyoteAdapter.service(CoyoteAdapter.java:421)
	at org.apache.coyote.http11.AbstractHttp11Processor.process(AbstractHttp11Processor.java:1070)
	at org.apache.coyote.AbstractProtocol$AbstractConnectionHandler.process(AbstractProtocol.java:611)
	at org.apache.tomcat.util.net.JIoEndpoint$SocketProcessor.run(JIoEndpoint.java:314)
	at java.util.concurrent.ThreadPoolExecutor.runWorker(ThreadPoolExecutor.java:1142)
	at java.util.concurrent.ThreadPoolExecutor$Worker.run(ThreadPoolExecutor.java:617)
	at org.apache.tomcat.util.threads.TaskThread$WrappingRunnable.run(TaskThread.java:61)
	at java.lang.Thread.run(Thread.java:745)

一月 04, 2017 5:19:24 下午 org.apache.catalina.core.ApplicationContext log
信息: No Spring WebApplicationInitializer types detected on classpath
一月 04, 2017 5:19:24 下午 org.apache.catalina.core.ApplicationContext log
信息: Set web app root system property: 'webapp.root' = [D:\code\mycode\project-weixin\web-apps\weixin\]
一月 04, 2017 5:19:24 下午 org.apache.catalina.core.ApplicationContext log
信息: Initializing log4j from [D:\code\mycode\project-weixin\web-apps\weixin\WEB-INF\log4j.properties]
一月 04, 2017 5:19:24 下午 org.apache.catalina.core.ApplicationContext log
信息: Initializing Spring root WebApplicationContext
一月 04, 2017 5:19:28 下午 org.apache.catalina.core.ApplicationContext log
信息: Initializing Spring FrameworkServlet 'portal-action'
一月 04, 2017 5:19:30 下午 org.apache.catalina.core.ApplicationContext log
信息: ContextListener: contextInitialized()
一月 04, 2017 5:19:30 下午 org.apache.catalina.core.ApplicationContext log
信息: SessionListener: contextInitialized()
一月 04, 2017 5:19:30 下午 org.apache.catalina.core.ApplicationContext log
信息: ContextListener: attributeAdded('org.apache.jasper.compiler.TldLocationsCache', 'org.apache.jasper.compiler.TldLocationsCache@2cdc430')
一月 04, 2017 5:29:01 下午 org.apache.catalina.core.ApplicationContext log
信息: No Spring WebApplicationInitializer types detected on classpath
一月 04, 2017 5:29:01 下午 org.apache.catalina.core.ApplicationContext log
信息: Set web app root system property: 'webapp.root' = [D:\code\mycode\project-weixin\web-apps\weixin\]
一月 04, 2017 5:29:01 下午 org.apache.catalina.core.ApplicationContext log
信息: Initializing log4j from [D:\code\mycode\project-weixin\web-apps\weixin\WEB-INF\log4j.properties]
一月 04, 2017 5:29:01 下午 org.apache.catalina.core.ApplicationContext log
信息: Initializing Spring root WebApplicationContext
一月 04, 2017 5:29:05 下午 org.apache.catalina.core.ApplicationContext log
信息: Initializing Spring FrameworkServlet 'portal-action'
一月 04, 2017 5:29:07 下午 org.apache.catalina.core.ApplicationContext log
信息: ContextListener: contextInitialized()
一月 04, 2017 5:29:07 下午 org.apache.catalina.core.ApplicationContext log
信息: SessionListener: contextInitialized()
一月 04, 2017 5:29:07 下午 org.apache.catalina.core.ApplicationContext log
信息: ContextListener: attributeAdded('org.apache.jasper.compiler.TldLocationsCache', 'org.apache.jasper.compiler.TldLocationsCache@2cdc430')
一月 04, 2017 5:37:13 下午 org.apache.catalina.core.ApplicationContext log
信息: No Spring WebApplicationInitializer types detected on classpath
一月 04, 2017 5:37:13 下午 org.apache.catalina.core.ApplicationContext log
信息: Set web app root system property: 'webapp.root' = [D:\code\mycode\project-weixin\web-apps\weixin\]
一月 04, 2017 5:37:13 下午 org.apache.catalina.core.ApplicationContext log
信息: Initializing log4j from [D:\code\mycode\project-weixin\web-apps\weixin\WEB-INF\log4j.properties]
一月 04, 2017 5:37:13 下午 org.apache.catalina.core.ApplicationContext log
信息: Initializing Spring root WebApplicationContext
一月 04, 2017 5:37:20 下午 org.apache.catalina.core.ApplicationContext log
信息: Initializing Spring FrameworkServlet 'portal-action'
一月 04, 2017 5:37:22 下午 org.apache.catalina.core.ApplicationContext log
信息: ContextListener: contextInitialized()
一月 04, 2017 5:37:22 下午 org.apache.catalina.core.ApplicationContext log
信息: SessionListener: contextInitialized()
一月 04, 2017 5:37:22 下午 org.apache.catalina.core.ApplicationContext log
信息: ContextListener: attributeAdded('org.apache.jasper.compiler.TldLocationsCache', 'org.apache.jasper.compiler.TldLocationsCache@5ffe5635')
一月 04, 2017 5:47:37 下午 org.apache.catalina.core.ApplicationContext log
信息: No Spring WebApplicationInitializer types detected on classpath
一月 04, 2017 5:47:37 下午 org.apache.catalina.core.ApplicationContext log
信息: Set web app root system property: 'webapp.root' = [D:\code\mycode\project-weixin\web-apps\weixin\]
一月 04, 2017 5:47:37 下午 org.apache.catalina.core.ApplicationContext log
信息: Initializing log4j from [D:\code\mycode\project-weixin\web-apps\weixin\WEB-INF\log4j.properties]
一月 04, 2017 5:47:37 下午 org.apache.catalina.core.ApplicationContext log
信息: Initializing Spring root WebApplicationContext
一月 04, 2017 5:47:41 下午 org.apache.catalina.core.ApplicationContext log
信息: Initializing Spring FrameworkServlet 'portal-action'
一月 04, 2017 5:47:44 下午 org.apache.catalina.core.ApplicationContext log
信息: ContextListener: contextInitialized()
一月 04, 2017 5:47:44 下午 org.apache.catalina.core.ApplicationContext log
信息: SessionListener: contextInitialized()
一月 04, 2017 5:47:44 下午 org.apache.catalina.core.ApplicationContext log
信息: ContextListener: attributeAdded('org.apache.jasper.compiler.TldLocationsCache', 'org.apache.jasper.compiler.TldLocationsCache@20db3dc8')
